<?xml version="1.0" encoding="UTF-8"?>
<coverage generated="1737858114302" clover="3.2.0">
  <project timestamp="1737858114302" name="All files">
    <metrics statements="11" coveredstatements="10" conditionals="15" coveredconditionals="8" methods="2" coveredmethods="2" elements="28" coveredelements="20" complexity="0" loc="11" ncloc="11" packages="3" files="4" classes="4"/>
    <package name="components">
      <metrics statements="3" coveredstatements="3" conditionals="11" coveredconditionals="6" methods="1" coveredmethods="1"/>
      <file name="ThemedText.tsx" path="/Users/mouhamedcoundoul/Downloads/School/3rd Year/Winter 2025/SOEN 390/Campus-Mobile-App/SOEN-390-Mini-Capstone/map-application/components/ThemedText.tsx">
        <metrics statements="3" coveredstatements="3" conditionals="11" coveredconditionals="6" methods="1" coveredmethods="1"/>
        <line num="18" count="1" type="stmt"/>
        <line num="20" count="1" type="stmt"/>
        <line num="36" count="1" type="stmt"/>
      </file>
    </package>
    <package name="constants">
      <metrics statements="3" coveredstatements="3" conditionals="0" coveredconditionals="0" methods="0" coveredmethods="0"/>
      <file name="Colors.ts" path="/Users/mouhamedcoundoul/Downloads/School/3rd Year/Winter 2025/SOEN 390/Campus-Mobile-App/SOEN-390-Mini-Capstone/map-application/constants/Colors.ts">
        <metrics statements="3" coveredstatements="3" conditionals="0" coveredconditionals="0" methods="0" coveredmethods="0"/>
        <line num="6" count="1" type="stmt"/>
        <line num="7" count="1" type="stmt"/>
        <line num="9" count="1" type="stmt"/>
      </file>
    </package>
    <package name="hooks">
      <metrics statements="5" coveredstatements="4" conditionals="4" coveredconditionals="2" methods="1" coveredmethods="1"/>
      <file name="useColorScheme.ts" path="/Users/mouhamedcoundoul/Downloads/School/3rd Year/Winter 2025/SOEN 390/Campus-Mobile-App/SOEN-390-Mini-Capstone/map-application/hooks/useColorScheme.ts">
        <metrics statements="0" coveredstatements="0" conditionals="0" coveredconditionals="0" methods="0" coveredmethods="0"/>
      </file>
      <file name="useThemeColor.ts" path="/Users/mouhamedcoundoul/Downloads/School/3rd Year/Winter 2025/SOEN 390/Campus-Mobile-App/SOEN-390-Mini-Capstone/map-application/hooks/useThemeColor.ts">
        <metrics statements="5" coveredstatements="4" conditionals="4" coveredconditionals="2" methods="1" coveredmethods="1"/>
        <line num="13" count="1" type="cond" truecount="1" falsecount="1"/>
        <line num="14" count="1" type="stmt"/>
        <line num="16" count="1" type="cond" truecount="1" falsecount="1"/>
        <line num="17" count="0" type="stmt"/>
        <line num="19" count="1" type="stmt"/>
      </file>
    </package>
  </project>
</coverage>
