{"/Users/mouhamedcoundoul/Downloads/School/3rd Year/Winter 2025/SOEN 390/Campus-Mobile-App/SOEN-390-Mini-Capstone/map-application/components/ThemedText.tsx": {"path":"/Users/mouhamedcoundoul/Downloads/School/3rd Year/Winter 2025/SOEN 390/Campus-Mobile-App/SOEN-390-Mini-Capstone/map-application/components/ThemedText.tsx","statementMap":{"0":{"start":{"line":18,"column":16},"end":{"line":18,"column":77}},"1":{"start":{"line":20,"column":2},"end":{"line":33,"column":4}},"2":{"start":{"line":36,"column":15},"end":{"line":60,"column":2}}},"fnMap":{"0":{"name":"ThemedText","decl":{"start":{"line":11,"column":16},"end":{"line":11,"column":26}},"loc":{"start":{"line":17,"column":20},"end":{"line":34,"column":1}},"line":17}},"branchMap":{"0":{"loc":{"start":{"line":15,"column":2},"end":{"line":15,"column":18}},"type":"default-arg","locations":[{"start":{"line":15,"column":9},"end":{"line":15,"column":18}}],"line":15},"1":{"loc":{"start":{"line":24,"column":8},"end":{"line":24,"column":55}},"type":"cond-expr","locations":[{"start":{"line":24,"column":29},"end":{"line":24,"column":43}},{"start":{"line":24,"column":46},"end":{"line":24,"column":55}}],"line":24},"2":{"loc":{"start":{"line":25,"column":8},"end":{"line":25,"column":51}},"type":"cond-expr","locations":[{"start":{"line":25,"column":27},"end":{"line":25,"column":39}},{"start":{"line":25,"column":42},"end":{"line":25,"column":51}}],"line":25},"3":{"loc":{"start":{"line":26,"column":8},"end":{"line":26,"column":71}},"type":"cond-expr","locations":[{"start":{"line":26,"column":37},"end":{"line":26,"column":59}},{"start":{"line":26,"column":62},"end":{"line":26,"column":71}}],"line":26},"4":{"loc":{"start":{"line":27,"column":8},"end":{"line":27,"column":57}},"type":"cond-expr","locations":[{"start":{"line":27,"column":30},"end":{"line":27,"column":45}},{"start":{"line":27,"column":48},"end":{"line":27,"column":57}}],"line":27},"5":{"loc":{"start":{"line":28,"column":8},"end":{"line":28,"column":49}},"type":"cond-expr","locations":[{"start":{"line":28,"column":26},"end":{"line":28,"column":37}},{"start":{"line":28,"column":40},"end":{"line":28,"column":49}}],"line":28}},"s":{"0":1,"1":1,"2":1},"f":{"0":1},"b":{"0":[1],"1":[1,0],"2":[0,1],"3":[0,1],"4":[0,1],"5":[0,1]},"_coverageSchema":"1a1c01bbd47fc00a2c39e90264f33305004495a9","hash":"ef33bbdfa71321aa95bb93a21b3662d31a5432c0"}
,"/Users/mouhamedcoundoul/Downloads/School/3rd Year/Winter 2025/SOEN 390/Campus-Mobile-App/SOEN-390-Mini-Capstone/map-application/constants/Colors.ts": {"path":"/Users/mouhamedcoundoul/Downloads/School/3rd Year/Winter 2025/SOEN 390/Campus-Mobile-App/SOEN-390-Mini-Capstone/map-application/constants/Colors.ts","statementMap":{"0":{"start":{"line":6,"column":23},"end":{"line":6,"column":32}},"1":{"start":{"line":7,"column":22},"end":{"line":7,"column":28}},"2":{"start":{"line":9,"column":22},"end":{"line":26,"column":1}}},"fnMap":{},"branchMap":{},"s":{"0":1,"1":1,"2":1},"f":{},"b":{},"_coverageSchema":"1a1c01bbd47fc00a2c39e90264f33305004495a9","hash":"500532bc0cfde074b65f3dd194622387cc9d0adc"}
,"/Users/mouhamedcoundoul/Downloads/School/3rd Year/Winter 2025/SOEN 390/Campus-Mobile-App/SOEN-390-Mini-Capstone/map-application/hooks/useColorScheme.ts": {"path":"/Users/mouhamedcoundoul/Downloads/School/3rd Year/Winter 2025/SOEN 390/Campus-Mobile-App/SOEN-390-Mini-Capstone/map-application/hooks/useColorScheme.ts","statementMap":{},"fnMap":{},"branchMap":{},"s":{},"f":{},"b":{},"_coverageSchema":"1a1c01bbd47fc00a2c39e90264f33305004495a9","hash":"a6a174634fe15e1330505b8ecda8feafc6538d63"}
,"/Users/mouhamedcoundoul/Downloads/School/3rd Year/Winter 2025/SOEN 390/Campus-Mobile-App/SOEN-390-Mini-Capstone/map-application/hooks/useThemeColor.ts": {"path":"/Users/mouhamedcoundoul/Downloads/School/3rd Year/Winter 2025/SOEN 390/Campus-Mobile-App/SOEN-390-Mini-Capstone/map-application/hooks/useThemeColor.ts","statementMap":{"0":{"start":{"line":13,"column":16},"end":{"line":13,"column":43}},"1":{"start":{"line":14,"column":25},"end":{"line":14,"column":37}},"2":{"start":{"line":16,"column":2},"end":{"line":20,"column":3}},"3":{"start":{"line":17,"column":4},"end":{"line":17,"column":26}},"4":{"start":{"line":19,"column":4},"end":{"line":19,"column":36}}},"fnMap":{"0":{"name":"useThemeColor","decl":{"start":{"line":9,"column":16},"end":{"line":9,"column":29}},"loc":{"start":{"line":12,"column":2},"end":{"line":21,"column":1}},"line":12}},"branchMap":{"0":{"loc":{"start":{"line":13,"column":16},"end":{"line":13,"column":43}},"type":"binary-expr","locations":[{"start":{"line":13,"column":16},"end":{"line":13,"column":32}},{"start":{"line":13,"column":36},"end":{"line":13,"column":43}}],"line":13},"1":{"loc":{"start":{"line":16,"column":2},"end":{"line":20,"column":3}},"type":"if","locations":[{"start":{"line":16,"column":2},"end":{"line":20,"column":3}},{"start":{"line":18,"column":9},"end":{"line":20,"column":3}}],"line":16}},"s":{"0":1,"1":1,"2":1,"3":0,"4":1},"f":{"0":1},"b":{"0":[1,0],"1":[0,1]},"_coverageSchema":"1a1c01bbd47fc00a2c39e90264f33305004495a9","hash":"1f13f2480b2f04c8101a093c97782a60477be0ed"}
}
