<?xml version="1.0" encoding="UTF-8"?>
<coverage generated="1739208994047" clover="3.2.0">
  <project timestamp="1739208994047" name="All files">
    <metrics statements="42" coveredstatements="40" conditionals="16" coveredconditionals="15" methods="18" coveredmethods="18" elements="76" coveredelements="73" complexity="0" loc="42" ncloc="42" packages="1" files="3" classes="3"/>
    <file name="CampusMap.tsx" path="/Users/mouhamedcoundoul/Downloads/School/3rd Year/Winter 2025/SOEN 390/SOEN-390-Mini-Capstone/lost-in-faubourg-app/components/CampusMap.tsx">
      <metrics statements="34" coveredstatements="32" conditionals="16" coveredconditionals="15" methods="12" coveredmethods="12"/>
      <line num="20" count="1" type="stmt"/>
      <line num="21" count="181" type="stmt"/>
      <line num="22" count="181" type="stmt"/>
      <line num="23" count="181" type="stmt"/>
      <line num="24" count="181" type="stmt"/>
      <line num="27" count="181" type="stmt"/>
      <line num="28" count="181" type="stmt"/>
      <line num="31" count="181" type="stmt"/>
      <line num="32" count="20634" type="stmt"/>
      <line num="33" count="20634" type="stmt"/>
      <line num="34" count="195480" type="stmt"/>
      <line num="35" count="195480" type="stmt"/>
      <line num="37" count="20634" type="stmt"/>
      <line num="44" count="10317" type="stmt"/>
      <line num="52" count="181" type="stmt"/>
      <line num="53" count="62" type="stmt"/>
      <line num="54" count="62" type="stmt"/>
      <line num="55" count="62" type="cond" truecount="1" falsecount="1"/>
      <line num="56" count="0" type="stmt"/>
      <line num="57" count="0" type="stmt"/>
      <line num="60" count="62" type="stmt"/>
      <line num="61" count="62" type="stmt"/>
      <line num="62" count="62" type="stmt"/>
      <line num="71" count="181" type="stmt"/>
      <line num="72" count="2" type="stmt"/>
      <line num="78" count="2" type="stmt"/>
      <line num="79" count="2" type="stmt"/>
      <line num="82" count="181" type="stmt"/>
      <line num="101" count="6783" type="stmt"/>
      <line num="108" count="57" type="stmt"/>
      <line num="114" count="6783" type="stmt"/>
      <line num="140" count="1" type="stmt"/>
      <line num="156" count="1" type="stmt"/>
      <line num="172" count="1" type="stmt"/>
    </file>
    <file name="HomeScreen.tsx" path="/Users/mouhamedcoundoul/Downloads/School/3rd Year/Winter 2025/SOEN 390/SOEN-390-Mini-Capstone/lost-in-faubourg-app/components/HomeScreen.tsx">
      <metrics statements="7" coveredstatements="7" conditionals="0" coveredconditionals="0" methods="6" coveredmethods="6"/>
      <line num="18" count="7" type="stmt"/>
      <line num="24" count="1" type="stmt"/>
      <line num="30" count="1" type="stmt"/>
      <line num="36" count="1" type="stmt"/>
      <line num="42" count="1" type="stmt"/>
      <line num="48" count="1" type="stmt"/>
      <line num="57" count="1" type="stmt"/>
    </file>
    <file name="polygonCoordinates.tsx" path="/Users/mouhamedcoundoul/Downloads/School/3rd Year/Winter 2025/SOEN 390/SOEN-390-Mini-Capstone/lost-in-faubourg-app/components/polygonCoordinates.tsx">
      <metrics statements="1" coveredstatements="1" conditionals="0" coveredconditionals="0" methods="0" coveredmethods="0"/>
      <line num="1" count="1" type="stmt"/>
    </file>
  </project>
</coverage>
