<?xml version="1.0" encoding="UTF-8"?>
<coverage generated="1741457094094" clover="3.2.0">
  <project timestamp="1741457094094" name="All files">
    <metrics statements="77" coveredstatements="74" conditionals="98" coveredconditionals="75" methods="32" coveredmethods="28" elements="207" coveredelements="177" complexity="0" loc="77" ncloc="77" packages="2" files="6" classes="6"/>
    <package name="assets.images.transportModes">
      <metrics statements="2" coveredstatements="2" conditionals="0" coveredconditionals="0" methods="0" coveredmethods="0"/>
      <file name="busBlack.png" path="/Users/mouhamedcoundoul/Downloads/SOEN-390/SOEN-390-Mini-Capstone/lost-in-faubourg-app/assets/images/transportModes/busBlack.png">
        <metrics statements="1" coveredstatements="1" conditionals="0" coveredconditionals="0" methods="0" coveredmethods="0"/>
        <line num="1" count="1" type="stmt"/>
      </file>
      <file name="busStation.png" path="/Users/mouhamedcoundoul/Downloads/SOEN-390/SOEN-390-Mini-Capstone/lost-in-faubourg-app/assets/images/transportModes/busStation.png">
        <metrics statements="1" coveredstatements="1" conditionals="0" coveredconditionals="0" methods="0" coveredmethods="0"/>
        <line num="1" count="1" type="stmt"/>
      </file>
    </package>
    <package name="components">
      <metrics statements="75" coveredstatements="72" conditionals="98" coveredconditionals="75" methods="32" coveredmethods="28"/>
      <file name="AccessibilitySettings.tsx" path="/Users/mouhamedcoundoul/Downloads/SOEN-390/SOEN-390-Mini-Capstone/lost-in-faubourg-app/components/AccessibilitySettings.tsx">
        <metrics statements="13" coveredstatements="12" conditionals="8" coveredconditionals="8" methods="7" coveredmethods="4"/>
        <line num="6" count="3" type="stmt"/>
        <line num="13" count="3" type="stmt"/>
        <line num="14" count="3" type="stmt"/>
        <line num="15" count="3" type="stmt"/>
        <line num="17" count="3" type="stmt"/>
        <line num="29" count="3" type="stmt"/>
        <line num="30" count="5" type="stmt"/>
        <line num="31" count="5" type="stmt"/>
        <line num="33" count="5" type="stmt"/>
        <line num="37" count="1" type="stmt"/>
        <line num="47" count="0" type="stmt"/>
        <line num="53" count="1" type="stmt"/>
        <line num="91" count="3" type="stmt"/>
      </file>
      <file name="CampusMap.tsx" path="/Users/mouhamedcoundoul/Downloads/SOEN-390/SOEN-390-Mini-Capstone/lost-in-faubourg-app/components/CampusMap.tsx">
        <metrics statements="47" coveredstatements="46" conditionals="64" coveredconditionals="54" methods="18" coveredmethods="17"/>
        <line num="24" count="1" type="stmt"/>
        <line num="25" count="256" type="stmt"/>
        <line num="26" count="256" type="stmt"/>
        <line num="27" count="256" type="stmt"/>
        <line num="28" count="256" type="stmt"/>
        <line num="29" count="256" type="stmt"/>
        <line num="30" count="256" type="stmt"/>
        <line num="31" count="256" type="stmt"/>
        <line num="34" count="256" type="stmt"/>
        <line num="35" count="256" type="stmt"/>
        <line num="38" count="256" type="stmt"/>
        <line num="39" count="29184" type="stmt"/>
        <line num="40" count="29184" type="stmt"/>
        <line num="41" count="276480" type="stmt"/>
        <line num="42" count="276480" type="stmt"/>
        <line num="44" count="29184" type="stmt"/>
        <line num="51" count="14592" type="stmt"/>
        <line num="60" count="256" type="cond" truecount="2" falsecount="0"/>
        <line num="75" count="256" type="stmt"/>
        <line num="76" count="67" type="stmt"/>
        <line num="77" count="67" type="stmt"/>
        <line num="78" count="67" type="cond" truecount="2" falsecount="0"/>
        <line num="79" count="1" type="stmt"/>
        <line num="80" count="1" type="stmt"/>
        <line num="83" count="66" type="stmt"/>
        <line num="84" count="66" type="stmt"/>
        <line num="85" count="66" type="stmt"/>
        <line num="95" count="256" type="stmt"/>
        <line num="97" count="67" type="stmt"/>
        <line num="98" count="67" type="stmt"/>
        <line num="102" count="67" type="stmt"/>
        <line num="103" count="67" type="stmt"/>
        <line num="107" count="256" type="stmt"/>
        <line num="108" count="2" type="stmt"/>
        <line num="114" count="2" type="stmt"/>
        <line num="115" count="2" type="stmt"/>
        <line num="118" count="256" type="stmt"/>
        <line num="119" count="0" type="stmt"/>
        <line num="122" count="256" type="stmt"/>
        <line num="145" count="6954" type="stmt"/>
        <line num="152" count="57" type="stmt"/>
        <line num="159" count="6954" type="stmt"/>
        <line num="170" count="122" type="stmt"/>
        <line num="192" count="122" type="stmt"/>
        <line num="237" count="1" type="stmt"/>
        <line num="257" count="1" type="stmt"/>
        <line num="285" count="1" type="stmt"/>
      </file>
      <file name="HomeScreen.tsx" path="/Users/mouhamedcoundoul/Downloads/SOEN-390/SOEN-390-Mini-Capstone/lost-in-faubourg-app/components/HomeScreen.tsx">
        <metrics statements="14" coveredstatements="13" conditionals="26" coveredconditionals="13" methods="7" coveredmethods="7"/>
        <line num="20" count="8" type="stmt"/>
        <line num="22" count="8" type="stmt"/>
        <line num="23" count="1" type="stmt"/>
        <line num="24" count="1" type="stmt"/>
        <line num="26" count="1" type="cond" truecount="1" falsecount="1"/>
        <line num="27" count="1" type="stmt"/>
        <line num="29" count="0" type="stmt"/>
        <line num="34" count="8" type="stmt"/>
        <line num="40" count="1" type="stmt"/>
        <line num="46" count="1" type="stmt"/>
        <line num="52" count="1" type="stmt"/>
        <line num="58" count="1" type="stmt"/>
        <line num="64" count="1" type="stmt"/>
        <line num="81" count="1" type="stmt"/>
      </file>
      <file name="polygonCoordinates.tsx" path="/Users/mouhamedcoundoul/Downloads/SOEN-390/SOEN-390-Mini-Capstone/lost-in-faubourg-app/components/polygonCoordinates.tsx">
        <metrics statements="1" coveredstatements="1" conditionals="0" coveredconditionals="0" methods="0" coveredmethods="0"/>
        <line num="1" count="1" type="stmt"/>
      </file>
    </package>
  </project>
</coverage>
