{"/Users/mouhamedcoundoul/Downloads/SOEN-390/SOEN-390-Mini-Capstone/lost-in-faubourg-app/__tests__/helpers/directionsTestHelpers.tsx": {"path":"/Users/mouhamedcoundoul/Downloads/SOEN-390/SOEN-390-Mini-Capstone/lost-in-faubourg-app/__tests__/helpers/directionsTestHelpers.tsx","statementMap":{"0":{"start":{"line":9,"column":5},"end":{"line":18,"column":1}},"1":{"start":{"line":10,"column":2},"end":{"line":17,"column":4}},"2":{"start":{"line":21,"column":38},"end":{"line":28,"column":1}},"3":{"start":{"line":22,"column":2},"end":{"line":22,"column":39}},"4":{"start":{"line":23,"column":2},"end":{"line":27,"column":4}},"5":{"start":{"line":30,"column":30},"end":{"line":31,"column":62}},"6":{"start":{"line":31,"column":2},"end":{"line":31,"column":62}},"7":{"start":{"line":31,"column":12},"end":{"line":31,"column":61}},"8":{"start":{"line":31,"column":37},"end":{"line":31,"column":60}},"9":{"start":{"line":33,"column":26},"end":{"line":37,"column":1}},"10":{"start":{"line":35,"column":1},"end":{"line":35,"column":52}},"11":{"start":{"line":36,"column":1},"end":{"line":36,"column":27}},"12":{"start":{"line":39,"column":41},"end":{"line":47,"column":1}},"13":{"start":{"line":41,"column":20},"end":{"line":41,"column":56}},"14":{"start":{"line":42,"column":1},"end":{"line":42,"column":33}},"15":{"start":{"line":43,"column":1},"end":{"line":43,"column":29}},"16":{"start":{"line":44,"column":1},"end":{"line":44,"column":27}},"17":{"start":{"line":45,"column":1},"end":{"line":45,"column":59}},"18":{"start":{"line":46,"column":1},"end":{"line":46,"column":70}},"19":{"start":{"line":49,"column":28},"end":{"line":54,"column":1}},"20":{"start":{"line":50,"column":1},"end":{"line":50,"column":45}},"21":{"start":{"line":51,"column":1},"end":{"line":53,"column":4}},"22":{"start":{"line":52,"column":2},"end":{"line":52,"column":73}},"23":{"start":{"line":56,"column":32},"end":{"line":61,"column":1}},"24":{"start":{"line":57,"column":1},"end":{"line":57,"column":56}},"25":{"start":{"line":58,"column":1},"end":{"line":60,"column":4}},"26":{"start":{"line":59,"column":2},"end":{"line":59,"column":61}}},"fnMap":{"0":{"name":"(anonymous_0)","decl":{"start":{"line":9,"column":5},"end":{"line":9,"column":6}},"loc":{"start":{"line":9,"column":23},"end":{"line":18,"column":1}},"line":9},"1":{"name":"(anonymous_1)","decl":{"start":{"line":21,"column":38},"end":{"line":21,"column":39}},"loc":{"start":{"line":21,"column":55},"end":{"line":28,"column":1}},"line":21},"2":{"name":"(anonymous_2)","decl":{"start":{"line":30,"column":30},"end":{"line":30,"column":31}},"loc":{"start":{"line":31,"column":2},"end":{"line":31,"column":62}},"line":31},"3":{"name":"(anonymous_3)","decl":{"start":{"line":31,"column":6},"end":{"line":31,"column":7}},"loc":{"start":{"line":31,"column":12},"end":{"line":31,"column":61}},"line":31},"4":{"name":"(anonymous_4)","decl":{"start":{"line":31,"column":24},"end":{"line":31,"column":25}},"loc":{"start":{"line":31,"column":37},"end":{"line":31,"column":60}},"line":31},"5":{"name":"(anonymous_5)","decl":{"start":{"line":33,"column":26},"end":{"line":33,"column":27}},"loc":{"start":{"line":33,"column":51},"end":{"line":37,"column":1}},"line":33},"6":{"name":"(anonymous_6)","decl":{"start":{"line":39,"column":41},"end":{"line":39,"column":42}},"loc":{"start":{"line":39,"column":66},"end":{"line":47,"column":1}},"line":39},"7":{"name":"(anonymous_7)","decl":{"start":{"line":49,"column":28},"end":{"line":49,"column":29}},"loc":{"start":{"line":49,"column":69},"end":{"line":54,"column":1}},"line":49},"8":{"name":"(anonymous_8)","decl":{"start":{"line":51,"column":15},"end":{"line":51,"column":16}},"loc":{"start":{"line":51,"column":21},"end":{"line":53,"column":2}},"line":51},"9":{"name":"(anonymous_9)","decl":{"start":{"line":56,"column":32},"end":{"line":56,"column":33}},"loc":{"start":{"line":56,"column":82},"end":{"line":61,"column":1}},"line":56},"10":{"name":"(anonymous_10)","decl":{"start":{"line":58,"column":15},"end":{"line":58,"column":16}},"loc":{"start":{"line":58,"column":21},"end":{"line":60,"column":2}},"line":58}},"branchMap":{"0":{"loc":{"start":{"line":21,"column":39},"end":{"line":21,"column":50}},"type":"default-arg","locations":[{"start":{"line":21,"column":48},"end":{"line":21,"column":50}}],"line":21},"1":{"loc":{"start":{"line":30,"column":31},"end":{"line":30,"column":37}},"type":"default-arg","locations":[{"start":{"line":30,"column":36},"end":{"line":30,"column":37}}],"line":30}},"s":{"0":1,"1":18,"2":1,"3":18,"4":18,"5":1,"6":28,"7":28,"8":28,"9":1,"10":3,"11":3,"12":1,"13":1,"14":1,"15":1,"16":1,"17":1,"18":1,"19":1,"20":4,"21":4,"22":4,"23":1,"24":1,"25":1,"26":1},"f":{"0":18,"1":18,"2":28,"3":28,"4":28,"5":3,"6":1,"7":4,"8":4,"9":1,"10":1},"b":{"0":[10],"1":[0]},"_coverageSchema":"1a1c01bbd47fc00a2c39e90264f33305004495a9","hash":"f3f39d7d4aa9851a2bbd71ffe381627a948ff6c2"}
,"/Users/mouhamedcoundoul/Downloads/SOEN-390/SOEN-390-Mini-Capstone/lost-in-faubourg-app/assets/images/transportModes/bikeBlack.png": {"path":"/Users/mouhamedcoundoul/Downloads/SOEN-390/SOEN-390-Mini-Capstone/lost-in-faubourg-app/assets/images/transportModes/bikeBlack.png","statementMap":{"0":{"start":{"line":1,"column":0},"end":{"line":4,"column":6}}},"fnMap":{},"branchMap":{},"s":{"0":1},"f":{},"b":{},"_coverageSchema":"1a1c01bbd47fc00a2c39e90264f33305004495a9","hash":"4accb7c756fc424a1f64a394f3653fa3dce2da25"}
,"/Users/mouhamedcoundoul/Downloads/SOEN-390/SOEN-390-Mini-Capstone/lost-in-faubourg-app/assets/images/transportModes/busBlack.png": {"path":"/Users/mouhamedcoundoul/Downloads/SOEN-390/SOEN-390-Mini-Capstone/lost-in-faubourg-app/assets/images/transportModes/busBlack.png","statementMap":{"0":{"start":{"line":1,"column":0},"end":{"line":4,"column":6}}},"fnMap":{},"branchMap":{},"s":{"0":2},"f":{},"b":{},"_coverageSchema":"1a1c01bbd47fc00a2c39e90264f33305004495a9","hash":"3b8b43ac16ec4649981614ed6348629674b04045"}
,"/Users/mouhamedcoundoul/Downloads/SOEN-390/SOEN-390-Mini-Capstone/lost-in-faubourg-app/assets/images/transportModes/busStation.png": {"path":"/Users/mouhamedcoundoul/Downloads/SOEN-390/SOEN-390-Mini-Capstone/lost-in-faubourg-app/assets/images/transportModes/busStation.png","statementMap":{"0":{"start":{"line":1,"column":0},"end":{"line":4,"column":6}}},"fnMap":{},"branchMap":{},"s":{"0":1},"f":{},"b":{},"_coverageSchema":"1a1c01bbd47fc00a2c39e90264f33305004495a9","hash":"159fb867ee09c5efc7608f44ed9a587a6cdb3fef"}
,"/Users/mouhamedcoundoul/Downloads/SOEN-390/SOEN-390-Mini-Capstone/lost-in-faubourg-app/assets/images/transportModes/carBlack.png": {"path":"/Users/mouhamedcoundoul/Downloads/SOEN-390/SOEN-390-Mini-Capstone/lost-in-faubourg-app/assets/images/transportModes/carBlack.png","statementMap":{"0":{"start":{"line":1,"column":0},"end":{"line":4,"column":6}}},"fnMap":{},"branchMap":{},"s":{"0":1},"f":{},"b":{},"_coverageSchema":"1a1c01bbd47fc00a2c39e90264f33305004495a9","hash":"02ab99476aa82827e91e26a998f3225c90ded66e"}
,"/Users/mouhamedcoundoul/Downloads/SOEN-390/SOEN-390-Mini-Capstone/lost-in-faubourg-app/assets/images/transportModes/carWhite.png": {"path":"/Users/mouhamedcoundoul/Downloads/SOEN-390/SOEN-390-Mini-Capstone/lost-in-faubourg-app/assets/images/transportModes/carWhite.png","statementMap":{"0":{"start":{"line":1,"column":0},"end":{"line":4,"column":6}}},"fnMap":{},"branchMap":{},"s":{"0":1},"f":{},"b":{},"_coverageSchema":"1a1c01bbd47fc00a2c39e90264f33305004495a9","hash":"ac4f393ff8a30e88429acecd318ad59f10ac5901"}
,"/Users/mouhamedcoundoul/Downloads/SOEN-390/SOEN-390-Mini-Capstone/lost-in-faubourg-app/assets/images/transportModes/walkBlack.png": {"path":"/Users/mouhamedcoundoul/Downloads/SOEN-390/SOEN-390-Mini-Capstone/lost-in-faubourg-app/assets/images/transportModes/walkBlack.png","statementMap":{"0":{"start":{"line":1,"column":0},"end":{"line":4,"column":6}}},"fnMap":{},"branchMap":{},"s":{"0":1},"f":{},"b":{},"_coverageSchema":"1a1c01bbd47fc00a2c39e90264f33305004495a9","hash":"8284058a434ae018454e5407620151607d2add45"}
,"/Users/mouhamedcoundoul/Downloads/SOEN-390/SOEN-390-Mini-Capstone/lost-in-faubourg-app/assets/images/transportModes/walkWhite.png": {"path":"/Users/mouhamedcoundoul/Downloads/SOEN-390/SOEN-390-Mini-Capstone/lost-in-faubourg-app/assets/images/transportModes/walkWhite.png","statementMap":{"0":{"start":{"line":1,"column":0},"end":{"line":4,"column":6}}},"fnMap":{},"branchMap":{},"s":{"0":1},"f":{},"b":{},"_coverageSchema":"1a1c01bbd47fc00a2c39e90264f33305004495a9","hash":"1eded991db7baa3d9d046cbe91a6cec31fab2643"}
,"/Users/mouhamedcoundoul/Downloads/SOEN-390/SOEN-390-Mini-Capstone/lost-in-faubourg-app/components/AccessibilitySettings.tsx": {"path":"/Users/mouhamedcoundoul/Downloads/SOEN-390/SOEN-390-Mini-Capstone/lost-in-faubourg-app/components/AccessibilitySettings.tsx","statementMap":{"0":{"start":{"line":6,"column":36},"end":{"line":11,"column":2}},"1":{"start":{"line":13,"column":78},"end":{"line":27,"column":1}},"2":{"start":{"line":14,"column":50},"end":{"line":14,"column":65}},"3":{"start":{"line":15,"column":42},"end":{"line":15,"column":57}},"4":{"start":{"line":17,"column":4},"end":{"line":26,"column":6}},"5":{"start":{"line":29,"column":30},"end":{"line":89,"column":1}},"6":{"start":{"line":30,"column":44},"end":{"line":30,"column":59}},"7":{"start":{"line":31,"column":81},"end":{"line":31,"column":119}},"8":{"start":{"line":33,"column":4},"end":{"line":88,"column":6}},"9":{"start":{"line":37,"column":31},"end":{"line":37,"column":52}},"10":{"start":{"line":47,"column":38},"end":{"line":47,"column":60}},"11":{"start":{"line":53,"column":43},"end":{"line":53,"column":65}},"12":{"start":{"line":91,"column":15},"end":{"line":148,"column":2}}},"fnMap":{"0":{"name":"(anonymous_0)","decl":{"start":{"line":9,"column":24},"end":{"line":9,"column":25}},"loc":{"start":{"line":9,"column":44},"end":{"line":9,"column":46}},"line":9},"1":{"name":"(anonymous_1)","decl":{"start":{"line":10,"column":20},"end":{"line":10,"column":21}},"loc":{"start":{"line":10,"column":40},"end":{"line":10,"column":42}},"line":10},"2":{"name":"(anonymous_2)","decl":{"start":{"line":13,"column":78},"end":{"line":13,"column":79}},"loc":{"start":{"line":13,"column":96},"end":{"line":27,"column":1}},"line":13},"3":{"name":"(anonymous_3)","decl":{"start":{"line":29,"column":30},"end":{"line":29,"column":31}},"loc":{"start":{"line":29,"column":36},"end":{"line":89,"column":1}},"line":29},"4":{"name":"(anonymous_4)","decl":{"start":{"line":37,"column":25},"end":{"line":37,"column":26}},"loc":{"start":{"line":37,"column":31},"end":{"line":37,"column":52}},"line":37},"5":{"name":"(anonymous_5)","decl":{"start":{"line":47,"column":32},"end":{"line":47,"column":33}},"loc":{"start":{"line":47,"column":38},"end":{"line":47,"column":60}},"line":47},"6":{"name":"(anonymous_6)","decl":{"start":{"line":53,"column":37},"end":{"line":53,"column":38}},"loc":{"start":{"line":53,"column":43},"end":{"line":53,"column":65}},"line":53}},"branchMap":{"0":{"loc":{"start":{"line":50,"column":55},"end":{"line":50,"column":94}},"type":"binary-expr","locations":[{"start":{"line":50,"column":55},"end":{"line":50,"column":70}},{"start":{"line":50,"column":74},"end":{"line":50,"column":94}}],"line":50},"1":{"loc":{"start":{"line":59,"column":53},"end":{"line":59,"column":84}},"type":"binary-expr","locations":[{"start":{"line":59,"column":53},"end":{"line":59,"column":64}},{"start":{"line":59,"column":68},"end":{"line":59,"column":84}}],"line":59},"2":{"loc":{"start":{"line":64,"column":61},"end":{"line":64,"column":92}},"type":"binary-expr","locations":[{"start":{"line":64,"column":61},"end":{"line":64,"column":72}},{"start":{"line":64,"column":76},"end":{"line":64,"column":92}}],"line":64},"3":{"loc":{"start":{"line":75,"column":61},"end":{"line":75,"column":92}},"type":"binary-expr","locations":[{"start":{"line":75,"column":61},"end":{"line":75,"column":72}},{"start":{"line":75,"column":76},"end":{"line":75,"column":92}}],"line":75}},"s":{"0":4,"1":4,"2":3,"3":3,"4":3,"5":4,"6":5,"7":5,"8":5,"9":1,"10":0,"11":1,"12":4},"f":{"0":0,"1":0,"2":3,"3":5,"4":1,"5":0,"6":1},"b":{"0":[5,3],"1":[5,2],"2":[5,2],"3":[5,2]},"_coverageSchema":"1a1c01bbd47fc00a2c39e90264f33305004495a9","hash":"a4078cad28de46e64120641312fdde8fcc2c84e3"}
,"/Users/mouhamedcoundoul/Downloads/SOEN-390/SOEN-390-Mini-Capstone/lost-in-faubourg-app/components/CampusMap.tsx": {"path":"/Users/mouhamedcoundoul/Downloads/SOEN-390/SOEN-390-Mini-Capstone/lost-in-faubourg-app/components/CampusMap.tsx","statementMap":{"0":{"start":{"line":29,"column":35},"end":{"line":32,"column":1}},"1":{"start":{"line":33,"column":38},"end":{"line":36,"column":1}},"2":{"start":{"line":38,"column":25},"end":{"line":49,"column":1}},"3":{"start":{"line":39,"column":15},"end":{"line":39,"column":16}},"4":{"start":{"line":40,"column":13},"end":{"line":40,"column":14}},"5":{"start":{"line":41,"column":2},"end":{"line":44,"column":5}},"6":{"start":{"line":42,"column":4},"end":{"line":42,"column":29}},"7":{"start":{"line":43,"column":4},"end":{"line":43,"column":30}},"8":{"start":{"line":45,"column":2},"end":{"line":48,"column":4}},"9":{"start":{"line":51,"column":24},"end":{"line":60,"column":1}},"10":{"start":{"line":52,"column":2},"end":{"line":59,"column":6}},"11":{"start":{"line":52,"column":43},"end":{"line":59,"column":3}},"12":{"start":{"line":62,"column":34},"end":{"line":82,"column":1}},"13":{"start":{"line":68,"column":19},"end":{"line":68,"column":69}},"14":{"start":{"line":69,"column":2},"end":{"line":72,"column":3}},"15":{"start":{"line":70,"column":4},"end":{"line":70,"column":60}},"16":{"start":{"line":71,"column":4},"end":{"line":71,"column":11}},"17":{"start":{"line":74,"column":24},"end":{"line":74,"column":66}},"18":{"start":{"line":75,"column":2},"end":{"line":75,"column":38}},"19":{"start":{"line":76,"column":2},"end":{"line":81,"column":5}},"20":{"start":{"line":84,"column":28},"end":{"line":310,"column":1}},"21":{"start":{"line":86,"column":4},"end":{"line":86,"column":42}},"22":{"start":{"line":88,"column":4},"end":{"line":88,"column":56}},"23":{"start":{"line":89,"column":30},"end":{"line":89,"column":59}},"24":{"start":{"line":90,"column":46},"end":{"line":90,"column":75}},"25":{"start":{"line":91,"column":50},"end":{"line":93,"column":3}},"26":{"start":{"line":94,"column":40},"end":{"line":94,"column":74}},"27":{"start":{"line":95,"column":42},"end":{"line":95,"column":65}},"28":{"start":{"line":96,"column":42},"end":{"line":96,"column":72}},"29":{"start":{"line":97,"column":50},"end":{"line":97,"column":73}},"30":{"start":{"line":98,"column":48},"end":{"line":98,"column":71}},"31":{"start":{"line":100,"column":20},"end":{"line":100,"column":37}},"32":{"start":{"line":102,"column":38},"end":{"line":117,"column":8}},"33":{"start":{"line":119,"column":2},"end":{"line":121,"column":9}},"34":{"start":{"line":120,"column":4},"end":{"line":120,"column":54}},"35":{"start":{"line":123,"column":2},"end":{"line":131,"column":9}},"36":{"start":{"line":124,"column":25},"end":{"line":126,"column":13}},"37":{"start":{"line":125,"column":6},"end":{"line":125,"column":27}},"38":{"start":{"line":128,"column":4},"end":{"line":130,"column":6}},"39":{"start":{"line":129,"column":6},"end":{"line":129,"column":21}},"40":{"start":{"line":133,"column":2},"end":{"line":149,"column":25}},"41":{"start":{"line":134,"column":30},"end":{"line":146,"column":5}},"42":{"start":{"line":135,"column":6},"end":{"line":138,"column":7}},"43":{"start":{"line":136,"column":8},"end":{"line":136,"column":46}},"44":{"start":{"line":137,"column":8},"end":{"line":137,"column":15}},"45":{"start":{"line":140,"column":20},"end":{"line":143,"column":7}},"46":{"start":{"line":145,"column":6},"end":{"line":145,"column":53}},"47":{"start":{"line":148,"column":4},"end":{"line":148,"column":24}},"48":{"start":{"line":151,"column":25},"end":{"line":160,"column":3}},"49":{"start":{"line":152,"column":4},"end":{"line":157,"column":7}},"50":{"start":{"line":158,"column":4},"end":{"line":158,"column":34}},"51":{"start":{"line":159,"column":4},"end":{"line":159,"column":30}},"52":{"start":{"line":162,"column":25},"end":{"line":164,"column":3}},"53":{"start":{"line":163,"column":4},"end":{"line":163,"column":35}},"54":{"start":{"line":166,"column":2},"end":{"line":309,"column":4}},"55":{"start":{"line":193,"column":12},"end":{"line":202,"column":14}},"56":{"start":{"line":200,"column":29},"end":{"line":200,"column":58}},"57":{"start":{"line":206,"column":12},"end":{"line":212,"column":14}},"58":{"start":{"line":217,"column":14},"end":{"line":233,"column":23}},"59":{"start":{"line":238,"column":14},"end":{"line":256,"column":23}},"60":{"start":{"line":277,"column":27},"end":{"line":277,"column":65}},"61":{"start":{"line":316,"column":5},"end":{"line":332,"column":1}},"62":{"start":{"line":317,"column":2},"end":{"line":331,"column":9}},"63":{"start":{"line":339,"column":5},"end":{"line":381,"column":1}},"64":{"start":{"line":340,"column":2},"end":{"line":380,"column":9}},"65":{"start":{"line":347,"column":21},"end":{"line":347,"column":54}},"66":{"start":{"line":367,"column":21},"end":{"line":367,"column":60}},"67":{"start":{"line":383,"column":15},"end":{"line":505,"column":2}}},"fnMap":{"0":{"name":"(anonymous_0)","decl":{"start":{"line":38,"column":25},"end":{"line":38,"column":26}},"loc":{"start":{"line":38,"column":75},"end":{"line":49,"column":1}},"line":38},"1":{"name":"(anonymous_1)","decl":{"start":{"line":41,"column":21},"end":{"line":41,"column":22}},"loc":{"start":{"line":41,"column":32},"end":{"line":44,"column":3}},"line":41},"2":{"name":"(anonymous_2)","decl":{"start":{"line":51,"column":24},"end":{"line":51,"column":25}},"loc":{"start":{"line":51,"column":30},"end":{"line":60,"column":1}},"line":51},"3":{"name":"(anonymous_3)","decl":{"start":{"line":52,"column":22},"end":{"line":52,"column":23}},"loc":{"start":{"line":52,"column":43},"end":{"line":59,"column":3}},"line":52},"4":{"name":"(anonymous_4)","decl":{"start":{"line":62,"column":34},"end":{"line":62,"column":35}},"loc":{"start":{"line":67,"column":5},"end":{"line":82,"column":1}},"line":67},"5":{"name":"(anonymous_5)","decl":{"start":{"line":84,"column":28},"end":{"line":84,"column":29}},"loc":{"start":{"line":84,"column":34},"end":{"line":310,"column":1}},"line":84},"6":{"name":"(anonymous_6)","decl":{"start":{"line":119,"column":12},"end":{"line":119,"column":13}},"loc":{"start":{"line":119,"column":18},"end":{"line":121,"column":3}},"line":119},"7":{"name":"(anonymous_7)","decl":{"start":{"line":123,"column":12},"end":{"line":123,"column":13}},"loc":{"start":{"line":123,"column":18},"end":{"line":131,"column":3}},"line":123},"8":{"name":"(anonymous_8)","decl":{"start":{"line":124,"column":46},"end":{"line":124,"column":47}},"loc":{"start":{"line":124,"column":56},"end":{"line":126,"column":5}},"line":124},"9":{"name":"(anonymous_9)","decl":{"start":{"line":128,"column":11},"end":{"line":128,"column":12}},"loc":{"start":{"line":128,"column":17},"end":{"line":130,"column":5}},"line":128},"10":{"name":"(anonymous_10)","decl":{"start":{"line":133,"column":12},"end":{"line":133,"column":13}},"loc":{"start":{"line":133,"column":18},"end":{"line":149,"column":3}},"line":133},"11":{"name":"(anonymous_11)","decl":{"start":{"line":134,"column":30},"end":{"line":134,"column":31}},"loc":{"start":{"line":134,"column":42},"end":{"line":146,"column":5}},"line":134},"12":{"name":"(anonymous_12)","decl":{"start":{"line":151,"column":25},"end":{"line":151,"column":26}},"loc":{"start":{"line":151,"column":79},"end":{"line":160,"column":3}},"line":151},"13":{"name":"(anonymous_13)","decl":{"start":{"line":162,"column":25},"end":{"line":162,"column":26}},"loc":{"start":{"line":162,"column":31},"end":{"line":164,"column":3}},"line":162},"14":{"name":"(anonymous_14)","decl":{"start":{"line":192,"column":25},"end":{"line":192,"column":26}},"loc":{"start":{"line":193,"column":12},"end":{"line":202,"column":14}},"line":193},"15":{"name":"(anonymous_15)","decl":{"start":{"line":200,"column":23},"end":{"line":200,"column":24}},"loc":{"start":{"line":200,"column":29},"end":{"line":200,"column":58}},"line":200},"16":{"name":"(anonymous_16)","decl":{"start":{"line":205,"column":24},"end":{"line":205,"column":25}},"loc":{"start":{"line":206,"column":12},"end":{"line":212,"column":14}},"line":206},"17":{"name":"(anonymous_17)","decl":{"start":{"line":216,"column":35},"end":{"line":216,"column":36}},"loc":{"start":{"line":217,"column":14},"end":{"line":233,"column":23}},"line":217},"18":{"name":"(anonymous_18)","decl":{"start":{"line":237,"column":38},"end":{"line":237,"column":39}},"loc":{"start":{"line":238,"column":14},"end":{"line":256,"column":23}},"line":238},"19":{"name":"(anonymous_19)","decl":{"start":{"line":277,"column":21},"end":{"line":277,"column":22}},"loc":{"start":{"line":277,"column":27},"end":{"line":277,"column":65}},"line":277},"20":{"name":"(anonymous_20)","decl":{"start":{"line":316,"column":5},"end":{"line":316,"column":6}},"loc":{"start":{"line":317,"column":2},"end":{"line":331,"column":9}},"line":317},"21":{"name":"(anonymous_21)","decl":{"start":{"line":339,"column":5},"end":{"line":339,"column":6}},"loc":{"start":{"line":340,"column":2},"end":{"line":380,"column":9}},"line":340},"22":{"name":"(anonymous_22)","decl":{"start":{"line":347,"column":15},"end":{"line":347,"column":16}},"loc":{"start":{"line":347,"column":21},"end":{"line":347,"column":54}},"line":347},"23":{"name":"(anonymous_23)","decl":{"start":{"line":367,"column":15},"end":{"line":367,"column":16}},"loc":{"start":{"line":367,"column":21},"end":{"line":367,"column":60}},"line":367}},"branchMap":{"0":{"loc":{"start":{"line":69,"column":2},"end":{"line":72,"column":3}},"type":"if","locations":[{"start":{"line":69,"column":2},"end":{"line":72,"column":3}},{"start":{},"end":{}}],"line":69},"1":{"loc":{"start":{"line":102,"column":38},"end":{"line":117,"column":8}},"type":"cond-expr","locations":[{"start":{"line":103,"column":6},"end":{"line":116,"column":7}},{"start":{"line":117,"column":6},"end":{"line":117,"column":8}}],"line":102},"2":{"loc":{"start":{"line":135,"column":6},"end":{"line":138,"column":7}},"type":"if","locations":[{"start":{"line":135,"column":6},"end":{"line":138,"column":7}},{"start":{},"end":{}}],"line":135},"3":{"loc":{"start":{"line":145,"column":22},"end":{"line":145,"column":51}},"type":"binary-expr","locations":[{"start":{"line":145,"column":22},"end":{"line":145,"column":27}},{"start":{"line":145,"column":31},"end":{"line":145,"column":51}}],"line":145},"4":{"loc":{"start":{"line":170,"column":8},"end":{"line":170,"column":56}},"type":"binary-expr","locations":[{"start":{"line":170,"column":8},"end":{"line":170,"column":23}},{"start":{"line":170,"column":27},"end":{"line":170,"column":56}}],"line":170},"5":{"loc":{"start":{"line":173,"column":7},"end":{"line":263,"column":7}},"type":"cond-expr","locations":[{"start":{"line":174,"column":8},"end":{"line":258,"column":18}},{"start":{"line":260,"column":8},"end":{"line":262,"column":15}}],"line":173},"6":{"loc":{"start":{"line":180,"column":11},"end":{"line":190,"column":11}},"type":"binary-expr","locations":[{"start":{"line":180,"column":11},"end":{"line":180,"column":19}},{"start":{"line":181,"column":12},"end":{"line":189,"column":14}}],"line":180},"7":{"loc":{"start":{"line":187,"column":24},"end":{"line":187,"column":58}},"type":"cond-expr","locations":[{"start":{"line":187,"column":42},"end":{"line":187,"column":49}},{"start":{"line":187,"column":52},"end":{"line":187,"column":58}}],"line":187},"8":{"loc":{"start":{"line":199,"column":24},"end":{"line":199,"column":57}},"type":"cond-expr","locations":[{"start":{"line":199,"column":42},"end":{"line":199,"column":49}},{"start":{"line":199,"column":52},"end":{"line":199,"column":57}}],"line":199},"9":{"loc":{"start":{"line":209,"column":25},"end":{"line":209,"column":68}},"type":"cond-expr","locations":[{"start":{"line":209,"column":43},"end":{"line":209,"column":54}},{"start":{"line":209,"column":57},"end":{"line":209,"column":68}}],"line":209},"10":{"loc":{"start":{"line":210,"column":27},"end":{"line":210,"column":68}},"type":"cond-expr","locations":[{"start":{"line":210,"column":45},"end":{"line":210,"column":54}},{"start":{"line":210,"column":57},"end":{"line":210,"column":68}}],"line":210},"11":{"loc":{"start":{"line":211,"column":27},"end":{"line":211,"column":50}},"type":"cond-expr","locations":[{"start":{"line":211,"column":45},"end":{"line":211,"column":46}},{"start":{"line":211,"column":49},"end":{"line":211,"column":50}}],"line":211},"12":{"loc":{"start":{"line":215,"column":11},"end":{"line":234,"column":14}},"type":"binary-expr","locations":[{"start":{"line":215,"column":11},"end":{"line":215,"column":23}},{"start":{"line":216,"column":12},"end":{"line":234,"column":14}}],"line":215},"13":{"loc":{"start":{"line":236,"column":11},"end":{"line":257,"column":14}},"type":"binary-expr","locations":[{"start":{"line":236,"column":11},"end":{"line":236,"column":23}},{"start":{"line":237,"column":12},"end":{"line":257,"column":14}}],"line":236},"14":{"loc":{"start":{"line":245,"column":18},"end":{"line":245,"column":76}},"type":"cond-expr","locations":[{"start":{"line":245,"column":46},"end":{"line":245,"column":61}},{"start":{"line":245,"column":64},"end":{"line":245,"column":76}}],"line":245},"15":{"loc":{"start":{"line":260,"column":39},"end":{"line":260,"column":70}},"type":"binary-expr","locations":[{"start":{"line":260,"column":39},"end":{"line":260,"column":50}},{"start":{"line":260,"column":54},"end":{"line":260,"column":70}}],"line":260},"16":{"loc":{"start":{"line":265,"column":7},"end":{"line":291,"column":7}},"type":"binary-expr","locations":[{"start":{"line":265,"column":7},"end":{"line":265,"column":23}},{"start":{"line":266,"column":8},"end":{"line":290,"column":15}}],"line":265},"17":{"loc":{"start":{"line":279,"column":26},"end":{"line":279,"column":57}},"type":"binary-expr","locations":[{"start":{"line":279,"column":26},"end":{"line":279,"column":37}},{"start":{"line":279,"column":41},"end":{"line":279,"column":57}}],"line":279},"18":{"loc":{"start":{"line":280,"column":15},"end":{"line":280,"column":77}},"type":"cond-expr","locations":[{"start":{"line":280,"column":34},"end":{"line":280,"column":54}},{"start":{"line":280,"column":57},"end":{"line":280,"column":77}}],"line":280},"19":{"loc":{"start":{"line":285,"column":11},"end":{"line":289,"column":11}},"type":"binary-expr","locations":[{"start":{"line":285,"column":11},"end":{"line":285,"column":27}},{"start":{"line":286,"column":12},"end":{"line":288,"column":19}}],"line":285},"20":{"loc":{"start":{"line":286,"column":46},"end":{"line":286,"column":77}},"type":"binary-expr","locations":[{"start":{"line":286,"column":46},"end":{"line":286,"column":57}},{"start":{"line":286,"column":61},"end":{"line":286,"column":77}}],"line":286},"21":{"loc":{"start":{"line":305,"column":11},"end":{"line":305,"column":59}},"type":"cond-expr","locations":[{"start":{"line":305,"column":26},"end":{"line":305,"column":41}},{"start":{"line":305,"column":44},"end":{"line":305,"column":59}}],"line":305},"22":{"loc":{"start":{"line":317,"column":16},"end":{"line":317,"column":64}},"type":"binary-expr","locations":[{"start":{"line":317,"column":16},"end":{"line":317,"column":31}},{"start":{"line":317,"column":35},"end":{"line":317,"column":64}}],"line":317},"23":{"loc":{"start":{"line":318,"column":39},"end":{"line":318,"column":70}},"type":"binary-expr","locations":[{"start":{"line":318,"column":39},"end":{"line":318,"column":50}},{"start":{"line":318,"column":54},"end":{"line":318,"column":70}}],"line":318},"24":{"loc":{"start":{"line":321,"column":38},"end":{"line":321,"column":69}},"type":"binary-expr","locations":[{"start":{"line":321,"column":38},"end":{"line":321,"column":49}},{"start":{"line":321,"column":53},"end":{"line":321,"column":69}}],"line":321},"25":{"loc":{"start":{"line":325,"column":35},"end":{"line":325,"column":66}},"type":"binary-expr","locations":[{"start":{"line":325,"column":35},"end":{"line":325,"column":46}},{"start":{"line":325,"column":50},"end":{"line":325,"column":66}}],"line":325},"26":{"loc":{"start":{"line":328,"column":38},"end":{"line":328,"column":69}},"type":"binary-expr","locations":[{"start":{"line":328,"column":38},"end":{"line":328,"column":49}},{"start":{"line":328,"column":53},"end":{"line":328,"column":69}}],"line":328},"27":{"loc":{"start":{"line":344,"column":8},"end":{"line":344,"column":57}},"type":"binary-expr","locations":[{"start":{"line":344,"column":8},"end":{"line":344,"column":32}},{"start":{"line":344,"column":36},"end":{"line":344,"column":57}}],"line":344},"28":{"loc":{"start":{"line":345,"column":8},"end":{"line":345,"column":53}},"type":"binary-expr","locations":[{"start":{"line":345,"column":8},"end":{"line":345,"column":23}},{"start":{"line":345,"column":27},"end":{"line":345,"column":53}}],"line":345},"29":{"loc":{"start":{"line":352,"column":10},"end":{"line":352,"column":63}},"type":"binary-expr","locations":[{"start":{"line":352,"column":10},"end":{"line":352,"column":34}},{"start":{"line":352,"column":38},"end":{"line":352,"column":63}}],"line":352},"30":{"loc":{"start":{"line":353,"column":10},"end":{"line":353,"column":41}},"type":"binary-expr","locations":[{"start":{"line":353,"column":10},"end":{"line":353,"column":21}},{"start":{"line":353,"column":25},"end":{"line":353,"column":41}}],"line":353},"31":{"loc":{"start":{"line":354,"column":10},"end":{"line":354,"column":53}},"type":"binary-expr","locations":[{"start":{"line":354,"column":10},"end":{"line":354,"column":25}},{"start":{"line":354,"column":29},"end":{"line":354,"column":53}}],"line":354},"32":{"loc":{"start":{"line":364,"column":8},"end":{"line":364,"column":60}},"type":"binary-expr","locations":[{"start":{"line":364,"column":8},"end":{"line":364,"column":35}},{"start":{"line":364,"column":39},"end":{"line":364,"column":60}}],"line":364},"33":{"loc":{"start":{"line":365,"column":8},"end":{"line":365,"column":53}},"type":"binary-expr","locations":[{"start":{"line":365,"column":8},"end":{"line":365,"column":23}},{"start":{"line":365,"column":27},"end":{"line":365,"column":53}}],"line":365},"34":{"loc":{"start":{"line":372,"column":10},"end":{"line":372,"column":66}},"type":"binary-expr","locations":[{"start":{"line":372,"column":10},"end":{"line":372,"column":37}},{"start":{"line":372,"column":41},"end":{"line":372,"column":66}}],"line":372},"35":{"loc":{"start":{"line":373,"column":10},"end":{"line":373,"column":41}},"type":"binary-expr","locations":[{"start":{"line":373,"column":10},"end":{"line":373,"column":21}},{"start":{"line":373,"column":25},"end":{"line":373,"column":41}}],"line":373},"36":{"loc":{"start":{"line":374,"column":10},"end":{"line":374,"column":53}},"type":"binary-expr","locations":[{"start":{"line":374,"column":10},"end":{"line":374,"column":25}},{"start":{"line":374,"column":29},"end":{"line":374,"column":53}}],"line":374}},"s":{"0":1,"1":1,"2":1,"3":30096,"4":30096,"5":30096,"6":285120,"7":285120,"8":30096,"9":1,"10":264,"11":15048,"12":1,"13":69,"14":69,"15":1,"16":1,"17":68,"18":68,"19":68,"20":1,"21":264,"22":264,"23":264,"24":264,"25":264,"26":264,"27":264,"28":264,"29":264,"30":264,"31":264,"32":264,"33":264,"34":69,"35":264,"36":69,"37":69,"38":69,"39":69,"40":264,"41":127,"42":127,"43":69,"44":69,"45":58,"46":57,"47":127,"48":264,"49":2,"50":2,"51":2,"52":264,"53":1,"54":264,"55":7182,"56":58,"57":7182,"58":125,"59":125,"60":1,"61":1,"62":59,"63":1,"64":264,"65":1,"66":1,"67":1},"f":{"0":30096,"1":285120,"2":264,"3":15048,"4":69,"5":264,"6":69,"7":69,"8":69,"9":69,"10":127,"11":127,"12":2,"13":1,"14":7182,"15":58,"16":7182,"17":125,"18":125,"19":1,"20":59,"21":264,"22":1,"23":1},"b":{"0":[1,68],"1":[6,258],"2":[69,58],"3":[57,0],"4":[264,6],"5":[126,138],"6":[126,126],"7":[2,124],"8":[114,7068],"9":[114,7068],"10":[114,7068],"11":[114,7068],"12":[126,125],"13":[126,125],"14":[0,125],"15":[138,0],"16":[264,59],"17":[59,0],"18":[58,1],"19":[59,58],"20":[58,0],"21":[263,1],"22":[59,0],"23":[59,0],"24":[59,0],"25":[59,0],"26":[59,0],"27":[264,1],"28":[264,6],"29":[264,1],"30":[264,0],"31":[264,6],"32":[264,1],"33":[264,6],"34":[264,1],"35":[264,0],"36":[264,6]},"_coverageSchema":"1a1c01bbd47fc00a2c39e90264f33305004495a9","hash":"227425aba6ac95a0877cb25b3434a612ee6de5a9"}
,"/Users/mouhamedcoundoul/Downloads/SOEN-390/SOEN-390-Mini-Capstone/lost-in-faubourg-app/components/DirectionsScreen.tsx": {"path":"/Users/mouhamedcoundoul/Downloads/SOEN-390/SOEN-390-Mini-Capstone/lost-in-faubourg-app/components/DirectionsScreen.tsx","statementMap":{"0":{"start":{"line":34,"column":26},"end":{"line":34,"column":50}},"1":{"start":{"line":35,"column":21},"end":{"line":35,"column":35}},"2":{"start":{"line":36,"column":23},"end":{"line":36,"column":27}},"3":{"start":{"line":37,"column":24},"end":{"line":37,"column":53}},"4":{"start":{"line":40,"column":25},"end":{"line":45,"column":1}},"5":{"start":{"line":59,"column":19},"end":{"line":59,"column":66}},"6":{"start":{"line":60,"column":22},"end":{"line":60,"column":64}},"7":{"start":{"line":75,"column":35},"end":{"line":97,"column":3}},"8":{"start":{"line":99,"column":2},"end":{"line":128,"column":4}},"9":{"start":{"line":114,"column":12},"end":{"line":114,"column":62}},"10":{"start":{"line":132,"column":2},"end":{"line":132,"column":41}},"11":{"start":{"line":136,"column":43},"end":{"line":136,"column":81}},"12":{"start":{"line":137,"column":30},"end":{"line":140,"column":17}},"13":{"start":{"line":141,"column":40},"end":{"line":144,"column":17}},"14":{"start":{"line":148,"column":42},"end":{"line":151,"column":17}},"15":{"start":{"line":153,"column":16},"end":{"line":153,"column":79}},"16":{"start":{"line":154,"column":46},"end":{"line":154,"column":61}},"17":{"start":{"line":155,"column":34},"end":{"line":155,"column":45}},"18":{"start":{"line":156,"column":34},"end":{"line":156,"column":45}},"19":{"start":{"line":157,"column":28},"end":{"line":157,"column":73}},"20":{"start":{"line":158,"column":50},"end":{"line":158,"column":65}},"21":{"start":{"line":161,"column":54},"end":{"line":161,"column":78}},"22":{"start":{"line":162,"column":50},"end":{"line":162,"column":71}},"23":{"start":{"line":165,"column":46},"end":{"line":165,"column":90}},"24":{"start":{"line":169,"column":4},"end":{"line":169,"column":46}},"25":{"start":{"line":172,"column":40},"end":{"line":172,"column":74}},"26":{"start":{"line":173,"column":42},"end":{"line":173,"column":65}},"27":{"start":{"line":174,"column":36},"end":{"line":174,"column":48}},"28":{"start":{"line":177,"column":42},"end":{"line":177,"column":71}},"29":{"start":{"line":179,"column":17},"end":{"line":179,"column":38}},"30":{"start":{"line":182,"column":15},"end":{"line":182,"column":52}},"31":{"start":{"line":185,"column":23},"end":{"line":224,"column":11}},"32":{"start":{"line":187,"column":42},"end":{"line":187,"column":46}},"33":{"start":{"line":190,"column":8},"end":{"line":192,"column":9}},"34":{"start":{"line":191,"column":10},"end":{"line":191,"column":41}},"35":{"start":{"line":196,"column":8},"end":{"line":221,"column":9}},"36":{"start":{"line":198,"column":10},"end":{"line":201,"column":21}},"37":{"start":{"line":202,"column":10},"end":{"line":202,"column":38}},"38":{"start":{"line":203,"column":10},"end":{"line":203,"column":44}},"39":{"start":{"line":206,"column":13},"end":{"line":221,"column":9}},"40":{"start":{"line":208,"column":10},"end":{"line":211,"column":21}},"41":{"start":{"line":212,"column":10},"end":{"line":212,"column":39}},"42":{"start":{"line":213,"column":10},"end":{"line":213,"column":35}},"43":{"start":{"line":217,"column":10},"end":{"line":220,"column":21}},"44":{"start":{"line":227,"column":2},"end":{"line":261,"column":21}},"45":{"start":{"line":229,"column":4},"end":{"line":260,"column":5}},"46":{"start":{"line":231,"column":6},"end":{"line":231,"column":37}},"47":{"start":{"line":232,"column":6},"end":{"line":232,"column":47}},"48":{"start":{"line":235,"column":6},"end":{"line":255,"column":14}},"49":{"start":{"line":237,"column":8},"end":{"line":254,"column":9}},"50":{"start":{"line":240,"column":30},"end":{"line":240,"column":72}},"51":{"start":{"line":241,"column":35},"end":{"line":241,"column":82}},"52":{"start":{"line":243,"column":10},"end":{"line":243,"column":34}},"53":{"start":{"line":246,"column":36},"end":{"line":246,"column":62}},"54":{"start":{"line":247,"column":10},"end":{"line":247,"column":49}},"55":{"start":{"line":250,"column":10},"end":{"line":253,"column":13}},"56":{"start":{"line":256,"column":11},"end":{"line":260,"column":5}},"57":{"start":{"line":257,"column":6},"end":{"line":257,"column":37}},"58":{"start":{"line":258,"column":11},"end":{"line":260,"column":5}},"59":{"start":{"line":259,"column":6},"end":{"line":259,"column":47}},"60":{"start":{"line":264,"column":2},"end":{"line":272,"column":21}},"61":{"start":{"line":265,"column":4},"end":{"line":271,"column":5}},"62":{"start":{"line":266,"column":20},"end":{"line":268,"column":14}},"63":{"start":{"line":267,"column":8},"end":{"line":267,"column":30}},"64":{"start":{"line":270,"column":6},"end":{"line":270,"column":39}},"65":{"start":{"line":270,"column":19},"end":{"line":270,"column":38}},"66":{"start":{"line":275,"column":2},"end":{"line":282,"column":25}},"67":{"start":{"line":277,"column":4},"end":{"line":281,"column":5}},"68":{"start":{"line":278,"column":6},"end":{"line":278,"column":35}},"69":{"start":{"line":280,"column":6},"end":{"line":280,"column":36}},"70":{"start":{"line":285,"column":2},"end":{"line":299,"column":9}},"71":{"start":{"line":286,"column":4},"end":{"line":298,"column":9}},"72":{"start":{"line":287,"column":23},"end":{"line":287,"column":73}},"73":{"start":{"line":288,"column":6},"end":{"line":291,"column":7}},"74":{"start":{"line":289,"column":8},"end":{"line":289,"column":64}},"75":{"start":{"line":290,"column":8},"end":{"line":290,"column":15}},"76":{"start":{"line":292,"column":28},"end":{"line":292,"column":70}},"77":{"start":{"line":293,"column":21},"end":{"line":293,"column":43}},"78":{"start":{"line":294,"column":6},"end":{"line":297,"column":9}},"79":{"start":{"line":302,"column":2},"end":{"line":312,"column":9}},"80":{"start":{"line":304,"column":25},"end":{"line":306,"column":13}},"81":{"start":{"line":305,"column":6},"end":{"line":305,"column":27}},"82":{"start":{"line":309,"column":4},"end":{"line":311,"column":6}},"83":{"start":{"line":310,"column":6},"end":{"line":310,"column":21}},"84":{"start":{"line":315,"column":17},"end":{"line":321,"column":3}},"85":{"start":{"line":316,"column":19},"end":{"line":316,"column":52}},"86":{"start":{"line":317,"column":4},"end":{"line":320,"column":5}},"87":{"start":{"line":318,"column":6},"end":{"line":318,"column":31}},"88":{"start":{"line":319,"column":6},"end":{"line":319,"column":64}},"89":{"start":{"line":324,"column":25},"end":{"line":333,"column":3}},"90":{"start":{"line":331,"column":17},"end":{"line":331,"column":76}},"91":{"start":{"line":332,"column":4},"end":{"line":332,"column":23}},"92":{"start":{"line":336,"column":30},"end":{"line":345,"column":3}},"93":{"start":{"line":337,"column":4},"end":{"line":337,"column":35}},"94":{"start":{"line":337,"column":23},"end":{"line":337,"column":35}},"95":{"start":{"line":339,"column":27},"end":{"line":339,"column":57}},"96":{"start":{"line":340,"column":4},"end":{"line":343,"column":5}},"97":{"start":{"line":342,"column":6},"end":{"line":342,"column":28}},"98":{"start":{"line":344,"column":4},"end":{"line":344,"column":16}},"99":{"start":{"line":348,"column":52},"end":{"line":348,"column":75}},"100":{"start":{"line":351,"column":27},"end":{"line":368,"column":3}},"101":{"start":{"line":353,"column":28},"end":{"line":353,"column":59}},"102":{"start":{"line":356,"column":4},"end":{"line":364,"column":5}},"103":{"start":{"line":357,"column":6},"end":{"line":357,"column":33}},"104":{"start":{"line":358,"column":6},"end":{"line":358,"column":48}},"105":{"start":{"line":359,"column":6},"end":{"line":359,"column":34}},"106":{"start":{"line":361,"column":6},"end":{"line":361,"column":38}},"107":{"start":{"line":362,"column":6},"end":{"line":362,"column":53}},"108":{"start":{"line":363,"column":6},"end":{"line":363,"column":33}},"109":{"start":{"line":367,"column":4},"end":{"line":367,"column":28}},"110":{"start":{"line":371,"column":36},"end":{"line":397,"column":3}},"111":{"start":{"line":373,"column":4},"end":{"line":379,"column":5}},"112":{"start":{"line":374,"column":6},"end":{"line":377,"column":8}},"113":{"start":{"line":378,"column":6},"end":{"line":378,"column":13}},"114":{"start":{"line":382,"column":27},"end":{"line":382,"column":48}},"115":{"start":{"line":384,"column":4},"end":{"line":396,"column":5}},"116":{"start":{"line":386,"column":6},"end":{"line":386,"column":60}},"117":{"start":{"line":389,"column":6},"end":{"line":392,"column":8}},"118":{"start":{"line":395,"column":6},"end":{"line":395,"column":54}},"119":{"start":{"line":400,"column":32},"end":{"line":404,"column":3}},"120":{"start":{"line":403,"column":4},"end":{"line":403,"column":44}},"121":{"start":{"line":407,"column":29},"end":{"line":431,"column":3}},"122":{"start":{"line":408,"column":4},"end":{"line":410,"column":5}},"123":{"start":{"line":409,"column":6},"end":{"line":409,"column":27}},"124":{"start":{"line":412,"column":4},"end":{"line":415,"column":5}},"125":{"start":{"line":414,"column":6},"end":{"line":414,"column":26}},"126":{"start":{"line":417,"column":4},"end":{"line":420,"column":5}},"127":{"start":{"line":419,"column":6},"end":{"line":419,"column":29}},"128":{"start":{"line":423,"column":4},"end":{"line":427,"column":5}},"129":{"start":{"line":426,"column":6},"end":{"line":426,"column":35}},"130":{"start":{"line":430,"column":4},"end":{"line":430,"column":79}},"131":{"start":{"line":439,"column":26},"end":{"line":452,"column":3}},"132":{"start":{"line":440,"column":4},"end":{"line":440,"column":40}},"133":{"start":{"line":440,"column":28},"end":{"line":440,"column":40}},"134":{"start":{"line":442,"column":14},"end":{"line":442,"column":18}},"135":{"start":{"line":443,"column":17},"end":{"line":443,"column":59}},"136":{"start":{"line":444,"column":17},"end":{"line":444,"column":61}},"137":{"start":{"line":446,"column":6},"end":{"line":448,"column":45}},"138":{"start":{"line":449,"column":14},"end":{"line":449,"column":60}},"139":{"start":{"line":450,"column":21},"end":{"line":450,"column":26}},"140":{"start":{"line":451,"column":4},"end":{"line":451,"column":20}},"141":{"start":{"line":454,"column":18},"end":{"line":456,"column":3}},"142":{"start":{"line":455,"column":4},"end":{"line":455,"column":31}},"143":{"start":{"line":459,"column":35},"end":{"line":474,"column":3}},"144":{"start":{"line":460,"column":4},"end":{"line":460,"column":46}},"145":{"start":{"line":460,"column":33},"end":{"line":460,"column":46}},"146":{"start":{"line":463,"column":24},"end":{"line":463,"column":53}},"147":{"start":{"line":464,"column":29},"end":{"line":464,"column":63}},"148":{"start":{"line":467,"column":28},"end":{"line":467,"column":74}},"149":{"start":{"line":468,"column":31},"end":{"line":468,"column":80}},"150":{"start":{"line":469,"column":26},"end":{"line":469,"column":77}},"151":{"start":{"line":470,"column":29},"end":{"line":470,"column":83}},"152":{"start":{"line":473,"column":4},"end":{"line":473,"column":90}},"153":{"start":{"line":477,"column":27},"end":{"line":477,"column":29}},"154":{"start":{"line":478,"column":22},"end":{"line":483,"column":3}},"155":{"start":{"line":486,"column":28},"end":{"line":495,"column":3}},"156":{"start":{"line":490,"column":4},"end":{"line":493,"column":5}},"157":{"start":{"line":491,"column":6},"end":{"line":491,"column":35}},"158":{"start":{"line":492,"column":6},"end":{"line":492,"column":35}},"159":{"start":{"line":494,"column":4},"end":{"line":494,"column":61}},"160":{"start":{"line":498,"column":34},"end":{"line":533,"column":3}},"161":{"start":{"line":503,"column":4},"end":{"line":532,"column":5}},"162":{"start":{"line":504,"column":6},"end":{"line":504,"column":33}},"163":{"start":{"line":504,"column":26},"end":{"line":504,"column":33}},"164":{"start":{"line":506,"column":8},"end":{"line":510,"column":36}},"165":{"start":{"line":512,"column":18},"end":{"line":512,"column":34}},"166":{"start":{"line":513,"column":6},"end":{"line":515,"column":7}},"167":{"start":{"line":514,"column":8},"end":{"line":514,"column":52}},"168":{"start":{"line":516,"column":19},"end":{"line":516,"column":35}},"169":{"start":{"line":517,"column":6},"end":{"line":519,"column":7}},"170":{"start":{"line":518,"column":8},"end":{"line":518,"column":61}},"171":{"start":{"line":521,"column":6},"end":{"line":529,"column":7}},"172":{"start":{"line":522,"column":27},"end":{"line":522,"column":41}},"173":{"start":{"line":523,"column":20},"end":{"line":523,"column":40}},"174":{"start":{"line":524,"column":8},"end":{"line":528,"column":9}},"175":{"start":{"line":525,"column":10},"end":{"line":525,"column":30}},"176":{"start":{"line":527,"column":10},"end":{"line":527,"column":23}},"177":{"start":{"line":531,"column":6},"end":{"line":531,"column":51}},"178":{"start":{"line":536,"column":21},"end":{"line":564,"column":3}},"179":{"start":{"line":537,"column":4},"end":{"line":537,"column":64}},"180":{"start":{"line":539,"column":4},"end":{"line":542,"column":5}},"181":{"start":{"line":540,"column":6},"end":{"line":540,"column":52}},"182":{"start":{"line":541,"column":6},"end":{"line":541,"column":13}},"183":{"start":{"line":544,"column":4},"end":{"line":547,"column":5}},"184":{"start":{"line":545,"column":6},"end":{"line":545,"column":56}},"185":{"start":{"line":546,"column":6},"end":{"line":546,"column":13}},"186":{"start":{"line":551,"column":24},"end":{"line":551,"column":53}},"187":{"start":{"line":552,"column":29},"end":{"line":552,"column":63}},"188":{"start":{"line":554,"column":4},"end":{"line":554,"column":28}},"189":{"start":{"line":557,"column":30},"end":{"line":557,"column":56}},"190":{"start":{"line":558,"column":4},"end":{"line":558,"column":43}},"191":{"start":{"line":560,"column":4},"end":{"line":563,"column":7}},"192":{"start":{"line":567,"column":26},"end":{"line":596,"column":3}},"193":{"start":{"line":568,"column":4},"end":{"line":571,"column":5}},"194":{"start":{"line":569,"column":6},"end":{"line":569,"column":67}},"195":{"start":{"line":570,"column":6},"end":{"line":570,"column":13}},"196":{"start":{"line":573,"column":21},"end":{"line":576,"column":5}},"197":{"start":{"line":579,"column":28},"end":{"line":579,"column":59}},"198":{"start":{"line":582,"column":22},"end":{"line":582,"column":61}},"199":{"start":{"line":585,"column":24},"end":{"line":585,"column":63}},"200":{"start":{"line":587,"column":4},"end":{"line":593,"column":5}},"201":{"start":{"line":588,"column":6},"end":{"line":588,"column":29}},"202":{"start":{"line":589,"column":6},"end":{"line":589,"column":36}},"203":{"start":{"line":591,"column":6},"end":{"line":591,"column":34}},"204":{"start":{"line":592,"column":6},"end":{"line":592,"column":41}},"205":{"start":{"line":595,"column":4},"end":{"line":595,"column":28}},"206":{"start":{"line":600,"column":20},"end":{"line":603,"column":3}},"207":{"start":{"line":601,"column":4},"end":{"line":601,"column":25}},"208":{"start":{"line":601,"column":15},"end":{"line":601,"column":25}},"209":{"start":{"line":602,"column":4},"end":{"line":602,"column":42}},"210":{"start":{"line":606,"column":25},"end":{"line":611,"column":3}},"211":{"start":{"line":610,"column":4},"end":{"line":610,"column":47}},"212":{"start":{"line":614,"column":25},"end":{"line":616,"column":3}},"213":{"start":{"line":615,"column":4},"end":{"line":615,"column":35}},"214":{"start":{"line":618,"column":36},"end":{"line":622,"column":3}},"215":{"start":{"line":619,"column":4},"end":{"line":619,"column":20}},"216":{"start":{"line":620,"column":4},"end":{"line":620,"column":25}},"217":{"start":{"line":621,"column":4},"end":{"line":621,"column":31}},"218":{"start":{"line":625,"column":22},"end":{"line":634,"column":3}},"219":{"start":{"line":626,"column":4},"end":{"line":626,"column":32}},"220":{"start":{"line":627,"column":4},"end":{"line":627,"column":29}},"221":{"start":{"line":628,"column":4},"end":{"line":628,"column":31}},"222":{"start":{"line":629,"column":4},"end":{"line":629,"column":17}},"223":{"start":{"line":630,"column":4},"end":{"line":630,"column":38}},"224":{"start":{"line":633,"column":4},"end":{"line":633,"column":60}},"225":{"start":{"line":637,"column":25},"end":{"line":655,"column":3}},"226":{"start":{"line":638,"column":23},"end":{"line":638,"column":70}},"227":{"start":{"line":639,"column":21},"end":{"line":639,"column":63}},"228":{"start":{"line":641,"column":4},"end":{"line":641,"column":26}},"229":{"start":{"line":642,"column":4},"end":{"line":642,"column":29}},"230":{"start":{"line":645,"column":4},"end":{"line":654,"column":12}},"231":{"start":{"line":646,"column":6},"end":{"line":653,"column":7}},"232":{"start":{"line":647,"column":8},"end":{"line":650,"column":11}},"233":{"start":{"line":651,"column":8},"end":{"line":651,"column":32}},"234":{"start":{"line":652,"column":8},"end":{"line":652,"column":34}},"235":{"start":{"line":658,"column":38},"end":{"line":671,"column":8}},"236":{"start":{"line":673,"column":25},"end":{"line":681,"column":3}},"237":{"start":{"line":674,"column":19},"end":{"line":679,"column":5}},"238":{"start":{"line":680,"column":4},"end":{"line":680,"column":24}},"239":{"start":{"line":683,"column":23},"end":{"line":690,"column":3}},"240":{"start":{"line":684,"column":4},"end":{"line":689,"column":6}},"241":{"start":{"line":692,"column":2},"end":{"line":1120,"column":4}},"242":{"start":{"line":720,"column":10},"end":{"line":726,"column":12}},"243":{"start":{"line":755,"column":12},"end":{"line":773,"column":21}},"244":{"start":{"line":779,"column":12},"end":{"line":797,"column":21}},"245":{"start":{"line":810,"column":35},"end":{"line":810,"column":84}},"246":{"start":{"line":842,"column":55},"end":{"line":842,"column":95}},"247":{"start":{"line":860,"column":55},"end":{"line":860,"column":100}},"248":{"start":{"line":893,"column":29},"end":{"line":893,"column":69}},"249":{"start":{"line":903,"column":29},"end":{"line":903,"column":75}},"250":{"start":{"line":912,"column":14},"end":{"line":929,"column":33}},"251":{"start":{"line":920,"column":31},"end":{"line":920,"column":50}},"252":{"start":{"line":959,"column":12},"end":{"line":959,"column":37}},"253":{"start":{"line":960,"column":12},"end":{"line":960,"column":39}},"254":{"start":{"line":961,"column":12},"end":{"line":961,"column":25}},"255":{"start":{"line":962,"column":12},"end":{"line":962,"column":40}},"256":{"start":{"line":963,"column":12},"end":{"line":963,"column":55}},"257":{"start":{"line":1015,"column":16},"end":{"line":1015,"column":59}},"258":{"start":{"line":1016,"column":16},"end":{"line":1016,"column":77}},"259":{"start":{"line":1038,"column":31},"end":{"line":1038,"column":60}},"260":{"start":{"line":1052,"column":33},"end":{"line":1052,"column":61}},"261":{"start":{"line":1089,"column":35},"end":{"line":1089,"column":107}},"262":{"start":{"line":1101,"column":20},"end":{"line":1103,"column":27}},"263":{"start":{"line":1126,"column":15},"end":{"line":1536,"column":2}}},"fnMap":{"0":{"name":"InputAutocomplete","decl":{"start":{"line":63,"column":9},"end":{"line":63,"column":26}},"loc":{"start":{"line":73,"column":3},"end":{"line":129,"column":1}},"line":73},"1":{"name":"(anonymous_1)","decl":{"start":{"line":113,"column":19},"end":{"line":113,"column":20}},"loc":{"start":{"line":113,"column":45},"end":{"line":115,"column":11}},"line":113},"2":{"name":"stripHtml","decl":{"start":{"line":131,"column":16},"end":{"line":131,"column":25}},"loc":{"start":{"line":131,"column":49},"end":{"line":133,"column":1}},"line":131},"3":{"name":"DirectionsScreen","decl":{"start":{"line":135,"column":24},"end":{"line":135,"column":40}},"loc":{"start":{"line":135,"column":43},"end":{"line":1121,"column":1}},"line":135},"4":{"name":"(anonymous_4)","decl":{"start":{"line":187,"column":36},"end":{"line":187,"column":37}},"loc":{"start":{"line":187,"column":42},"end":{"line":187,"column":46}},"line":187},"5":{"name":"(anonymous_5)","decl":{"start":{"line":188,"column":26},"end":{"line":188,"column":27}},"loc":{"start":{"line":188,"column":49},"end":{"line":193,"column":7}},"line":188},"6":{"name":"(anonymous_6)","decl":{"start":{"line":194,"column":29},"end":{"line":194,"column":30}},"loc":{"start":{"line":194,"column":52},"end":{"line":222,"column":7}},"line":194},"7":{"name":"(anonymous_7)","decl":{"start":{"line":227,"column":12},"end":{"line":227,"column":13}},"loc":{"start":{"line":227,"column":18},"end":{"line":261,"column":3}},"line":227},"8":{"name":"(anonymous_8)","decl":{"start":{"line":235,"column":17},"end":{"line":235,"column":18}},"loc":{"start":{"line":235,"column":23},"end":{"line":255,"column":7}},"line":235},"9":{"name":"(anonymous_9)","decl":{"start":{"line":264,"column":12},"end":{"line":264,"column":13}},"loc":{"start":{"line":264,"column":18},"end":{"line":272,"column":3}},"line":264},"10":{"name":"(anonymous_10)","decl":{"start":{"line":266,"column":31},"end":{"line":266,"column":32}},"loc":{"start":{"line":266,"column":37},"end":{"line":268,"column":7}},"line":266},"11":{"name":"(anonymous_11)","decl":{"start":{"line":270,"column":13},"end":{"line":270,"column":14}},"loc":{"start":{"line":270,"column":19},"end":{"line":270,"column":38}},"line":270},"12":{"name":"(anonymous_12)","decl":{"start":{"line":275,"column":12},"end":{"line":275,"column":13}},"loc":{"start":{"line":275,"column":18},"end":{"line":282,"column":3}},"line":275},"13":{"name":"(anonymous_13)","decl":{"start":{"line":285,"column":12},"end":{"line":285,"column":13}},"loc":{"start":{"line":285,"column":18},"end":{"line":299,"column":3}},"line":285},"14":{"name":"(anonymous_14)","decl":{"start":{"line":286,"column":5},"end":{"line":286,"column":6}},"loc":{"start":{"line":286,"column":17},"end":{"line":298,"column":5}},"line":286},"15":{"name":"(anonymous_15)","decl":{"start":{"line":302,"column":12},"end":{"line":302,"column":13}},"loc":{"start":{"line":302,"column":18},"end":{"line":312,"column":3}},"line":302},"16":{"name":"(anonymous_16)","decl":{"start":{"line":304,"column":46},"end":{"line":304,"column":47}},"loc":{"start":{"line":304,"column":56},"end":{"line":306,"column":5}},"line":304},"17":{"name":"(anonymous_17)","decl":{"start":{"line":309,"column":11},"end":{"line":309,"column":12}},"loc":{"start":{"line":309,"column":17},"end":{"line":311,"column":5}},"line":309},"18":{"name":"(anonymous_18)","decl":{"start":{"line":315,"column":17},"end":{"line":315,"column":18}},"loc":{"start":{"line":315,"column":78},"end":{"line":321,"column":3}},"line":315},"19":{"name":"(anonymous_19)","decl":{"start":{"line":324,"column":25},"end":{"line":324,"column":26}},"loc":{"start":{"line":329,"column":8},"end":{"line":333,"column":3}},"line":329},"20":{"name":"(anonymous_20)","decl":{"start":{"line":336,"column":30},"end":{"line":336,"column":31}},"loc":{"start":{"line":336,"column":36},"end":{"line":345,"column":3}},"line":336},"21":{"name":"(anonymous_21)","decl":{"start":{"line":351,"column":27},"end":{"line":351,"column":28}},"loc":{"start":{"line":351,"column":97},"end":{"line":368,"column":3}},"line":351},"22":{"name":"(anonymous_22)","decl":{"start":{"line":371,"column":36},"end":{"line":371,"column":37}},"loc":{"start":{"line":371,"column":42},"end":{"line":397,"column":3}},"line":371},"23":{"name":"(anonymous_23)","decl":{"start":{"line":400,"column":32},"end":{"line":400,"column":33}},"loc":{"start":{"line":400,"column":84},"end":{"line":404,"column":3}},"line":400},"24":{"name":"(anonymous_24)","decl":{"start":{"line":407,"column":29},"end":{"line":407,"column":30}},"loc":{"start":{"line":407,"column":99},"end":{"line":431,"column":3}},"line":407},"25":{"name":"(anonymous_25)","decl":{"start":{"line":439,"column":26},"end":{"line":439,"column":27}},"loc":{"start":{"line":439,"column":80},"end":{"line":452,"column":3}},"line":439},"26":{"name":"(anonymous_26)","decl":{"start":{"line":454,"column":18},"end":{"line":454,"column":19}},"loc":{"start":{"line":454,"column":35},"end":{"line":456,"column":3}},"line":454},"27":{"name":"(anonymous_27)","decl":{"start":{"line":459,"column":35},"end":{"line":459,"column":36}},"loc":{"start":{"line":459,"column":41},"end":{"line":474,"column":3}},"line":459},"28":{"name":"(anonymous_28)","decl":{"start":{"line":486,"column":28},"end":{"line":486,"column":29}},"loc":{"start":{"line":489,"column":8},"end":{"line":495,"column":3}},"line":489},"29":{"name":"(anonymous_29)","decl":{"start":{"line":498,"column":34},"end":{"line":498,"column":35}},"loc":{"start":{"line":502,"column":7},"end":{"line":533,"column":3}},"line":502},"30":{"name":"(anonymous_30)","decl":{"start":{"line":536,"column":21},"end":{"line":536,"column":22}},"loc":{"start":{"line":536,"column":27},"end":{"line":564,"column":3}},"line":536},"31":{"name":"(anonymous_31)","decl":{"start":{"line":567,"column":26},"end":{"line":567,"column":27}},"loc":{"start":{"line":567,"column":69},"end":{"line":596,"column":3}},"line":567},"32":{"name":"(anonymous_32)","decl":{"start":{"line":600,"column":20},"end":{"line":600,"column":21}},"loc":{"start":{"line":600,"column":35},"end":{"line":603,"column":3}},"line":600},"33":{"name":"(anonymous_33)","decl":{"start":{"line":606,"column":25},"end":{"line":606,"column":26}},"loc":{"start":{"line":609,"column":28},"end":{"line":611,"column":3}},"line":609},"34":{"name":"(anonymous_34)","decl":{"start":{"line":614,"column":25},"end":{"line":614,"column":26}},"loc":{"start":{"line":614,"column":31},"end":{"line":616,"column":3}},"line":614},"35":{"name":"(anonymous_35)","decl":{"start":{"line":618,"column":36},"end":{"line":618,"column":37}},"loc":{"start":{"line":618,"column":42},"end":{"line":622,"column":3}},"line":618},"36":{"name":"(anonymous_36)","decl":{"start":{"line":625,"column":22},"end":{"line":625,"column":23}},"loc":{"start":{"line":625,"column":28},"end":{"line":634,"column":3}},"line":625},"37":{"name":"(anonymous_37)","decl":{"start":{"line":637,"column":25},"end":{"line":637,"column":26}},"loc":{"start":{"line":637,"column":31},"end":{"line":655,"column":3}},"line":637},"38":{"name":"(anonymous_38)","decl":{"start":{"line":645,"column":15},"end":{"line":645,"column":16}},"loc":{"start":{"line":645,"column":21},"end":{"line":654,"column":5}},"line":645},"39":{"name":"(anonymous_39)","decl":{"start":{"line":673,"column":25},"end":{"line":673,"column":26}},"loc":{"start":{"line":673,"column":63},"end":{"line":681,"column":3}},"line":673},"40":{"name":"(anonymous_40)","decl":{"start":{"line":683,"column":23},"end":{"line":683,"column":24}},"loc":{"start":{"line":683,"column":109},"end":{"line":690,"column":3}},"line":683},"41":{"name":"(anonymous_41)","decl":{"start":{"line":719,"column":22},"end":{"line":719,"column":23}},"loc":{"start":{"line":720,"column":10},"end":{"line":726,"column":12}},"line":720},"42":{"name":"(anonymous_42)","decl":{"start":{"line":754,"column":33},"end":{"line":754,"column":34}},"loc":{"start":{"line":755,"column":12},"end":{"line":773,"column":21}},"line":755},"43":{"name":"(anonymous_43)","decl":{"start":{"line":778,"column":36},"end":{"line":778,"column":37}},"loc":{"start":{"line":779,"column":12},"end":{"line":797,"column":21}},"line":779},"44":{"name":"(anonymous_44)","decl":{"start":{"line":810,"column":21},"end":{"line":810,"column":22}},"loc":{"start":{"line":810,"column":35},"end":{"line":810,"column":84}},"line":810},"45":{"name":"(anonymous_45)","decl":{"start":{"line":842,"column":29},"end":{"line":842,"column":30}},"loc":{"start":{"line":842,"column":55},"end":{"line":842,"column":95}},"line":842},"46":{"name":"(anonymous_46)","decl":{"start":{"line":860,"column":29},"end":{"line":860,"column":30}},"loc":{"start":{"line":860,"column":55},"end":{"line":860,"column":100}},"line":860},"47":{"name":"(anonymous_47)","decl":{"start":{"line":893,"column":23},"end":{"line":893,"column":24}},"loc":{"start":{"line":893,"column":29},"end":{"line":893,"column":69}},"line":893},"48":{"name":"(anonymous_48)","decl":{"start":{"line":903,"column":23},"end":{"line":903,"column":24}},"loc":{"start":{"line":903,"column":29},"end":{"line":903,"column":75}},"line":903},"49":{"name":"(anonymous_49)","decl":{"start":{"line":911,"column":64},"end":{"line":911,"column":65}},"loc":{"start":{"line":912,"column":14},"end":{"line":929,"column":33}},"line":912},"50":{"name":"(anonymous_50)","decl":{"start":{"line":920,"column":25},"end":{"line":920,"column":26}},"loc":{"start":{"line":920,"column":31},"end":{"line":920,"column":50}},"line":920},"51":{"name":"(anonymous_51)","decl":{"start":{"line":958,"column":19},"end":{"line":958,"column":20}},"loc":{"start":{"line":958,"column":25},"end":{"line":964,"column":11}},"line":958},"52":{"name":"(anonymous_52)","decl":{"start":{"line":1014,"column":23},"end":{"line":1014,"column":24}},"loc":{"start":{"line":1014,"column":29},"end":{"line":1017,"column":15}},"line":1014},"53":{"name":"(anonymous_53)","decl":{"start":{"line":1038,"column":25},"end":{"line":1038,"column":26}},"loc":{"start":{"line":1038,"column":31},"end":{"line":1038,"column":60}},"line":1038},"54":{"name":"(anonymous_54)","decl":{"start":{"line":1052,"column":27},"end":{"line":1052,"column":28}},"loc":{"start":{"line":1052,"column":33},"end":{"line":1052,"column":61}},"line":1052},"55":{"name":"(anonymous_55)","decl":{"start":{"line":1089,"column":29},"end":{"line":1089,"column":30}},"loc":{"start":{"line":1089,"column":35},"end":{"line":1089,"column":107}},"line":1089},"56":{"name":"(anonymous_56)","decl":{"start":{"line":1100,"column":29},"end":{"line":1100,"column":30}},"loc":{"start":{"line":1101,"column":20},"end":{"line":1103,"column":27}},"line":1101}},"branchMap":{"0":{"loc":{"start":{"line":102,"column":7},"end":{"line":126,"column":7}},"type":"cond-expr","locations":[{"start":{"line":103,"column":8},"end":{"line":108,"column":15}},{"start":{"line":110,"column":8},"end":{"line":125,"column":10}}],"line":102},"1":{"loc":{"start":{"line":111,"column":23},"end":{"line":111,"column":52}},"type":"binary-expr","locations":[{"start":{"line":111,"column":23},"end":{"line":111,"column":34}},{"start":{"line":111,"column":38},"end":{"line":111,"column":52}}],"line":111},"2":{"loc":{"start":{"line":113,"column":26},"end":{"line":113,"column":40}},"type":"default-arg","locations":[{"start":{"line":113,"column":36},"end":{"line":113,"column":40}}],"line":113},"3":{"loc":{"start":{"line":114,"column":12},"end":{"line":114,"column":61}},"type":"binary-expr","locations":[{"start":{"line":114,"column":12},"end":{"line":114,"column":27}},{"start":{"line":114,"column":31},"end":{"line":114,"column":61}}],"line":114},"4":{"loc":{"start":{"line":190,"column":8},"end":{"line":192,"column":9}},"type":"if","locations":[{"start":{"line":190,"column":8},"end":{"line":192,"column":9}},{"start":{},"end":{}}],"line":190},"5":{"loc":{"start":{"line":190,"column":12},"end":{"line":190,"column":78}},"type":"binary-expr","locations":[{"start":{"line":190,"column":12},"end":{"line":190,"column":31}},{"start":{"line":190,"column":36},"end":{"line":190,"column":54}},{"start":{"line":190,"column":58},"end":{"line":190,"column":77}}],"line":190},"6":{"loc":{"start":{"line":196,"column":8},"end":{"line":221,"column":9}},"type":"if","locations":[{"start":{"line":196,"column":8},"end":{"line":221,"column":9}},{"start":{"line":206,"column":13},"end":{"line":221,"column":9}}],"line":196},"7":{"loc":{"start":{"line":196,"column":12},"end":{"line":196,"column":56}},"type":"binary-expr","locations":[{"start":{"line":196,"column":12},"end":{"line":196,"column":33}},{"start":{"line":196,"column":37},"end":{"line":196,"column":56}}],"line":196},"8":{"loc":{"start":{"line":206,"column":13},"end":{"line":221,"column":9}},"type":"if","locations":[{"start":{"line":206,"column":13},"end":{"line":221,"column":9}},{"start":{"line":216,"column":13},"end":{"line":221,"column":9}}],"line":206},"9":{"loc":{"start":{"line":206,"column":17},"end":{"line":206,"column":59}},"type":"binary-expr","locations":[{"start":{"line":206,"column":17},"end":{"line":206,"column":37}},{"start":{"line":206,"column":41},"end":{"line":206,"column":59}}],"line":206},"10":{"loc":{"start":{"line":229,"column":4},"end":{"line":260,"column":5}},"type":"if","locations":[{"start":{"line":229,"column":4},"end":{"line":260,"column":5}},{"start":{"line":256,"column":11},"end":{"line":260,"column":5}}],"line":229},"11":{"loc":{"start":{"line":229,"column":8},"end":{"line":229,"column":57}},"type":"binary-expr","locations":[{"start":{"line":229,"column":8},"end":{"line":229,"column":28}},{"start":{"line":229,"column":32},"end":{"line":229,"column":57}}],"line":229},"12":{"loc":{"start":{"line":237,"column":8},"end":{"line":254,"column":9}},"type":"if","locations":[{"start":{"line":237,"column":8},"end":{"line":254,"column":9}},{"start":{},"end":{}}],"line":237},"13":{"loc":{"start":{"line":256,"column":11},"end":{"line":260,"column":5}},"type":"if","locations":[{"start":{"line":256,"column":11},"end":{"line":260,"column":5}},{"start":{"line":258,"column":11},"end":{"line":260,"column":5}}],"line":256},"14":{"loc":{"start":{"line":258,"column":11},"end":{"line":260,"column":5}},"type":"if","locations":[{"start":{"line":258,"column":11},"end":{"line":260,"column":5}},{"start":{},"end":{}}],"line":258},"15":{"loc":{"start":{"line":265,"column":4},"end":{"line":271,"column":5}},"type":"if","locations":[{"start":{"line":265,"column":4},"end":{"line":271,"column":5}},{"start":{},"end":{}}],"line":265},"16":{"loc":{"start":{"line":277,"column":4},"end":{"line":281,"column":5}},"type":"if","locations":[{"start":{"line":277,"column":4},"end":{"line":281,"column":5}},{"start":{"line":279,"column":11},"end":{"line":281,"column":5}}],"line":277},"17":{"loc":{"start":{"line":288,"column":6},"end":{"line":291,"column":7}},"type":"if","locations":[{"start":{"line":288,"column":6},"end":{"line":291,"column":7}},{"start":{},"end":{}}],"line":288},"18":{"loc":{"start":{"line":317,"column":4},"end":{"line":320,"column":5}},"type":"if","locations":[{"start":{"line":317,"column":4},"end":{"line":320,"column":5}},{"start":{},"end":{}}],"line":317},"19":{"loc":{"start":{"line":337,"column":4},"end":{"line":337,"column":35}},"type":"if","locations":[{"start":{"line":337,"column":4},"end":{"line":337,"column":35}},{"start":{},"end":{}}],"line":337},"20":{"loc":{"start":{"line":340,"column":4},"end":{"line":343,"column":5}},"type":"if","locations":[{"start":{"line":340,"column":4},"end":{"line":343,"column":5}},{"start":{},"end":{}}],"line":340},"21":{"loc":{"start":{"line":356,"column":4},"end":{"line":364,"column":5}},"type":"if","locations":[{"start":{"line":356,"column":4},"end":{"line":364,"column":5}},{"start":{"line":360,"column":11},"end":{"line":364,"column":5}}],"line":356},"22":{"loc":{"start":{"line":373,"column":4},"end":{"line":379,"column":5}},"type":"if","locations":[{"start":{"line":373,"column":4},"end":{"line":379,"column":5}},{"start":{},"end":{}}],"line":373},"23":{"loc":{"start":{"line":384,"column":4},"end":{"line":396,"column":5}},"type":"if","locations":[{"start":{"line":384,"column":4},"end":{"line":396,"column":5}},{"start":{"line":393,"column":11},"end":{"line":396,"column":5}}],"line":384},"24":{"loc":{"start":{"line":403,"column":11},"end":{"line":403,"column":43}},"type":"binary-expr","locations":[{"start":{"line":403,"column":11},"end":{"line":403,"column":34}},{"start":{"line":403,"column":38},"end":{"line":403,"column":43}}],"line":403},"25":{"loc":{"start":{"line":408,"column":4},"end":{"line":410,"column":5}},"type":"if","locations":[{"start":{"line":408,"column":4},"end":{"line":410,"column":5}},{"start":{},"end":{}}],"line":408},"26":{"loc":{"start":{"line":412,"column":4},"end":{"line":415,"column":5}},"type":"if","locations":[{"start":{"line":412,"column":4},"end":{"line":415,"column":5}},{"start":{},"end":{}}],"line":412},"27":{"loc":{"start":{"line":412,"column":8},"end":{"line":413,"column":67}},"type":"binary-expr","locations":[{"start":{"line":412,"column":8},"end":{"line":412,"column":65}},{"start":{"line":413,"column":8},"end":{"line":413,"column":67}}],"line":412},"28":{"loc":{"start":{"line":417,"column":4},"end":{"line":420,"column":5}},"type":"if","locations":[{"start":{"line":417,"column":4},"end":{"line":420,"column":5}},{"start":{},"end":{}}],"line":417},"29":{"loc":{"start":{"line":417,"column":8},"end":{"line":418,"column":70}},"type":"binary-expr","locations":[{"start":{"line":417,"column":8},"end":{"line":417,"column":68}},{"start":{"line":418,"column":8},"end":{"line":418,"column":70}}],"line":417},"30":{"loc":{"start":{"line":423,"column":4},"end":{"line":427,"column":5}},"type":"if","locations":[{"start":{"line":423,"column":4},"end":{"line":427,"column":5}},{"start":{},"end":{}}],"line":423},"31":{"loc":{"start":{"line":423,"column":8},"end":{"line":425,"column":70}},"type":"binary-expr","locations":[{"start":{"line":423,"column":8},"end":{"line":423,"column":20}},{"start":{"line":424,"column":8},"end":{"line":424,"column":68}},{"start":{"line":425,"column":8},"end":{"line":425,"column":70}}],"line":423},"32":{"loc":{"start":{"line":440,"column":4},"end":{"line":440,"column":40}},"type":"if","locations":[{"start":{"line":440,"column":4},"end":{"line":440,"column":40}},{"start":{},"end":{}}],"line":440},"33":{"loc":{"start":{"line":440,"column":8},"end":{"line":440,"column":26}},"type":"binary-expr","locations":[{"start":{"line":440,"column":8},"end":{"line":440,"column":15}},{"start":{"line":440,"column":19},"end":{"line":440,"column":26}}],"line":440},"34":{"loc":{"start":{"line":460,"column":4},"end":{"line":460,"column":46}},"type":"if","locations":[{"start":{"line":460,"column":4},"end":{"line":460,"column":46}},{"start":{},"end":{}}],"line":460},"35":{"loc":{"start":{"line":460,"column":8},"end":{"line":460,"column":31}},"type":"binary-expr","locations":[{"start":{"line":460,"column":8},"end":{"line":460,"column":15}},{"start":{"line":460,"column":19},"end":{"line":460,"column":31}}],"line":460},"36":{"loc":{"start":{"line":473,"column":11},"end":{"line":473,"column":89}},"type":"binary-expr","locations":[{"start":{"line":473,"column":12},"end":{"line":473,"column":27}},{"start":{"line":473,"column":31},"end":{"line":473,"column":47}},{"start":{"line":473,"column":53},"end":{"line":473,"column":71}},{"start":{"line":473,"column":75},"end":{"line":473,"column":88}}],"line":473},"37":{"loc":{"start":{"line":490,"column":4},"end":{"line":493,"column":5}},"type":"if","locations":[{"start":{"line":490,"column":4},"end":{"line":493,"column":5}},{"start":{},"end":{}}],"line":490},"38":{"loc":{"start":{"line":504,"column":6},"end":{"line":504,"column":33}},"type":"if","locations":[{"start":{"line":504,"column":6},"end":{"line":504,"column":33}},{"start":{},"end":{}}],"line":504},"39":{"loc":{"start":{"line":504,"column":10},"end":{"line":504,"column":24}},"type":"binary-expr","locations":[{"start":{"line":504,"column":10},"end":{"line":504,"column":15}},{"start":{"line":504,"column":19},"end":{"line":504,"column":24}}],"line":504},"40":{"loc":{"start":{"line":513,"column":6},"end":{"line":515,"column":7}},"type":"if","locations":[{"start":{"line":513,"column":6},"end":{"line":515,"column":7}},{"start":{},"end":{}}],"line":513},"41":{"loc":{"start":{"line":517,"column":6},"end":{"line":519,"column":7}},"type":"if","locations":[{"start":{"line":517,"column":6},"end":{"line":519,"column":7}},{"start":{},"end":{}}],"line":517},"42":{"loc":{"start":{"line":521,"column":6},"end":{"line":529,"column":7}},"type":"if","locations":[{"start":{"line":521,"column":6},"end":{"line":529,"column":7}},{"start":{},"end":{}}],"line":521},"43":{"loc":{"start":{"line":524,"column":8},"end":{"line":528,"column":9}},"type":"if","locations":[{"start":{"line":524,"column":8},"end":{"line":528,"column":9}},{"start":{"line":526,"column":15},"end":{"line":528,"column":9}}],"line":524},"44":{"loc":{"start":{"line":539,"column":4},"end":{"line":542,"column":5}},"type":"if","locations":[{"start":{"line":539,"column":4},"end":{"line":542,"column":5}},{"start":{},"end":{}}],"line":539},"45":{"loc":{"start":{"line":544,"column":4},"end":{"line":547,"column":5}},"type":"if","locations":[{"start":{"line":544,"column":4},"end":{"line":547,"column":5}},{"start":{},"end":{}}],"line":544},"46":{"loc":{"start":{"line":568,"column":4},"end":{"line":571,"column":5}},"type":"if","locations":[{"start":{"line":568,"column":4},"end":{"line":571,"column":5}},{"start":{},"end":{}}],"line":568},"47":{"loc":{"start":{"line":582,"column":22},"end":{"line":582,"column":61}},"type":"binary-expr","locations":[{"start":{"line":582,"column":22},"end":{"line":582,"column":34}},{"start":{"line":582,"column":38},"end":{"line":582,"column":55}},{"start":{"line":582,"column":59},"end":{"line":582,"column":61}}],"line":582},"48":{"loc":{"start":{"line":587,"column":4},"end":{"line":593,"column":5}},"type":"if","locations":[{"start":{"line":587,"column":4},"end":{"line":593,"column":5}},{"start":{"line":590,"column":11},"end":{"line":593,"column":5}}],"line":587},"49":{"loc":{"start":{"line":600,"column":21},"end":{"line":600,"column":30}},"type":"default-arg","locations":[{"start":{"line":600,"column":28},"end":{"line":600,"column":30}}],"line":600},"50":{"loc":{"start":{"line":601,"column":4},"end":{"line":601,"column":25}},"type":"if","locations":[{"start":{"line":601,"column":4},"end":{"line":601,"column":25}},{"start":{},"end":{}}],"line":601},"51":{"loc":{"start":{"line":646,"column":6},"end":{"line":653,"column":7}},"type":"if","locations":[{"start":{"line":646,"column":6},"end":{"line":653,"column":7}},{"start":{},"end":{}}],"line":646},"52":{"loc":{"start":{"line":658,"column":38},"end":{"line":671,"column":8}},"type":"cond-expr","locations":[{"start":{"line":658,"column":56},"end":{"line":671,"column":3}},{"start":{"line":671,"column":6},"end":{"line":671,"column":8}}],"line":658},"53":{"loc":{"start":{"line":675,"column":15},"end":{"line":675,"column":155}},"type":"cond-expr","locations":[{"start":{"line":675,"column":42},"end":{"line":675,"column":97}},{"start":{"line":675,"column":100},"end":{"line":675,"column":155}}],"line":675},"54":{"loc":{"start":{"line":676,"column":15},"end":{"line":676,"column":157}},"type":"cond-expr","locations":[{"start":{"line":676,"column":42},"end":{"line":676,"column":98}},{"start":{"line":676,"column":101},"end":{"line":676,"column":157}}],"line":676},"55":{"loc":{"start":{"line":677,"column":17},"end":{"line":677,"column":161}},"type":"cond-expr","locations":[{"start":{"line":677,"column":46},"end":{"line":677,"column":102}},{"start":{"line":677,"column":105},"end":{"line":677,"column":161}}],"line":677},"56":{"loc":{"start":{"line":678,"column":15},"end":{"line":678,"column":155}},"type":"cond-expr","locations":[{"start":{"line":678,"column":42},"end":{"line":678,"column":97}},{"start":{"line":678,"column":100},"end":{"line":678,"column":155}}],"line":678},"57":{"loc":{"start":{"line":686,"column":6},"end":{"line":686,"column":56}},"type":"binary-expr","locations":[{"start":{"line":686,"column":6},"end":{"line":686,"column":25}},{"start":{"line":686,"column":29},"end":{"line":686,"column":56}}],"line":686},"58":{"loc":{"start":{"line":687,"column":6},"end":{"line":687,"column":37}},"type":"binary-expr","locations":[{"start":{"line":687,"column":6},"end":{"line":687,"column":17}},{"start":{"line":687,"column":21},"end":{"line":687,"column":37}}],"line":687},"59":{"loc":{"start":{"line":688,"column":6},"end":{"line":688,"column":49}},"type":"binary-expr","locations":[{"start":{"line":688,"column":6},"end":{"line":688,"column":21}},{"start":{"line":688,"column":25},"end":{"line":688,"column":49}}],"line":688},"60":{"loc":{"start":{"line":695,"column":7},"end":{"line":699,"column":7}},"type":"binary-expr","locations":[{"start":{"line":695,"column":7},"end":{"line":695,"column":19}},{"start":{"line":696,"column":8},"end":{"line":698,"column":15}}],"line":695},"61":{"loc":{"start":{"line":702,"column":7},"end":{"line":708,"column":7}},"type":"binary-expr","locations":[{"start":{"line":702,"column":7},"end":{"line":702,"column":19}},{"start":{"line":702,"column":23},"end":{"line":702,"column":44}},{"start":{"line":703,"column":8},"end":{"line":707,"column":15}}],"line":702},"62":{"loc":{"start":{"line":723,"column":23},"end":{"line":723,"column":66}},"type":"cond-expr","locations":[{"start":{"line":723,"column":41},"end":{"line":723,"column":52}},{"start":{"line":723,"column":55},"end":{"line":723,"column":66}}],"line":723},"63":{"loc":{"start":{"line":724,"column":25},"end":{"line":724,"column":66}},"type":"cond-expr","locations":[{"start":{"line":724,"column":43},"end":{"line":724,"column":52}},{"start":{"line":724,"column":55},"end":{"line":724,"column":66}}],"line":724},"64":{"loc":{"start":{"line":730,"column":9},"end":{"line":736,"column":9}},"type":"binary-expr","locations":[{"start":{"line":730,"column":9},"end":{"line":730,"column":21}},{"start":{"line":731,"column":10},"end":{"line":735,"column":12}}],"line":730},"65":{"loc":{"start":{"line":734,"column":22},"end":{"line":734,"column":56}},"type":"cond-expr","locations":[{"start":{"line":734,"column":40},"end":{"line":734,"column":47}},{"start":{"line":734,"column":50},"end":{"line":734,"column":56}}],"line":734},"66":{"loc":{"start":{"line":737,"column":9},"end":{"line":743,"column":9}},"type":"binary-expr","locations":[{"start":{"line":737,"column":9},"end":{"line":737,"column":15}},{"start":{"line":738,"column":10},"end":{"line":742,"column":12}}],"line":737},"67":{"loc":{"start":{"line":741,"column":22},"end":{"line":741,"column":57}},"type":"cond-expr","locations":[{"start":{"line":741,"column":40},"end":{"line":741,"column":47}},{"start":{"line":741,"column":50},"end":{"line":741,"column":57}}],"line":741},"68":{"loc":{"start":{"line":744,"column":9},"end":{"line":750,"column":9}},"type":"binary-expr","locations":[{"start":{"line":744,"column":9},"end":{"line":744,"column":20}},{"start":{"line":745,"column":10},"end":{"line":749,"column":12}}],"line":744},"69":{"loc":{"start":{"line":748,"column":22},"end":{"line":748,"column":55}},"type":"cond-expr","locations":[{"start":{"line":748,"column":40},"end":{"line":748,"column":47}},{"start":{"line":748,"column":50},"end":{"line":748,"column":55}}],"line":748},"70":{"loc":{"start":{"line":753,"column":9},"end":{"line":774,"column":12}},"type":"binary-expr","locations":[{"start":{"line":753,"column":9},"end":{"line":753,"column":21}},{"start":{"line":754,"column":10},"end":{"line":774,"column":12}}],"line":753},"71":{"loc":{"start":{"line":777,"column":9},"end":{"line":798,"column":12}},"type":"binary-expr","locations":[{"start":{"line":777,"column":9},"end":{"line":777,"column":21}},{"start":{"line":778,"column":10},"end":{"line":798,"column":12}}],"line":777},"72":{"loc":{"start":{"line":785,"column":21},"end":{"line":785,"column":79}},"type":"cond-expr","locations":[{"start":{"line":785,"column":49},"end":{"line":785,"column":64}},{"start":{"line":785,"column":67},"end":{"line":785,"column":79}}],"line":785},"73":{"loc":{"start":{"line":801,"column":9},"end":{"line":812,"column":9}},"type":"binary-expr","locations":[{"start":{"line":801,"column":9},"end":{"line":801,"column":23}},{"start":{"line":801,"column":27},"end":{"line":801,"column":33}},{"start":{"line":801,"column":37},"end":{"line":801,"column":48}},{"start":{"line":802,"column":10},"end":{"line":811,"column":12}}],"line":801},"74":{"loc":{"start":{"line":806,"column":25},"end":{"line":806,"column":64}},"type":"cond-expr","locations":[{"start":{"line":806,"column":43},"end":{"line":806,"column":52}},{"start":{"line":806,"column":55},"end":{"line":806,"column":64}}
[...]
f","locations":[{"start":{"line":251,"column":6},"end":{"line":251,"column":47}},{"start":{},"end":{}}],"line":251},"18":{"loc":{"start":{"line":252,"column":6},"end":{"line":252,"column":52}},"type":"if","locations":[{"start":{"line":252,"column":6},"end":{"line":252,"column":52}},{"start":{},"end":{}}],"line":252},"19":{"loc":{"start":{"line":253,"column":6},"end":{"line":253,"column":53}},"type":"if","locations":[{"start":{"line":253,"column":6},"end":{"line":253,"column":53}},{"start":{},"end":{}}],"line":253},"20":{"loc":{"start":{"line":254,"column":6},"end":{"line":254,"column":59}},"type":"if","locations":[{"start":{"line":254,"column":6},"end":{"line":254,"column":59}},{"start":{},"end":{}}],"line":254},"21":{"loc":{"start":{"line":254,"column":10},"end":{"line":254,"column":43}},"type":"binary-expr","locations":[{"start":{"line":254,"column":10},"end":{"line":254,"column":25}},{"start":{"line":254,"column":29},"end":{"line":254,"column":43}}],"line":254},"22":{"loc":{"start":{"line":255,"column":6},"end":{"line":255,"column":39}},"type":"if","locations":[{"start":{"line":255,"column":6},"end":{"line":255,"column":39}},{"start":{},"end":{}}],"line":255},"23":{"loc":{"start":{"line":262,"column":4},"end":{"line":262,"column":60}},"type":"if","locations":[{"start":{"line":262,"column":4},"end":{"line":262,"column":60}},{"start":{},"end":{}}],"line":262},"24":{"loc":{"start":{"line":262,"column":8},"end":{"line":262,"column":51}},"type":"binary-expr","locations":[{"start":{"line":262,"column":8},"end":{"line":262,"column":23}},{"start":{"line":262,"column":27},"end":{"line":262,"column":51}}],"line":262},"25":{"loc":{"start":{"line":272,"column":4},"end":{"line":275,"column":5}},"type":"if","locations":[{"start":{"line":272,"column":4},"end":{"line":275,"column":5}},{"start":{},"end":{}}],"line":272},"26":{"loc":{"start":{"line":298,"column":7},"end":{"line":304,"column":7}},"type":"binary-expr","locations":[{"start":{"line":298,"column":7},"end":{"line":298,"column":14}},{"start":{"line":299,"column":8},"end":{"line":303,"column":15}}],"line":298},"27":{"loc":{"start":{"line":300,"column":44},"end":{"line":300,"column":75}},"type":"binary-expr","locations":[{"start":{"line":300,"column":44},"end":{"line":300,"column":55}},{"start":{"line":300,"column":59},"end":{"line":300,"column":75}}],"line":300},"28":{"loc":{"start":{"line":322,"column":23},"end":{"line":322,"column":66}},"type":"cond-expr","locations":[{"start":{"line":322,"column":41},"end":{"line":322,"column":52}},{"start":{"line":322,"column":55},"end":{"line":322,"column":66}}],"line":322},"29":{"loc":{"start":{"line":323,"column":25},"end":{"line":323,"column":68}},"type":"cond-expr","locations":[{"start":{"line":323,"column":43},"end":{"line":323,"column":54}},{"start":{"line":323,"column":57},"end":{"line":323,"column":68}}],"line":323},"30":{"loc":{"start":{"line":336,"column":22},"end":{"line":336,"column":59}},"type":"cond-expr","locations":[{"start":{"line":336,"column":40},"end":{"line":336,"column":47}},{"start":{"line":336,"column":50},"end":{"line":336,"column":59}}],"line":336},"31":{"loc":{"start":{"line":340,"column":17},"end":{"line":340,"column":67}},"type":"binary-expr","locations":[{"start":{"line":340,"column":17},"end":{"line":340,"column":41}},{"start":{"line":340,"column":45},"end":{"line":340,"column":67}}],"line":340},"32":{"loc":{"start":{"line":345,"column":51},"end":{"line":345,"column":82}},"type":"binary-expr","locations":[{"start":{"line":345,"column":51},"end":{"line":345,"column":62}},{"start":{"line":345,"column":66},"end":{"line":345,"column":82}}],"line":345},"33":{"loc":{"start":{"line":346,"column":53},"end":{"line":346,"column":84}},"type":"binary-expr","locations":[{"start":{"line":346,"column":53},"end":{"line":346,"column":64}},{"start":{"line":346,"column":68},"end":{"line":346,"column":84}}],"line":346},"34":{"loc":{"start":{"line":347,"column":17},"end":{"line":349,"column":17}},"type":"binary-expr","locations":[{"start":{"line":347,"column":17},"end":{"line":347,"column":37}},{"start":{"line":348,"column":18},"end":{"line":348,"column":117}}],"line":347},"35":{"loc":{"start":{"line":348,"column":54},"end":{"line":348,"column":85}},"type":"binary-expr","locations":[{"start":{"line":348,"column":54},"end":{"line":348,"column":65}},{"start":{"line":348,"column":69},"end":{"line":348,"column":85}}],"line":348},"36":{"loc":{"start":{"line":351,"column":50},"end":{"line":351,"column":71}},"type":"cond-expr","locations":[{"start":{"line":351,"column":64},"end":{"line":351,"column":66}},{"start":{"line":351,"column":69},"end":{"line":351,"column":71}}],"line":351},"37":{"loc":{"start":{"line":352,"column":55},"end":{"line":352,"column":86}},"type":"binary-expr","locations":[{"start":{"line":352,"column":55},"end":{"line":352,"column":66}},{"start":{"line":352,"column":70},"end":{"line":352,"column":86}}],"line":352},"38":{"loc":{"start":{"line":361,"column":7},"end":{"line":371,"column":7}},"type":"binary-expr","locations":[{"start":{"line":361,"column":7},"end":{"line":361,"column":16}},{"start":{"line":362,"column":8},"end":{"line":370,"column":15}}],"line":361},"39":{"loc":{"start":{"line":363,"column":49},"end":{"line":363,"column":85}},"type":"cond-expr","locations":[{"start":{"line":363,"column":67},"end":{"line":363,"column":73}},{"start":{"line":363,"column":76},"end":{"line":363,"column":85}}],"line":363},"40":{"loc":{"start":{"line":365,"column":12},"end":{"line":365,"column":48}},"type":"binary-expr","locations":[{"start":{"line":365,"column":12},"end":{"line":365,"column":27}},{"start":{"line":365,"column":31},"end":{"line":365,"column":48}}],"line":365},"41":{"loc":{"start":{"line":366,"column":12},"end":{"line":366,"column":43}},"type":"binary-expr","locations":[{"start":{"line":366,"column":12},"end":{"line":366,"column":23}},{"start":{"line":366,"column":27},"end":{"line":366,"column":43}}],"line":366},"42":{"loc":{"start":{"line":378,"column":40},"end":{"line":378,"column":71}},"type":"binary-expr","locations":[{"start":{"line":378,"column":40},"end":{"line":378,"column":51}},{"start":{"line":378,"column":55},"end":{"line":378,"column":71}}],"line":378},"43":{"loc":{"start":{"line":386,"column":41},"end":{"line":386,"column":87}},"type":"binary-expr","locations":[{"start":{"line":386,"column":41},"end":{"line":386,"column":56}},{"start":{"line":386,"column":60},"end":{"line":386,"column":87}}],"line":386},"44":{"loc":{"start":{"line":405,"column":50},"end":{"line":405,"column":81}},"type":"binary-expr","locations":[{"start":{"line":405,"column":50},"end":{"line":405,"column":61}},{"start":{"line":405,"column":65},"end":{"line":405,"column":81}}],"line":405},"45":{"loc":{"start":{"line":411,"column":7},"end":{"line":426,"column":7}},"type":"binary-expr","locations":[{"start":{"line":411,"column":7},"end":{"line":411,"column":19}},{"start":{"line":412,"column":8},"end":{"line":425,"column":27}}],"line":411},"46":{"loc":{"start":{"line":413,"column":43},"end":{"line":413,"column":89}},"type":"binary-expr","locations":[{"start":{"line":413,"column":43},"end":{"line":413,"column":58}},{"start":{"line":413,"column":62},"end":{"line":413,"column":89}}],"line":413},"47":{"loc":{"start":{"line":415,"column":12},"end":{"line":421,"column":13}},"type":"if","locations":[{"start":{"line":415,"column":12},"end":{"line":421,"column":13}},{"start":{},"end":{}}],"line":415},"48":{"loc":{"start":{"line":415,"column":16},"end":{"line":415,"column":46}},"type":"binary-expr","locations":[{"start":{"line":415,"column":16},"end":{"line":415,"column":28}},{"start":{"line":415,"column":32},"end":{"line":415,"column":46}}],"line":415}},"s":{"0":1,"1":1,"2":1,"3":1,"4":1,"5":1,"6":1,"7":79,"8":78,"9":78,"10":78,"11":78,"12":78,"13":78,"14":78,"15":78,"16":78,"17":78,"18":78,"19":48,"20":30,"21":0,"22":30,"23":30,"24":78,"25":18,"26":18,"27":18,"28":18,"29":16,"30":1,"31":1,"32":1,"33":15,"34":14,"35":14,"36":14,"37":14,"38":3,"39":3,"40":18,"41":78,"42":14,"43":14,"44":14,"45":14,"46":14,"47":14,"48":14,"49":13,"50":11,"51":1,"52":1,"53":1,"54":1,"55":10,"56":18,"57":10,"58":10,"59":3,"60":7,"61":7,"62":7,"63":18,"64":7,"65":0,"66":7,"67":3,"68":3,"69":14,"70":78,"71":12,"72":0,"73":0,"74":12,"75":78,"76":0,"77":0,"78":0,"79":0,"80":78,"81":18,"82":0,"83":18,"84":18,"85":2,"86":16,"87":2,"88":14,"89":3,"90":11,"91":6,"92":5,"93":2,"94":3,"95":78,"96":7,"97":0,"98":7,"99":78,"100":0,"101":0,"102":0,"103":0,"104":0,"105":0,"106":78,"107":4446,"108":18,"109":0,"110":0,"111":234,"112":0,"113":0,"114":0,"115":1},"f":{"0":79,"1":48,"2":0,"3":30,"4":18,"5":18,"6":14,"7":18,"8":18,"9":12,"10":0,"11":18,"12":7,"13":0,"14":0,"15":4446,"16":18,"17":0,"18":0,"19":234,"20":0,"21":0},"b":{"0":[3,75],"1":[30,18],"2":[1,15],"3":[14,0],"4":[14,0],"5":[14,14],"6":[1,10],"7":[18,1,1],"8":[18,1,1],"9":[18,1],"10":[3,7],"11":[7,0],"12":[0,7],"13":[0,12],"14":[0,0],"15":[0,18],"16":[18,18],"17":[2,16],"18":[2,14],"19":[3,11],"20":[6,5],"21":[11,7],"22":[2,3],"23":[0,7],"24":[7,7],"25":[0,0],"26":[78,30],"27":[30,1],"28":[171,4275],"29":[171,4275],"30":[0,18],"31":[18,0],"32":[18,1],"33":[18,1],"34":[18,17],"35":[17,1],"36":[1,17],"37":[18,1],"38":[78,42],"39":[1,41],"40":[42,1],"41":[42,1],"42":[78,3],"43":[78,3],"44":[234,9],"45":[78,14],"46":[14,0],"47":[0,0],"48":[0,0]},"_coverageSchema":"1a1c01bbd47fc00a2c39e90264f33305004495a9","hash":"1269d2e0f5c422ca516a64798deb3834870a00a8"}
,"/Users/mouhamedcoundoul/Downloads/SOEN-390/SOEN-390-Mini-Capstone/lost-in-faubourg-app/components/polygonCoordinates.tsx": {"path":"/Users/mouhamedcoundoul/Downloads/SOEN-390/SOEN-390-Mini-Capstone/lost-in-faubourg-app/components/polygonCoordinates.tsx","statementMap":{"0":{"start":{"line":1,"column":24},"end":{"line":988,"column":1}}},"fnMap":{},"branchMap":{},"s":{"0":3},"f":{},"b":{},"_coverageSchema":"1a1c01bbd47fc00a2c39e90264f33305004495a9","hash":"bc23fddc9be5979479bd91d65500b9156c578d1c"}
,"/Users/mouhamedcoundoul/Downloads/SOEN-390/SOEN-390-Mini-Capstone/lost-in-faubourg-app/services/openingHoursService.tsx": {"path":"/Users/mouhamedcoundoul/Downloads/SOEN-390/SOEN-390-Mini-Capstone/lost-in-faubourg-app/services/openingHoursService.tsx","statementMap":{"0":{"start":{"line":4,"column":19},"end":{"line":29,"column":1}},"1":{"start":{"line":8,"column":2},"end":{"line":28,"column":3}},"2":{"start":{"line":9,"column":21},"end":{"line":19,"column":5}},"3":{"start":{"line":21,"column":18},"end":{"line":21,"column":42}},"4":{"start":{"line":22,"column":4},"end":{"line":22,"column":41}},"5":{"start":{"line":24,"column":4},"end":{"line":26,"column":5}},"6":{"start":{"line":25,"column":6},"end":{"line":25,"column":55}},"7":{"start":{"line":27,"column":4},"end":{"line":27,"column":16}},"8":{"start":{"line":31,"column":24},"end":{"line":63,"column":1}},"9":{"start":{"line":35,"column":2},"end":{"line":62,"column":3}},"10":{"start":{"line":36,"column":20},"end":{"line":36,"column":57}},"11":{"start":{"line":37,"column":4},"end":{"line":40,"column":5}},"12":{"start":{"line":38,"column":6},"end":{"line":38,"column":64}},"13":{"start":{"line":39,"column":6},"end":{"line":39,"column":34}},"14":{"start":{"line":42,"column":21},"end":{"line":51,"column":5}},"15":{"start":{"line":53,"column":4},"end":{"line":56,"column":6}},"16":{"start":{"line":58,"column":4},"end":{"line":60,"column":5}},"17":{"start":{"line":59,"column":6},"end":{"line":59,"column":60}},"18":{"start":{"line":61,"column":4},"end":{"line":61,"column":34}}},"fnMap":{"0":{"name":"(anonymous_0)","decl":{"start":{"line":4,"column":19},"end":{"line":4,"column":20}},"loc":{"start":{"line":7,"column":29},"end":{"line":29,"column":1}},"line":7},"1":{"name":"(anonymous_1)","decl":{"start":{"line":31,"column":24},"end":{"line":31,"column":25}},"loc":{"start":{"line":34,"column":29},"end":{"line":63,"column":1}},"line":34}},"branchMap":{"0":{"loc":{"start":{"line":22,"column":11},"end":{"line":22,"column":40}},"type":"cond-expr","locations":[{"start":{"line":22,"column":19},"end":{"line":22,"column":33}},{"start":{"line":22,"column":36},"end":{"line":22,"column":40}}],"line":22},"1":{"loc":{"start":{"line":24,"column":4},"end":{"line":26,"column":5}},"type":"if","locations":[{"start":{"line":24,"column":4},"end":{"line":26,"column":5}},{"start":{},"end":{}}],"line":24},"2":{"loc":{"start":{"line":37,"column":4},"end":{"line":40,"column":5}},"type":"if","locations":[{"start":{"line":37,"column":4},"end":{"line":40,"column":5}},{"start":{},"end":{}}],"line":37},"3":{"loc":{"start":{"line":54,"column":6},"end":{"line":55,"column":26}},"type":"binary-expr","locations":[{"start":{"line":54,"column":6},"end":{"line":54,"column":75}},{"start":{"line":55,"column":6},"end":{"line":55,"column":26}}],"line":54},"4":{"loc":{"start":{"line":58,"column":4},"end":{"line":60,"column":5}},"type":"if","locations":[{"start":{"line":58,"column":4},"end":{"line":60,"column":5}},{"start":{},"end":{}}],"line":58}},"s":{"0":2,"1":64,"2":64,"3":62,"4":62,"5":1,"6":0,"7":1,"8":2,"9":61,"10":61,"11":60,"12":6,"13":6,"14":54,"15":53,"16":1,"17":0,"18":1},"f":{"0":64,"1":61},"b":{"0":[55,7],"1":[0,1],"2":[6,54],"3":[53,25],"4":[0,1]},"_coverageSchema":"1a1c01bbd47fc00a2c39e90264f33305004495a9","hash":"a6c272f58fd874e7d83ee65879293ba30b89f9c8"}
,"/Users/mouhamedcoundoul/Downloads/SOEN-390/SOEN-390-Mini-Capstone/lost-in-faubourg-app/utils/geometry.tsx": {"path":"/Users/mouhamedcoundoul/Downloads/SOEN-390/SOEN-390-Mini-Capstone/lost-in-faubourg-app/utils/geometry.tsx","statementMap":{"0":{"start":{"line":25,"column":15},"end":{"line":25,"column":23}},"1":{"start":{"line":26,"column":13},"end":{"line":26,"column":22}},"2":{"start":{"line":27,"column":15},"end":{"line":27,"column":23}},"3":{"start":{"line":28,"column":13},"end":{"line":28,"column":22}},"4":{"start":{"line":30,"column":2},"end":{"line":35,"column":4}},"5":{"start":{"line":31,"column":4},"end":{"line":31,"column":56}},"6":{"start":{"line":31,"column":33},"end":{"line":31,"column":56}},"7":{"start":{"line":32,"column":4},"end":{"line":32,"column":56}},"8":{"start":{"line":32,"column":33},"end":{"line":32,"column":56}},"9":{"start":{"line":33,"column":4},"end":{"line":33,"column":58}},"10":{"start":{"line":33,"column":34},"end":{"line":33,"column":58}},"11":{"start":{"line":34,"column":4},"end":{"line":34,"column":58}},"12":{"start":{"line":34,"column":34},"end":{"line":34,"column":58}},"13":{"start":{"line":37,"column":2},"end":{"line":37,"column":43}},"14":{"start":{"line":49,"column":45},"end":{"line":49,"column":68}},"15":{"start":{"line":50,"column":2},"end":{"line":57,"column":3}},"16":{"start":{"line":56,"column":4},"end":{"line":56,"column":16}},"17":{"start":{"line":60,"column":15},"end":{"line":60,"column":20}},"18":{"start":{"line":61,"column":2},"end":{"line":70,"column":3}},"19":{"start":{"line":61,"column":15},"end":{"line":61,"column":16}},"20":{"start":{"line":61,"column":22},"end":{"line":61,"column":40}},"21":{"start":{"line":62,"column":15},"end":{"line":62,"column":34}},"22":{"start":{"line":63,"column":11},"end":{"line":63,"column":31}},"23":{"start":{"line":64,"column":15},"end":{"line":64,"column":34}},"24":{"start":{"line":65,"column":11},"end":{"line":65,"column":31}},"25":{"start":{"line":67,"column":6},"end":{"line":68,"column":76}},"26":{"start":{"line":69,"column":4},"end":{"line":69,"column":35}},"27":{"start":{"line":69,"column":19},"end":{"line":69,"column":35}},"28":{"start":{"line":71,"column":2},"end":{"line":71,"column":15}},"29":{"start":{"line":81,"column":2},"end":{"line":85,"column":3}},"30":{"start":{"line":82,"column":4},"end":{"line":84,"column":5}},"31":{"start":{"line":83,"column":6},"end":{"line":83,"column":57}},"32":{"start":{"line":86,"column":2},"end":{"line":86,"column":13}},"33":{"start":{"line":94,"column":32},"end":{"line":105,"column":1}},"34":{"start":{"line":95,"column":15},"end":{"line":95,"column":16}},"35":{"start":{"line":96,"column":13},"end":{"line":96,"column":14}},"36":{"start":{"line":97,"column":2},"end":{"line":100,"column":4}},"37":{"start":{"line":98,"column":4},"end":{"line":98,"column":28}},"38":{"start":{"line":99,"column":4},"end":{"line":99,"column":29}},"39":{"start":{"line":101,"column":2},"end":{"line":104,"column":3}}},"fnMap":{"0":{"name":"getBoundingBox","decl":{"start":{"line":24,"column":9},"end":{"line":24,"column":23}},"loc":{"start":{"line":24,"column":60},"end":{"line":38,"column":1}},"line":24},"1":{"name":"(anonymous_1)","decl":{"start":{"line":30,"column":18},"end":{"line":30,"column":19}},"loc":{"start":{"line":30,"column":29},"end":{"line":35,"column":3}},"line":30},"2":{"name":"isPointInPolygon","decl":{"start":{"line":47,"column":9},"end":{"line":47,"column":25}},"loc":{"start":{"line":47,"column":77},"end":{"line":72,"column":1}},"line":47},"3":{"name":"isUserInBuilding","decl":{"start":{"line":80,"column":16},"end":{"line":80,"column":32}},"loc":{"start":{"line":80,"column":71},"end":{"line":87,"column":1}},"line":80},"4":{"name":"(anonymous_4)","decl":{"start":{"line":94,"column":32},"end":{"line":94,"column":33}},"loc":{"start":{"line":94,"column":74},"end":{"line":105,"column":1}},"line":94},"5":{"name":"(anonymous_5)","decl":{"start":{"line":97,"column":21},"end":{"line":97,"column":22}},"loc":{"start":{"line":97,"column":32},"end":{"line":100,"column":3}},"line":97}},"branchMap":{"0":{"loc":{"start":{"line":31,"column":4},"end":{"line":31,"column":56}},"type":"if","locations":[{"start":{"line":31,"column":4},"end":{"line":31,"column":56}},{"start":{},"end":{}}],"line":31},"1":{"loc":{"start":{"line":32,"column":4},"end":{"line":32,"column":56}},"type":"if","locations":[{"start":{"line":32,"column":4},"end":{"line":32,"column":56}},{"start":{},"end":{}}],"line":32},"2":{"loc":{"start":{"line":33,"column":4},"end":{"line":33,"column":58}},"type":"if","locations":[{"start":{"line":33,"column":4},"end":{"line":33,"column":58}},{"start":{},"end":{}}],"line":33},"3":{"loc":{"start":{"line":34,"column":4},"end":{"line":34,"column":58}},"type":"if","locations":[{"start":{"line":34,"column":4},"end":{"line":34,"column":58}},{"start":{},"end":{}}],"line":34},"4":{"loc":{"start":{"line":50,"column":2},"end":{"line":57,"column":3}},"type":"if","locations":[{"start":{"line":50,"column":2},"end":{"line":57,"column":3}},{"start":{},"end":{}}],"line":50},"5":{"loc":{"start":{"line":51,"column":4},"end":{"line":54,"column":28}},"type":"binary-expr","locations":[{"start":{"line":51,"column":4},"end":{"line":51,"column":27}},{"start":{"line":52,"column":4},"end":{"line":52,"column":27}},{"start":{"line":53,"column":4},"end":{"line":53,"column":28}},{"start":{"line":54,"column":4},"end":{"line":54,"column":28}}],"line":51},"6":{"loc":{"start":{"line":67,"column":6},"end":{"line":68,"column":76}},"type":"binary-expr","locations":[{"start":{"line":67,"column":6},"end":{"line":67,"column":51}},{"start":{"line":68,"column":6},"end":{"line":68,"column":76}}],"line":67},"7":{"loc":{"start":{"line":69,"column":4},"end":{"line":69,"column":35}},"type":"if","locations":[{"start":{"line":69,"column":4},"end":{"line":69,"column":35}},{"start":{},"end":{}}],"line":69},"8":{"loc":{"start":{"line":82,"column":4},"end":{"line":84,"column":5}},"type":"if","locations":[{"start":{"line":82,"column":4},"end":{"line":84,"column":5}},{"start":{},"end":{}}],"line":82}},"s":{"0":2111,"1":2111,"2":2111,"3":2111,"4":2111,"5":19986,"6":8253,"7":19986,"8":4999,"9":19986,"10":7069,"11":19986,"12":5998,"13":2111,"14":2111,"15":2111,"16":2089,"17":22,"18":22,"19":22,"20":22,"21":206,"22":206,"23":206,"24":206,"25":206,"26":206,"27":29,"28":22,"29":39,"30":2111,"31":1,"32":38,"33":2,"34":6,"35":6,"36":6,"37":18,"38":18,"39":6},"f":{"0":2111,"1":19986,"2":2111,"3":39,"4":6,"5":18},"b":{"0":[8253,11733],"1":[4999,14987],"2":[7069,12917],"3":[5998,13988],"4":[2089,22],"5":[2111,282,43,29],"6":[206,44],"7":[29,177],"8":[1,2110]},"_coverageSchema":"1a1c01bbd47fc00a2c39e90264f33305004495a9","hash":"337b3fe161186b37a1acfc760c384c8e3d6cc49c"}
}
