{"/Users/mouhamedcoundoul/Downloads/SOEN-390/SOEN-390-Mini-Capstone/lost-in-faubourg-app/components/AccessibilitySettings.tsx": {"path":"/Users/mouhamedcoundoul/Downloads/SOEN-390/SOEN-390-Mini-Capstone/lost-in-faubourg-app/components/AccessibilitySettings.tsx","statementMap":{"0":{"start":{"line":6,"column":36},"end":{"line":11,"column":2}},"1":{"start":{"line":13,"column":78},"end":{"line":27,"column":1}},"2":{"start":{"line":14,"column":50},"end":{"line":14,"column":65}},"3":{"start":{"line":15,"column":42},"end":{"line":15,"column":57}},"4":{"start":{"line":17,"column":4},"end":{"line":26,"column":6}},"5":{"start":{"line":29,"column":30},"end":{"line":89,"column":1}},"6":{"start":{"line":30,"column":44},"end":{"line":30,"column":59}},"7":{"start":{"line":31,"column":81},"end":{"line":31,"column":119}},"8":{"start":{"line":33,"column":4},"end":{"line":88,"column":6}},"9":{"start":{"line":37,"column":31},"end":{"line":37,"column":52}},"10":{"start":{"line":47,"column":38},"end":{"line":47,"column":60}},"11":{"start":{"line":53,"column":43},"end":{"line":53,"column":65}},"12":{"start":{"line":91,"column":15},"end":{"line":148,"column":2}}},"fnMap":{"0":{"name":"(anonymous_0)","decl":{"start":{"line":9,"column":24},"end":{"line":9,"column":25}},"loc":{"start":{"line":9,"column":44},"end":{"line":9,"column":46}},"line":9},"1":{"name":"(anonymous_1)","decl":{"start":{"line":10,"column":20},"end":{"line":10,"column":21}},"loc":{"start":{"line":10,"column":40},"end":{"line":10,"column":42}},"line":10},"2":{"name":"(anonymous_2)","decl":{"start":{"line":13,"column":78},"end":{"line":13,"column":79}},"loc":{"start":{"line":13,"column":96},"end":{"line":27,"column":1}},"line":13},"3":{"name":"(anonymous_3)","decl":{"start":{"line":29,"column":30},"end":{"line":29,"column":31}},"loc":{"start":{"line":29,"column":36},"end":{"line":89,"column":1}},"line":29},"4":{"name":"(anonymous_4)","decl":{"start":{"line":37,"column":25},"end":{"line":37,"column":26}},"loc":{"start":{"line":37,"column":31},"end":{"line":37,"column":52}},"line":37},"5":{"name":"(anonymous_5)","decl":{"start":{"line":47,"column":32},"end":{"line":47,"column":33}},"loc":{"start":{"line":47,"column":38},"end":{"line":47,"column":60}},"line":47},"6":{"name":"(anonymous_6)","decl":{"start":{"line":53,"column":37},"end":{"line":53,"column":38}},"loc":{"start":{"line":53,"column":43},"end":{"line":53,"column":65}},"line":53}},"branchMap":{"0":{"loc":{"start":{"line":50,"column":55},"end":{"line":50,"column":94}},"type":"binary-expr","locations":[{"start":{"line":50,"column":55},"end":{"line":50,"column":70}},{"start":{"line":50,"column":74},"end":{"line":50,"column":94}}],"line":50},"1":{"loc":{"start":{"line":59,"column":53},"end":{"line":59,"column":84}},"type":"binary-expr","locations":[{"start":{"line":59,"column":53},"end":{"line":59,"column":64}},{"start":{"line":59,"column":68},"end":{"line":59,"column":84}}],"line":59},"2":{"loc":{"start":{"line":64,"column":61},"end":{"line":64,"column":92}},"type":"binary-expr","locations":[{"start":{"line":64,"column":61},"end":{"line":64,"column":72}},{"start":{"line":64,"column":76},"end":{"line":64,"column":92}}],"line":64},"3":{"loc":{"start":{"line":75,"column":61},"end":{"line":75,"column":92}},"type":"binary-expr","locations":[{"start":{"line":75,"column":61},"end":{"line":75,"column":72}},{"start":{"line":75,"column":76},"end":{"line":75,"column":92}}],"line":75}},"s":{"0":1,"1":1,"2":0,"3":0,"4":0,"5":1,"6":0,"7":0,"8":0,"9":0,"10":0,"11":0,"12":1},"f":{"0":0,"1":0,"2":0,"3":0,"4":0,"5":0,"6":0},"b":{"0":[0,0],"1":[0,0],"2":[0,0],"3":[0,0]},"_coverageSchema":"1a1c01bbd47fc00a2c39e90264f33305004495a9","hash":"a4078cad28de46e64120641312fdde8fcc2c84e3"}
,"/Users/mouhamedcoundoul/Downloads/SOEN-390/SOEN-390-Mini-Capstone/lost-in-faubourg-app/components/PointsOfInterestScreen.tsx": {"path":"/Users/mouhamedcoundoul/Downloads/SOEN-390/SOEN-390-Mini-Capstone/lost-in-faubourg-app/components/PointsOfInterestScreen.tsx","statementMap":{"0":{"start":{"line":28,"column":26},"end":{"line":28,"column":50}},"1":{"start":{"line":29,"column":21},"end":{"line":29,"column":35}},"2":{"start":{"line":30,"column":23},"end":{"line":30,"column":28}},"3":{"start":{"line":31,"column":24},"end":{"line":31,"column":53}},"4":{"start":{"line":34,"column":33},"end":{"line":39,"column":1}},"5":{"start":{"line":66,"column":50},"end":{"line":70,"column":1}},"6":{"start":{"line":73,"column":47},"end":{"line":80,"column":1}},"7":{"start":{"line":83,"column":43},"end":{"line":83,"column":75}},"8":{"start":{"line":84,"column":42},"end":{"line":84,"column":76}},"9":{"start":{"line":85,"column":40},"end":{"line":85,"column":60}},"10":{"start":{"line":86,"column":26},"end":{"line":86,"column":45}},"11":{"start":{"line":87,"column":36},"end":{"line":87,"column":60}},"12":{"start":{"line":88,"column":40},"end":{"line":88,"column":66}},"13":{"start":{"line":89,"column":32},"end":{"line":89,"column":61}},"14":{"start":{"line":91,"column":17},"end":{"line":91,"column":45}},"15":{"start":{"line":92,"column":25},"end":{"line":92,"column":55}},"16":{"start":{"line":93,"column":21},"end":{"line":93,"column":67}},"17":{"start":{"line":96,"column":38},"end":{"line":109,"column":8}},"18":{"start":{"line":112,"column":2},"end":{"line":119,"column":16}},"19":{"start":{"line":113,"column":4},"end":{"line":118,"column":5}},"20":{"start":{"line":114,"column":20},"end":{"line":116,"column":14}},"21":{"start":{"line":115,"column":8},"end":{"line":115,"column":25}},"22":{"start":{"line":117,"column":6},"end":{"line":117,"column":39}},"23":{"start":{"line":117,"column":19},"end":{"line":117,"column":38}},"24":{"start":{"line":122,"column":2},"end":{"line":154,"column":9}},"25":{"start":{"line":123,"column":4},"end":{"line":153,"column":9}},"26":{"start":{"line":124,"column":6},"end":{"line":124,"column":25}},"27":{"start":{"line":126,"column":6},"end":{"line":152,"column":7}},"28":{"start":{"line":127,"column":25},"end":{"line":127,"column":75}},"29":{"start":{"line":128,"column":8},"end":{"line":132,"column":9}},"30":{"start":{"line":129,"column":10},"end":{"line":129,"column":56}},"31":{"start":{"line":130,"column":10},"end":{"line":130,"column":30}},"32":{"start":{"line":131,"column":10},"end":{"line":131,"column":17}},"33":{"start":{"line":134,"column":23},"end":{"line":134,"column":65}},"34":{"start":{"line":135,"column":24},"end":{"line":138,"column":9}},"35":{"start":{"line":140,"column":8},"end":{"line":140,"column":33}},"36":{"start":{"line":143,"column":8},"end":{"line":145,"column":9}},"37":{"start":{"line":144,"column":10},"end":{"line":144,"column":55}},"38":{"start":{"line":148,"column":8},"end":{"line":148,"column":56}},"39":{"start":{"line":149,"column":8},"end":{"line":149,"column":56}},"40":{"start":{"line":151,"column":8},"end":{"line":151,"column":28}},"41":{"start":{"line":157,"column":26},"end":{"line":224,"column":3}},"42":{"start":{"line":158,"column":4},"end":{"line":223,"column":5}},"43":{"start":{"line":159,"column":6},"end":{"line":159,"column":25}},"44":{"start":{"line":161,"column":21},"end":{"line":161,"column":24}},"45":{"start":{"line":163,"column":16},"end":{"line":166,"column":36}},"46":{"start":{"line":169,"column":6},"end":{"line":175,"column":7}},"47":{"start":{"line":170,"column":8},"end":{"line":174,"column":39}},"48":{"start":{"line":177,"column":23},"end":{"line":177,"column":39}},"49":{"start":{"line":178,"column":19},"end":{"line":178,"column":40}},"50":{"start":{"line":180,"column":6},"end":{"line":185,"column":7}},"51":{"start":{"line":181,"column":8},"end":{"line":181,"column":56}},"52":{"start":{"line":182,"column":8},"end":{"line":182,"column":44}},"53":{"start":{"line":183,"column":8},"end":{"line":183,"column":20}},"54":{"start":{"line":184,"column":8},"end":{"line":184,"column":15}},"55":{"start":{"line":188,"column":32},"end":{"line":200,"column":9}},"56":{"start":{"line":188,"column":66},"end":{"line":200,"column":7}},"57":{"start":{"line":202,"column":6},"end":{"line":202,"column":26}},"58":{"start":{"line":204,"column":6},"end":{"line":217,"column":7}},"59":{"start":{"line":205,"column":8},"end":{"line":205,"column":38}},"60":{"start":{"line":207,"column":8},"end":{"line":207,"column":56}},"61":{"start":{"line":210,"column":8},"end":{"line":216,"column":9}},"62":{"start":{"line":211,"column":25},"end":{"line":211,"column":63}},"63":{"start":{"line":211,"column":47},"end":{"line":211,"column":62}},"64":{"start":{"line":212,"column":10},"end":{"line":214,"column":11}},"65":{"start":{"line":213,"column":12},"end":{"line":213,"column":38}},"66":{"start":{"line":215,"column":10},"end":{"line":215,"column":38}},"67":{"start":{"line":219,"column":6},"end":{"line":219,"column":51}},"68":{"start":{"line":220,"column":6},"end":{"line":220,"column":43}},"69":{"start":{"line":222,"column":6},"end":{"line":222,"column":26}},"70":{"start":{"line":227,"column":23},"end":{"line":234,"column":3}},"71":{"start":{"line":228,"column":4},"end":{"line":233,"column":5}},"72":{"start":{"line":229,"column":6},"end":{"line":229,"column":49}},"73":{"start":{"line":230,"column":6},"end":{"line":230,"column":25}},"74":{"start":{"line":232,"column":6},"end":{"line":232,"column":43}},"75":{"start":{"line":237,"column":28},"end":{"line":244,"column":3}},"76":{"start":{"line":238,"column":4},"end":{"line":238,"column":31}},"77":{"start":{"line":239,"column":4},"end":{"line":243,"column":5}},"78":{"start":{"line":240,"column":6},"end":{"line":240,"column":48}},"79":{"start":{"line":242,"column":6},"end":{"line":242,"column":43}},"80":{"start":{"line":247,"column":27},"end":{"line":258,"column":3}},"81":{"start":{"line":248,"column":4},"end":{"line":248,"column":55}},"82":{"start":{"line":248,"column":38},"end":{"line":248,"column":55}},"83":{"start":{"line":250,"column":4},"end":{"line":256,"column":5}},"84":{"start":{"line":251,"column":6},"end":{"line":251,"column":47}},"85":{"start":{"line":251,"column":30},"end":{"line":251,"column":47}},"86":{"start":{"line":252,"column":6},"end":{"line":252,"column":52}},"87":{"start":{"line":252,"column":33},"end":{"line":252,"column":52}},"88":{"start":{"line":253,"column":6},"end":{"line":253,"column":53}},"89":{"start":{"line":253,"column":33},"end":{"line":253,"column":53}},"90":{"start":{"line":254,"column":6},"end":{"line":254,"column":59}},"91":{"start":{"line":254,"column":45},"end":{"line":254,"column":59}},"92":{"start":{"line":255,"column":6},"end":{"line":255,"column":39}},"93":{"start":{"line":255,"column":26},"end":{"line":255,"column":39}},"94":{"start":{"line":257,"column":4},"end":{"line":257,"column":21}},"95":{"start":{"line":261,"column":30},"end":{"line":268,"column":3}},"96":{"start":{"line":262,"column":4},"end":{"line":262,"column":60}},"97":{"start":{"line":262,"column":53},"end":{"line":262,"column":60}},"98":{"start":{"line":264,"column":4},"end":{"line":267,"column":7}},"99":{"start":{"line":271,"column":24},"end":{"line":293,"column":3}},"100":{"start":{"line":272,"column":4},"end":{"line":275,"column":5}},"101":{"start":{"line":273,"column":6},"end":{"line":273,"column":51}},"102":{"start":{"line":274,"column":6},"end":{"line":274,"column":13}},"103":{"start":{"line":278,"column":4},"end":{"line":287,"column":7}},"104":{"start":{"line":290,"column":4},"end":{"line":292,"column":12}},"105":{"start":{"line":291,"column":6},"end":{"line":291,"column":56}},"106":{"start":{"line":295,"column":2},"end":{"line":428,"column":4}},"107":{"start":{"line":319,"column":10},"end":{"line":325,"column":12}},"108":{"start":{"line":330,"column":10},"end":{"line":356,"column":19}},"109":{"start":{"line":335,"column":27},"end":{"line":335,"column":46}},"110":{"start":{"line":343,"column":44},"end":{"line":343,"column":62}},"111":{"start":{"line":398,"column":10},"end":{"line":406,"column":29}},"112":{"start":{"line":401,"column":27},"end":{"line":401,"column":55}},"113":{"start":{"line":415,"column":12},"end":{"line":421,"column":13}},"114":{"start":{"line":416,"column":14},"end":{"line":420,"column":22}},"115":{"start":{"line":431,"column":15},"end":{"line":617,"column":2}}},"fnMap":{"0":{"name":"POIScreen","decl":{"start":{"line":82,"column":24},"end":{"line":82,"column":33}},"loc":{"start":{"line":82,"column":36},"end":{"line":429,"column":1}},"line":82},"1":{"name":"(anonymous_1)","decl":{"start":{"line":112,"column":12},"end":{"line":112,"column":13}},"loc":{"start":{"line":112,"column":18},"end":{"line":119,"column":3}},"line":112},"2":{"name":"(anonymous_2)","decl":{"start":{"line":114,"column":31},"end":{"line":114,"column":32}},"loc":{"start":{"line":114,"column":37},"end":{"line":116,"column":7}},"line":114},"3":{"name":"(anonymous_3)","decl":{"start":{"line":117,"column":13},"end":{"line":117,"column":14}},"loc":{"start":{"line":117,"column":19},"end":{"line":117,"column":38}},"line":117},"4":{"name":"(anonymous_4)","decl":{"start":{"line":122,"column":12},"end":{"line":122,"column":13}},"loc":{"start":{"line":122,"column":18},"end":{"line":154,"column":3}},"line":122},"5":{"name":"(anonymous_5)","decl":{"start":{"line":123,"column":5},"end":{"line":123,"column":6}},"loc":{"start":{"line":123,"column":17},"end":{"line":153,"column":5}},"line":123},"6":{"name":"(anonymous_6)","decl":{"start":{"line":157,"column":26},"end":{"line":157,"column":27}},"loc":{"start":{"line":157,"column":74},"end":{"line":224,"column":3}},"line":157},"7":{"name":"(anonymous_7)","decl":{"start":{"line":188,"column":49},"end":{"line":188,"column":50}},"loc":{"start":{"line":188,"column":66},"end":{"line":200,"column":7}},"line":188},"8":{"name":"(anonymous_8)","decl":{"start":{"line":211,"column":40},"end":{"line":211,"column":41}},"loc":{"start":{"line":211,"column":47},"end":{"line":211,"column":62}},"line":211},"9":{"name":"(anonymous_9)","decl":{"start":{"line":227,"column":23},"end":{"line":227,"column":24}},"loc":{"start":{"line":227,"column":29},"end":{"line":234,"column":3}},"line":227},"10":{"name":"(anonymous_10)","decl":{"start":{"line":237,"column":28},"end":{"line":237,"column":29}},"loc":{"start":{"line":237,"column":52},"end":{"line":244,"column":3}},"line":237},"11":{"name":"(anonymous_11)","decl":{"start":{"line":247,"column":27},"end":{"line":247,"column":28}},"loc":{"start":{"line":247,"column":56},"end":{"line":258,"column":3}},"line":247},"12":{"name":"(anonymous_12)","decl":{"start":{"line":261,"column":30},"end":{"line":261,"column":31}},"loc":{"start":{"line":261,"column":62},"end":{"line":268,"column":3}},"line":261},"13":{"name":"(anonymous_13)","decl":{"start":{"line":271,"column":24},"end":{"line":271,"column":25}},"loc":{"start":{"line":271,"column":38},"end":{"line":293,"column":3}},"line":271},"14":{"name":"(anonymous_14)","decl":{"start":{"line":290,"column":15},"end":{"line":290,"column":16}},"loc":{"start":{"line":290,"column":21},"end":{"line":292,"column":5}},"line":290},"15":{"name":"(anonymous_15)","decl":{"start":{"line":318,"column":22},"end":{"line":318,"column":23}},"loc":{"start":{"line":319,"column":10},"end":{"line":325,"column":12}},"line":319},"16":{"name":"(anonymous_16)","decl":{"start":{"line":329,"column":18},"end":{"line":329,"column":19}},"loc":{"start":{"line":330,"column":10},"end":{"line":356,"column":19}},"line":330},"17":{"name":"(anonymous_17)","decl":{"start":{"line":335,"column":21},"end":{"line":335,"column":22}},"loc":{"start":{"line":335,"column":27},"end":{"line":335,"column":46}},"line":335},"18":{"name":"(anonymous_18)","decl":{"start":{"line":343,"column":38},"end":{"line":343,"column":39}},"loc":{"start":{"line":343,"column":44},"end":{"line":343,"column":62}},"line":343},"19":{"name":"(anonymous_19)","decl":{"start":{"line":397,"column":34},"end":{"line":397,"column":35}},"loc":{"start":{"line":398,"column":10},"end":{"line":406,"column":29}},"line":398},"20":{"name":"(anonymous_20)","decl":{"start":{"line":401,"column":21},"end":{"line":401,"column":22}},"loc":{"start":{"line":401,"column":27},"end":{"line":401,"column":55}},"line":401},"21":{"name":"(anonymous_21)","decl":{"start":{"line":414,"column":19},"end":{"line":414,"column":20}},"loc":{"start":{"line":414,"column":25},"end":{"line":422,"column":11}},"line":414}},"branchMap":{"0":{"loc":{"start":{"line":96,"column":38},"end":{"line":109,"column":8}},"type":"cond-expr","locations":[{"start":{"line":96,"column":56},"end":{"line":109,"column":3}},{"start":{"line":109,"column":6},"end":{"line":109,"column":8}}],"line":96},"1":{"loc":{"start":{"line":113,"column":4},"end":{"line":118,"column":5}},"type":"if","locations":[{"start":{"line":113,"column":4},"end":{"line":118,"column":5}},{"start":{},"end":{}}],"line":113},"2":{"loc":{"start":{"line":128,"column":8},"end":{"line":132,"column":9}},"type":"if","locations":[{"start":{"line":128,"column":8},"end":{"line":132,"column":9}},{"start":{},"end":{}}],"line":128},"3":{"loc":{"start":{"line":143,"column":8},"end":{"line":145,"column":9}},"type":"if","locations":[{"start":{"line":143,"column":8},"end":{"line":145,"column":9}},{"start":{},"end":{}}],"line":143},"4":{"loc":{"start":{"line":169,"column":6},"end":{"line":175,"column":7}},"type":"if","locations":[{"start":{"line":169,"column":6},"end":{"line":175,"column":7}},{"start":{},"end":{}}],"line":169},"5":{"loc":{"start":{"line":169,"column":10},"end":{"line":169,"column":38}},"type":"binary-expr","locations":[{"start":{"line":169,"column":10},"end":{"line":169,"column":15}},{"start":{"line":169,"column":19},"end":{"line":169,"column":38}}],"line":169},"6":{"loc":{"start":{"line":180,"column":6},"end":{"line":185,"column":7}},"type":"if","locations":[{"start":{"line":180,"column":6},"end":{"line":185,"column":7}},{"start":{},"end":{}}],"line":180},"7":{"loc":{"start":{"line":196,"column":21},"end":{"line":196,"column":68}},"type":"binary-expr","locations":[{"start":{"line":196,"column":21},"end":{"line":196,"column":35}},{"start":{"line":196,"column":39},"end":{"line":196,"column":62}},{"start":{"line":196,"column":66},"end":{"line":196,"column":68}}],"line":196},"8":{"loc":{"start":{"line":197,"column":17},"end":{"line":197,"column":64}},"type":"binary-expr","locations":[{"start":{"line":197,"column":17},"end":{"line":197,"column":31}},{"start":{"line":197,"column":35},"end":{"line":197,"column":58}},{"start":{"line":197,"column":62},"end":{"line":197,"column":64}}],"line":197},"9":{"loc":{"start":{"line":198,"column":16},"end":{"line":198,"column":37}},"type":"binary-expr","locations":[{"start":{"line":198,"column":16},"end":{"line":198,"column":28}},{"start":{"line":198,"column":32},"end":{"line":198,"column":37}}],"line":198},"10":{"loc":{"start":{"line":204,"column":6},"end":{"line":217,"column":7}},"type":"if","locations":[{"start":{"line":204,"column":6},"end":{"line":217,"column":7}},{"start":{"line":206,"column":13},"end":{"line":217,"column":7}}],"line":204},"11":{"loc":{"start":{"line":210,"column":8},"end":{"line":216,"column":9}},"type":"if","locations":[{"start":{"line":210,"column":8},"end":{"line":216,"column":9}},{"start":{},"end":{}}],"line":210},"12":{"loc":{"start":{"line":212,"column":10},"end":{"line":214,"column":11}},"type":"if","locations":[{"start":{"line":212,"column":10},"end":{"line":214,"column":11}},{"start":{},"end":{}}],"line":212},"13":{"loc":{"start":{"line":228,"column":4},"end":{"line":233,"column":5}},"type":"if","locations":[{"start":{"line":228,"column":4},"end":{"line":233,"column":5}},{"start":{"line":231,"column":11},"end":{"line":233,"column":5}}],"line":228},"14":{"loc":{"start":{"line":239,"column":4},"end":{"line":243,"column":5}},"type":"if","locations":[{"start":{"line":239,"column":4},"end":{"line":243,"column":5}},{"start":{"line":241,"column":11},"end":{"line":243,"column":5}}],"line":239},"15":{"loc":{"start":{"line":248,"column":4},"end":{"line":248,"column":55}},"type":"if","locations":[{"start":{"line":248,"column":4},"end":{"line":248,"column":55}},{"start":{},"end":{}}],"line":248},"16":{"loc":{"start":{"line":248,"column":8},"end":{"line":248,"column":36}},"type":"binary-expr","locations":[{"start":{"line":248,"column":8},"end":{"line":248,"column":14}},{"start":{"line":248,"column":18},"end":{"line":248,"column":36}}],"line":248},"17":{"loc":{"start":{"line":251,"column":6},"end":{"line":251,"column":47}},"type":"if","locations":[{"start":{"line":251,"column":6},"end":{"line":251,"column":47}},{"start":{},"end":{}}],"line":251},"18":{"loc":{"start":{"line":252,"column":6},"end":{"line":252,"column":52}},"type":"if","locations":[{"start":{"line":252,"column":6},"end":{"line":252,"column":52}},{"start":{},"end":{}}],"line":252},"19":{"loc":{"start":{"line":253,"column":6},"end":{"line":253,"column":53}},"type":"if","locations":[{"start":{"line":253,"column":6},"end":{"line":253,"column":53}},{"start":{},"end":{}}],"line":253},"20":{"loc":{"start":{"line":254,"column":6},"end":{"line":254,"column":59}},"type":"if","locations":[{"start":{"line":254,"column":6},"end":{"line":254,"column":59}},{"start":{},"end":{}}],"line":254},"21":{"loc":{"start":{"line":254,"column":10},"end":{"line":254,"column":43}},"type":"binary-expr","locations":[{"start":{"line":254,"column":10},"end":{"line":254,"column":25}},{"start":{"line":254,"column":29},"end":{"line":254,"column":43}}],"line":254},"22":{"loc":{"start":{"line":255,"column":6},"end":{"line":255,"column":39}},"type":"if","locations":[{"start":{"line":255,"column":6},"end":{"line":255,"column":39}},{"start":{},"end":{}}],"line":255},"23":{"loc":{"start":{"line":262,"column":4},"end":{"line":262,"column":60}},"type":"if","locations":[{"start":{"line":262,"column":4},"end":{"line":262,"column":60}},{"start":{},"end":{}}],"line":262},"24":{"loc":{"start":{"line":262,"column":8},"end":{"line":262,"column":51}},"type":"binary-expr","locations":[{"start":{"line":262,"column":8},"end":{"line":262,"column":23}},{"start":{"line":262,"column":27},"end":{"line":262,"column":51}}],"line":262},"25":{"loc":{"start":{"line":272,"column":4},"end":{"line":275,"column":5}},"type":"if","locations":[{"start":{"line":272,"column":4},"end":{"line":275,"column":5}},{"start":{},"end":{}}],"line":272},"26":{"loc":{"start":{"line":298,"column":7},"end":{"line":304,"column":7}},"type":"binary-expr","locations":[{"start":{"line":298,"column":7},"end":{"line":298,"column":14}},{"start":{"line":299,"column":8},"end":{"line":303,"column":15}}],"line":298},"27":{"loc":{"start":{"line":300,"column":44},"end":{"line":300,"column":75}},"type":"binary-expr","locations":[{"start":{"line":300,"column":44},"end":{"line":300,"column":55}},{"start":{"line":300,"column":59},"end":{"line":300,"column":75}}],"line":300},"28":{"loc":{"start":{"line":322,"column":23},"end":{"line":322,"column":66}},"type":"cond-expr","locations":[{"start":{"line":322,"column":41},"end":{"line":322,"column":52}},{"start":{"line":322,"column":55},"end":{"line":322,"column":66}}],"line":322},"29":{"loc":{"start":{"line":323,"column":25},"end":{"line":323,"column":68}},"type":"cond-expr","locations":[{"start":{"line":323,"column":43},"end":{"line":323,"column":54}},{"start":{"line":323,"column":57},"end":{"line":323,"column":68}}],"line":323},"30":{"loc":{"start":{"line":336,"column":22},"end":{"line":336,"column":59}},"type":"cond-expr","locations":[{"start":{"line":336,"column":40},"end":{"line":336,"column":47}},{"start":{"line":336,"column":50},"end":{"line":336,"column":59}}],"line":336},"31":{"loc":{"start":{"line":340,"column":17},"end":{"line":340,"column":67}},"type":"binary-expr","locations":[{"start":{"line":340,"column":17},"end":{"line":340,"column":41}},{"start":{"line":340,"column":45},"end":{"line":340,"column":67}}],"line":340},"32":{"loc":{"start":{"line":345,"column":51},"end":{"line":345,"column":82}},"type":"binary-expr","locations":[{"start":{"line":345,"column":51},"end":{"line":345,"column":62}},{"start":{"line":345,"column":66},"end":{"line":345,"column":82}}],"line":345},"33":{"loc":{"start":{"line":346,"column":53},"end":{"line":346,"column":84}},"type":"binary-expr","locations":[{"start":{"line":346,"column":53},"end":{"line":346,"column":64}},{"start":{"line":346,"column":68},"end":{"line":346,"column":84}}],"line":346},"34":{"loc":{"start":{"line":347,"column":17},"end":{"line":349,"column":17}},"type":"binary-expr","locations":[{"start":{"line":347,"column":17},"end":{"line":347,"column":37}},{"start":{"line":348,"column":18},"end":{"line":348,"column":117}}],"line":347},"35":{"loc":{"start":{"line":348,"column":54},"end":{"line":348,"column":85}},"type":"binary-expr","locations":[{"start":{"line":348,"column":54},"end":{"line":348,"column":65}},{"start":{"line":348,"column":69},"end":{"line":348,"column":85}}],"line":348},"36":{"loc":{"start":{"line":351,"column":50},"end":{"line":351,"column":71}},"type":"cond-expr","locations":[{"start":{"line":351,"column":64},"end":{"line":351,"column":66}},{"start":{"line":351,"column":69},"end":{"line":351,"column":71}}],"line":351},"37":{"loc":{"start":{"line":352,"column":55},"end":{"line":352,"column":86}},"type":"binary-expr","locations":[{"start":{"line":352,"column":55},"end":{"line":352,"column":66}},{"start":{"line":352,"column":70},"end":{"line":352,"column":86}}],"line":352},"38":{"loc":{"start":{"line":361,"column":7},"end":{"line":371,"column":7}},"type":"binary-expr","locations":[{"start":{"line":361,"column":7},"end":{"line":361,"column":16}},{"start":{"line":362,"column":8},"end":{"line":370,"column":15}}],"line":361},"39":{"loc":{"start":{"line":363,"column":49},"end":{"line":363,"column":85}},"type":"cond-expr","locations":[{"start":{"line":363,"column":67},"end":{"line":363,"column":73}},{"start":{"line":363,"column":76},"end":{"line":363,"column":85}}],"line":363},"40":{"loc":{"start":{"line":365,"column":12},"end":{"line":365,"column":48}},"type":"binary-expr","locations":[{"start":{"line":365,"column":12},"end":{"line":365,"column":27}},{"start":{"line":365,"column":31},"end":{"line":365,"column":48}}],"line":365},"41":{"loc":{"start":{"line":366,"column":12},"end":{"line":366,"column":43}},"type":"binary-expr","locations":[{"start":{"line":366,"column":12},"end":{"line":366,"column":23}},{"start":{"line":366,"column":27},"end":{"line":366,"column":43}}],"line":366},"42":{"loc":{"start":{"line":378,"column":40},"end":{"line":378,"column":71}},"type":"binary-expr","locations":[{"start":{"line":378,"column":40},"end":{"line":378,"column":51}},{"start":{"line":378,"column":55},"end":{"line":378,"column":71}}],"line":378},"43":{"loc":{"start":{"line":386,"column":41},"end":{"line":386,"column":87}},"type":"binary-expr","locations":[{"start":{"line":386,"column":41},"end":{"line":386,"column":56}},{"start":{"line":386,"column":60},"end":{"line":386,"column":87}}],"line":386},"44":{"loc":{"start":{"line":405,"column":50},"end":{"line":405,"column":81}},"type":"binary-expr","locations":[{"start":{"line":405,"column":50},"end":{"line":405,"column":61}},{"start":{"line":405,"column":65},"end":{"line":405,"column":81}}],"line":405},"45":{"loc":{"start":{"line":411,"column":7},"end":{"line":426,"column":7}},"type":"binary-expr","locations":[{"start":{"line":411,"column":7},"end":{"line":411,"column":19}},{"start":{"line":412,"column":8},"end":{"line":425,"column":27}}],"line":411},"46":{"loc":{"start":{"line":413,"column":43},"end":{"line":413,"column":89}},"type":"binary-expr","locations":[{"start":{"line":413,"column":43},"end":{"line":413,"column":58}},{"start":{"line":413,"column":62},"end":{"line":413,"column":89}}],"line":413},"47":{"loc":{"start":{"line":415,"column":12},"end":{"line":421,"column":13}},"type":"if","locations":[{"start":{"line":415,"column":12},"end":{"line":421,"column":13}},{"start":{},"end":{}}],"line":415},"48":{"loc":{"start":{"line":415,"column":16},"end":{"line":415,"column":46}},"type":"binary-expr","locations":[{"start":{"line":415,"column":16},"end":{"line":415,"column":28}},{"start":{"line":415,"column":32},"end":{"line":415,"column":46}}],"line":415}},"s":{"0":1,"1":1,"2":1,"3":1,"4":1,"5":1,"6":1,"7":79,"8":78,"9":78,"10":78,"11":78,"12":78,"13":78,"14":78,"15":78,"16":78,"17":78,"18":78,"19":48,"20":30,"21":0,"22":30,"23":30,"24":78,"25":18,"26":18,"27":18,"28":18,"29":16,"30":1,"31":1,"32":1,"33":15,"34":14,"35":14,"36":14,"37":14,"38":3,"39":3,"40":18,"41":78,"42":14,"43":14,"44":14,"45":14,"46":14,"47":14,"48":14,"49":13,"50":11,"51":1,"52":1,"53":1,"54":1,"55":10,"56":18,"57":10,"58":10,"59":3,"60":7,"61":7,"62":7,"63":18,"64":7,"65":0,"66":7,"67":3,"68":3,"69":14,"70":78,"71":12,"72":0,"73":0,"74":12,"75":78,"76":0,"77":0,"78":0,"79":0,"80":78,"81":18,"82":0,"83":18,"84":18,"85":2,"86":16,"87":2,"88":14,"89":3,"90":11,"91":6,"92":5,"93":2,"94":3,"95":78,"96":7,"97":0,"98":7,"99":78,"100":0,"101":0,"102":0,"103":0,"104":0,"105":0,"106":78,"107":4446,"108":18,"109":0,"110":0,"111":234,"112":0,"113":0,"114":0,"115":1},"f":{"0":79,"1":48,"2":0,"3":30,"4":18,"5":18,"6":14,"7":18,"8":18,"9":12,"10":0,"11":18,"12":7,"13":0,"14":0,"15":4446,"16":18,"17":0,"18":0,"19":234,"20":0,"21":0},"b":{"0":[3,75],"1":[30,18],"2":[1,15],"3":[14,0],"4":[14,0],"5":[14,14],"6":[1,10],"7":[18,1,1],"8":[18,1,1],"9":[18,1],"10":[3,7],"11":[7,0],"12":[0,7],"13":[0,12],"14":[0,0],"15":[0,18],"16":[18,18],"17":[2,16],"18":[2,14],"19":[3,11],"20":[6,5],"21":[11,7],"22":[2,3],"23":[0,7],"24":[7,7],"25":[0,0],"26":[78,30],"27":[30,1],"28":[171,4275],"29":[171,4275],"30":[0,18],"31":[18,0],"32":[18,1],"33":[18,1],"34":[18,17],"35":[17,1],"36":[1,17],"37":[18,1],"38":[78,42],"39":[1,41],"40":[42,1],"41":[42,1],"42":[78,3],"43":[78,3],"44":[234,9],"45":[78,14],"46":[14,0],"47":[0,0],"48":[0,0]},"_coverageSchema":"1a1c01bbd47fc00a2c39e90264f33305004495a9","hash":"1269d2e0f5c422ca516a64798deb3834870a00a8"}
,"/Users/mouhamedcoundoul/Downloads/SOEN-390/SOEN-390-Mini-Capstone/lost-in-faubourg-app/components/polygonCoordinates.tsx": {"path":"/Users/mouhamedcoundoul/Downloads/SOEN-390/SOEN-390-Mini-Capstone/lost-in-faubourg-app/components/polygonCoordinates.tsx","statementMap":{"0":{"start":{"line":1,"column":24},"end":{"line":988,"column":1}}},"fnMap":{},"branchMap":{},"s":{"0":1},"f":{},"b":{},"_coverageSchema":"1a1c01bbd47fc00a2c39e90264f33305004495a9","hash":"bc23fddc9be5979479bd91d65500b9156c578d1c"}
}
