TN:
SF:assets/images/transportModes/busBlack.png
FNF:0
FNH:0
DA:1,1
LF:1
LH:1
BRF:0
BRH:0
end_of_record
TN:
SF:assets/images/transportModes/busStation.png
FNF:0
FNH:0
DA:1,1
LF:1
LH:1
BRF:0
BRH:0
end_of_record
TN:
SF:components/AccessibilitySettings.tsx
FN:9,(anonymous_0)
FN:10,(anonymous_1)
FN:13,(anonymous_2)
FN:29,(anonymous_3)
FN:37,(anonymous_4)
FN:47,(anonymous_5)
FN:53,(anonymous_6)
FNF:7
FNH:4
FNDA:0,(anonymous_0)
FNDA:0,(anonymous_1)
FNDA:3,(anonymous_2)
FNDA:5,(anonymous_3)
FNDA:1,(anonymous_4)
FNDA:0,(anonymous_5)
FNDA:1,(anonymous_6)
DA:6,3
DA:13,3
DA:14,3
DA:15,3
DA:17,3
DA:29,3
DA:30,5
DA:31,5
DA:33,5
DA:37,1
DA:47,0
DA:53,1
DA:91,3
LF:13
LH:12
BRDA:50,0,0,5
BRDA:50,0,1,3
BRDA:59,1,0,5
BRDA:59,1,1,2
BRDA:64,2,0,5
BRDA:64,2,1,2
BRDA:75,3,0,5
BRDA:75,3,1,2
BRF:8
BRH:8
end_of_record
TN:
SF:components/CampusMap.tsx
FN:24,(anonymous_0)
FN:38,(anonymous_1)
FN:40,(anonymous_2)
FN:51,(anonymous_3)
FN:75,(anonymous_4)
FN:76,(anonymous_5)
FN:95,(anonymous_6)
FN:97,(anonymous_7)
FN:102,(anonymous_8)
FN:107,(anonymous_9)
FN:118,(anonymous_10)
FN:144,(anonymous_11)
FN:152,(anonymous_12)
FN:158,(anonymous_13)
FN:169,(anonymous_14)
FN:191,(anonymous_15)
FN:237,(anonymous_16)
FN:257,(anonymous_17)
FNF:18
FNH:17
FNDA:256,(anonymous_0)
FNDA:29184,(anonymous_1)
FNDA:276480,(anonymous_2)
FNDA:14592,(anonymous_3)
FNDA:67,(anonymous_4)
FNDA:67,(anonymous_5)
FNDA:67,(anonymous_6)
FNDA:67,(anonymous_7)
FNDA:67,(anonymous_8)
FNDA:2,(anonymous_9)
FNDA:0,(anonymous_10)
FNDA:6954,(anonymous_11)
FNDA:57,(anonymous_12)
FNDA:6954,(anonymous_13)
FNDA:122,(anonymous_14)
FNDA:122,(anonymous_15)
FNDA:1,(anonymous_16)
FNDA:1,(anonymous_17)
DA:24,1
DA:25,256
DA:26,256
DA:27,256
DA:28,256
DA:29,256
DA:30,256
DA:31,256
DA:34,256
DA:35,256
DA:38,256
DA:39,29184
DA:40,29184
DA:41,276480
DA:42,276480
DA:44,29184
DA:51,14592
DA:60,256
DA:75,256
DA:76,67
DA:77,67
DA:78,67
DA:79,1
DA:80,1
DA:83,66
DA:84,66
DA:85,66
DA:95,256
DA:97,67
DA:98,67
DA:102,67
DA:103,67
DA:107,256
DA:108,2
DA:114,2
DA:115,2
DA:118,256
DA:119,0
DA:122,256
DA:145,6954
DA:152,57
DA:159,6954
DA:170,122
DA:192,122
DA:237,1
DA:257,1
DA:285,1
LF:47
LH:46
BRDA:60,0,0,6
BRDA:60,0,1,250
BRDA:78,1,0,1
BRDA:78,1,1,66
BRDA:123,2,0,256
BRDA:123,2,1,6
BRDA:124,3,0,122
BRDA:124,3,1,134
BRDA:131,4,0,122
BRDA:131,4,1,122
BRDA:138,5,0,2
BRDA:138,5,1,120
BRDA:151,6,0,114
BRDA:151,6,1,6840
BRDA:162,7,0,114
BRDA:162,7,1,6840
BRDA:163,8,0,114
BRDA:163,8,1,6840
BRDA:164,9,0,114
BRDA:164,9,1,6840
BRDA:169,10,0,122
BRDA:169,10,1,122
BRDA:169,10,2,122
BRDA:191,11,0,122
BRDA:191,11,1,122
BRDA:191,11,2,122
BRDA:198,12,0,0
BRDA:198,12,1,122
BRDA:213,13,0,134
BRDA:213,13,1,0
BRDA:219,14,0,256
BRDA:219,14,1,57
BRDA:220,15,0,57
BRDA:220,15,1,0
BRDA:221,16,0,57
BRDA:221,16,1,0
BRDA:222,17,0,57
BRDA:222,17,1,0
BRDA:224,18,0,57
BRDA:224,18,1,0
BRDA:225,19,0,57
BRDA:225,19,1,0
BRDA:234,20,0,256
BRDA:234,20,1,1
BRDA:235,21,0,256
BRDA:235,21,1,6
BRDA:242,22,0,256
BRDA:242,22,1,1
BRDA:243,23,0,256
BRDA:243,23,1,0
BRDA:244,24,0,256
BRDA:244,24,1,6
BRDA:254,25,0,256
BRDA:254,25,1,1
BRDA:255,26,0,256
BRDA:255,26,1,6
BRDA:262,27,0,256
BRDA:262,27,1,1
BRDA:263,28,0,256
BRDA:263,28,1,0
BRDA:264,29,0,256
BRDA:264,29,1,6
BRDA:278,30,0,256
BRDA:278,30,1,0
BRF:64
BRH:54
end_of_record
TN:
SF:components/HomeScreen.tsx
FN:18,HomeScreen
FN:22,(anonymous_1)
FN:40,(anonymous_2)
FN:46,(anonymous_3)
FN:52,(anonymous_4)
FN:58,(anonymous_5)
FN:64,(anonymous_6)
FNF:7
FNH:7
FNDA:8,HomeScreen
FNDA:1,(anonymous_1)
FNDA:1,(anonymous_2)
FNDA:1,(anonymous_3)
FNDA:1,(anonymous_4)
FNDA:1,(anonymous_5)
FNDA:1,(anonymous_6)
DA:20,8
DA:22,8
DA:23,1
DA:24,1
DA:26,1
DA:27,1
DA:29,0
DA:34,8
DA:40,1
DA:46,1
DA:52,1
DA:58,1
DA:64,1
DA:81,1
LF:14
LH:13
BRDA:26,0,0,1
BRDA:26,0,1,0
BRDA:35,1,0,8
BRDA:35,1,1,0
BRDA:36,2,0,8
BRDA:36,2,1,0
BRDA:39,3,0,8
BRDA:39,3,1,0
BRDA:42,4,0,8
BRDA:42,4,1,0
BRDA:45,5,0,8
BRDA:45,5,1,0
BRDA:48,6,0,8
BRDA:48,6,1,0
BRDA:51,7,0,8
BRDA:51,7,1,0
BRDA:54,8,0,8
BRDA:54,8,1,0
BRDA:57,9,0,8
BRDA:57,9,1,0
BRDA:60,10,0,8
BRDA:60,10,1,0
BRDA:63,11,0,8
BRDA:63,11,1,0
BRDA:66,12,0,8
BRDA:66,12,1,0
BRF:26
BRH:13
end_of_record
TN:
SF:components/polygonCoordinates.tsx
FNF:0
FNH:0
DA:1,1
LF:1
LH:1
BRF:0
BRH:0
end_of_record
