TN:
SF:components/AccessibilitySettings.tsx
FN:9,(anonymous_0)
FN:10,(anonymous_1)
FN:13,(anonymous_2)
FN:29,(anonymous_3)
FN:37,(anonymous_4)
FN:47,(anonymous_5)
FN:53,(anonymous_6)
FNF:7
FNH:0
FNDA:0,(anonymous_0)
FNDA:0,(anonymous_1)
FNDA:0,(anonymous_2)
FNDA:0,(anonymous_3)
FNDA:0,(anonymous_4)
FNDA:0,(anonymous_5)
FNDA:0,(anonymous_6)
DA:6,1
DA:13,1
DA:14,0
DA:15,0
DA:17,0
DA:29,1
DA:30,0
DA:31,0
DA:33,0
DA:37,0
DA:47,0
DA:53,0
DA:91,1
LF:13
LH:4
BRDA:50,0,0,0
BRDA:50,0,1,0
BRDA:59,1,0,0
BRDA:59,1,1,0
BRDA:64,2,0,0
BRDA:64,2,1,0
BRDA:75,3,0,0
BRDA:75,3,1,0
BRF:8
BRH:0
end_of_record
TN:
SF:components/PointsOfInterestScreen.tsx
FN:82,POIScreen
FN:112,(anonymous_1)
FN:114,(anonymous_2)
FN:117,(anonymous_3)
FN:122,(anonymous_4)
FN:123,(anonymous_5)
FN:157,(anonymous_6)
FN:188,(anonymous_7)
FN:211,(anonymous_8)
FN:227,(anonymous_9)
FN:237,(anonymous_10)
FN:247,(anonymous_11)
FN:261,(anonymous_12)
FN:271,(anonymous_13)
FN:290,(anonymous_14)
FN:318,(anonymous_15)
FN:329,(anonymous_16)
FN:335,(anonymous_17)
FN:343,(anonymous_18)
FN:397,(anonymous_19)
FN:401,(anonymous_20)
FN:414,(anonymous_21)
FNF:22
FNH:14
FNDA:79,POIScreen
FNDA:48,(anonymous_1)
FNDA:0,(anonymous_2)
FNDA:30,(anonymous_3)
FNDA:18,(anonymous_4)
FNDA:18,(anonymous_5)
FNDA:14,(anonymous_6)
FNDA:18,(anonymous_7)
FNDA:18,(anonymous_8)
FNDA:12,(anonymous_9)
FNDA:0,(anonymous_10)
FNDA:18,(anonymous_11)
FNDA:7,(anonymous_12)
FNDA:0,(anonymous_13)
FNDA:0,(anonymous_14)
FNDA:4446,(anonymous_15)
FNDA:18,(anonymous_16)
FNDA:0,(anonymous_17)
FNDA:0,(anonymous_18)
FNDA:234,(anonymous_19)
FNDA:0,(anonymous_20)
FNDA:0,(anonymous_21)
DA:28,1
DA:29,1
DA:30,1
DA:31,1
DA:34,1
DA:66,1
DA:73,1
DA:83,79
DA:84,78
DA:85,78
DA:86,78
DA:87,78
DA:88,78
DA:89,78
DA:91,78
DA:92,78
DA:93,78
DA:96,78
DA:112,78
DA:113,48
DA:114,30
DA:115,0
DA:117,30
DA:122,78
DA:123,18
DA:124,18
DA:126,18
DA:127,18
DA:128,16
DA:129,1
DA:130,1
DA:131,1
DA:134,15
DA:135,14
DA:140,14
DA:143,14
DA:144,14
DA:148,3
DA:149,3
DA:151,18
DA:157,78
DA:158,14
DA:159,14
DA:161,14
DA:163,14
DA:169,14
DA:170,14
DA:177,14
DA:178,13
DA:180,11
DA:181,1
DA:182,1
DA:183,1
DA:184,1
DA:188,18
DA:202,10
DA:204,10
DA:205,3
DA:207,7
DA:210,7
DA:211,18
DA:212,7
DA:213,0
DA:215,7
DA:219,3
DA:220,3
DA:222,14
DA:227,78
DA:228,12
DA:229,0
DA:230,0
DA:232,12
DA:237,78
DA:238,0
DA:239,0
DA:240,0
DA:242,0
DA:247,78
DA:248,18
DA:250,18
DA:251,18
DA:252,16
DA:253,14
DA:254,11
DA:255,5
DA:257,3
DA:261,78
DA:262,7
DA:264,7
DA:271,78
DA:272,0
DA:273,0
DA:274,0
DA:278,0
DA:290,0
DA:291,0
DA:295,78
DA:319,4446
DA:330,18
DA:335,0
DA:343,0
DA:398,234
DA:401,0
DA:415,0
DA:416,0
DA:431,1
LF:106
LH:87
BRDA:96,0,0,3
BRDA:96,0,1,75
BRDA:113,1,0,30
BRDA:113,1,1,18
BRDA:128,2,0,1
BRDA:128,2,1,15
BRDA:143,3,0,14
BRDA:143,3,1,0
BRDA:169,4,0,14
BRDA:169,4,1,0
BRDA:169,5,0,14
BRDA:169,5,1,14
BRDA:180,6,0,1
BRDA:180,6,1,10
BRDA:196,7,0,18
BRDA:196,7,1,1
BRDA:196,7,2,1
BRDA:197,8,0,18
BRDA:197,8,1,1
BRDA:197,8,2,1
BRDA:198,9,0,18
BRDA:198,9,1,1
BRDA:204,10,0,3
BRDA:204,10,1,7
BRDA:210,11,0,7
BRDA:210,11,1,0
BRDA:212,12,0,0
BRDA:212,12,1,7
BRDA:228,13,0,0
BRDA:228,13,1,12
BRDA:239,14,0,0
BRDA:239,14,1,0
BRDA:248,15,0,0
BRDA:248,15,1,18
BRDA:248,16,0,18
BRDA:248,16,1,18
BRDA:251,17,0,2
BRDA:251,17,1,16
BRDA:252,18,0,2
BRDA:252,18,1,14
BRDA:253,19,0,3
BRDA:253,19,1,11
BRDA:254,20,0,6
BRDA:254,20,1,5
BRDA:254,21,0,11
BRDA:254,21,1,7
BRDA:255,22,0,2
BRDA:255,22,1,3
BRDA:262,23,0,0
BRDA:262,23,1,7
BRDA:262,24,0,7
BRDA:262,24,1,7
BRDA:272,25,0,0
BRDA:272,25,1,0
BRDA:298,26,0,78
BRDA:298,26,1,30
BRDA:300,27,0,30
BRDA:300,27,1,1
BRDA:322,28,0,171
BRDA:322,28,1,4275
BRDA:323,29,0,171
BRDA:323,29,1,4275
BRDA:336,30,0,0
BRDA:336,30,1,18
BRDA:340,31,0,18
BRDA:340,31,1,0
BRDA:345,32,0,18
BRDA:345,32,1,1
BRDA:346,33,0,18
BRDA:346,33,1,1
BRDA:347,34,0,18
BRDA:347,34,1,17
BRDA:348,35,0,17
BRDA:348,35,1,1
BRDA:351,36,0,1
BRDA:351,36,1,17
BRDA:352,37,0,18
BRDA:352,37,1,1
BRDA:361,38,0,78
BRDA:361,38,1,42
BRDA:363,39,0,1
BRDA:363,39,1,41
BRDA:365,40,0,42
BRDA:365,40,1,1
BRDA:366,41,0,42
BRDA:366,41,1,1
BRDA:378,42,0,78
BRDA:378,42,1,3
BRDA:386,43,0,78
BRDA:386,43,1,3
BRDA:405,44,0,234
BRDA:405,44,1,9
BRDA:411,45,0,78
BRDA:411,45,1,14
BRDA:413,46,0,14
BRDA:413,46,1,0
BRDA:415,47,0,0
BRDA:415,47,1,0
BRDA:415,48,0,0
BRDA:415,48,1,0
BRF:100
BRH:82
end_of_record
TN:
SF:components/polygonCoordinates.tsx
FNF:0
FNH:0
DA:1,1
LF:1
LH:1
BRF:0
BRH:0
end_of_record
