<?xml version="1.0" encoding="UTF-8"?>
<coverage generated="1739063878705" clover="3.2.0">
  <project timestamp="1739063878705" name="All files">
    <metrics statements="7" coveredstatements="7" conditionals="0" coveredconditionals="0" methods="6" coveredmethods="6" elements="13" coveredelements="13" complexity="0" loc="7" ncloc="7" packages="1" files="1" classes="1"/>
    <file name="HomeScreen.js" path="/Users/mouhamedcoundoul/Downloads/School/3rd Year/Winter 2025/SOEN 390/SOEN-390-Mini-Capstone/components/HomeScreen.js">
      <metrics statements="7" coveredstatements="7" conditionals="0" coveredconditionals="0" methods="6" coveredmethods="6"/>
      <line num="12" count="7" type="stmt"/>
      <line num="18" count="1" type="stmt"/>
      <line num="24" count="1" type="stmt"/>
      <line num="30" count="1" type="stmt"/>
      <line num="36" count="1" type="stmt"/>
      <line num="42" count="1" type="stmt"/>
      <line num="51" count="1" type="stmt"/>
    </file>
  </project>
</coverage>
