{"/Users/mouhamedcoundoul/Downloads/School/3rd Year/Winter 2025/SOEN 390/SOEN-390-Mini-Capstone/components/CampusMap.js": {"path":"/Users/mouhamedcoundoul/Downloads/School/3rd Year/Winter 2025/SOEN 390/SOEN-390-Mini-Capstone/components/CampusMap.js","statementMap":{"0":{"start":{"line":7,"column":18},"end":{"line":155,"column":1}},"1":{"start":{"line":8,"column":34},"end":{"line":8,"column":48}},"2":{"start":{"line":9,"column":30},"end":{"line":9,"column":44}},"3":{"start":{"line":10,"column":46},"end":{"line":10,"column":60}},"4":{"start":{"line":11,"column":50},"end":{"line":11,"column":64}},"5":{"start":{"line":14,"column":21},"end":{"line":14,"column":68}},"6":{"start":{"line":15,"column":24},"end":{"line":15,"column":66}},"7":{"start":{"line":18,"column":27},"end":{"line":29,"column":3}},"8":{"start":{"line":19,"column":17},"end":{"line":19,"column":18}},"9":{"start":{"line":20,"column":15},"end":{"line":20,"column":16}},"10":{"start":{"line":21,"column":4},"end":{"line":24,"column":6}},"11":{"start":{"line":22,"column":6},"end":{"line":22,"column":30}},"12":{"start":{"line":23,"column":6},"end":{"line":23,"column":31}},"13":{"start":{"line":25,"column":4},"end":{"line":28,"column":5}},"14":{"start":{"line":32,"column":20},"end":{"line":38,"column":5}},"15":{"start":{"line":32,"column":54},"end":{"line":38,"column":3}},"16":{"start":{"line":40,"column":2},"end":{"line":57,"column":8}},"17":{"start":{"line":41,"column":5},"end":{"line":56,"column":8}},"18":{"start":{"line":42,"column":23},"end":{"line":42,"column":73}},"19":{"start":{"line":43,"column":6},"end":{"line":46,"column":7}},"20":{"start":{"line":44,"column":8},"end":{"line":44,"column":63}},"21":{"start":{"line":45,"column":8},"end":{"line":45,"column":14}},"22":{"start":{"line":48,"column":28},"end":{"line":48,"column":70}},"23":{"start":{"line":49,"column":6},"end":{"line":49,"column":41}},"24":{"start":{"line":50,"column":6},"end":{"line":55,"column":8}},"25":{"start":{"line":59,"column":25},"end":{"line":68,"column":3}},"26":{"start":{"line":60,"column":4},"end":{"line":65,"column":6}},"27":{"start":{"line":66,"column":4},"end":{"line":66,"column":33}},"28":{"start":{"line":67,"column":4},"end":{"line":67,"column":29}},"29":{"start":{"line":70,"column":2},"end":{"line":154,"column":3}},"30":{"start":{"line":85,"column":12},"end":{"line":93,"column":14}},"31":{"start":{"line":92,"column":29},"end":{"line":92,"column":58}},"32":{"start":{"line":97,"column":12},"end":{"line":103,"column":14}},"33":{"start":{"line":125,"column":25},"end":{"line":125,"column":58}},"34":{"start":{"line":141,"column":25},"end":{"line":141,"column":64}},"35":{"start":{"line":157,"column":15},"end":{"line":209,"column":2}}},"fnMap":{"0":{"name":"(anonymous_0)","decl":{"start":{"line":7,"column":18},"end":{"line":7,"column":19}},"loc":{"start":{"line":7,"column":24},"end":{"line":155,"column":1}},"line":7},"1":{"name":"(anonymous_1)","decl":{"start":{"line":18,"column":27},"end":{"line":18,"column":28}},"loc":{"start":{"line":18,"column":43},"end":{"line":29,"column":3}},"line":18},"2":{"name":"(anonymous_2)","decl":{"start":{"line":21,"column":23},"end":{"line":21,"column":24}},"loc":{"start":{"line":21,"column":34},"end":{"line":24,"column":5}},"line":21},"3":{"name":"(anonymous_3)","decl":{"start":{"line":32,"column":33},"end":{"line":32,"column":34}},"loc":{"start":{"line":32,"column":54},"end":{"line":38,"column":3}},"line":32},"4":{"name":"(anonymous_4)","decl":{"start":{"line":40,"column":12},"end":{"line":40,"column":13}},"loc":{"start":{"line":40,"column":18},"end":{"line":57,"column":3}},"line":40},"5":{"name":"(anonymous_5)","decl":{"start":{"line":41,"column":6},"end":{"line":41,"column":7}},"loc":{"start":{"line":41,"column":18},"end":{"line":56,"column":5}},"line":41},"6":{"name":"(anonymous_6)","decl":{"start":{"line":59,"column":25},"end":{"line":59,"column":26}},"loc":{"start":{"line":59,"column":55},"end":{"line":68,"column":3}},"line":59},"7":{"name":"(anonymous_7)","decl":{"start":{"line":84,"column":25},"end":{"line":84,"column":26}},"loc":{"start":{"line":85,"column":12},"end":{"line":93,"column":14}},"line":85},"8":{"name":"(anonymous_8)","decl":{"start":{"line":92,"column":23},"end":{"line":92,"column":24}},"loc":{"start":{"line":92,"column":29},"end":{"line":92,"column":58}},"line":92},"9":{"name":"(anonymous_9)","decl":{"start":{"line":96,"column":24},"end":{"line":96,"column":25}},"loc":{"start":{"line":97,"column":12},"end":{"line":103,"column":14}},"line":97},"10":{"name":"(anonymous_10)","decl":{"start":{"line":125,"column":19},"end":{"line":125,"column":20}},"loc":{"start":{"line":125,"column":25},"end":{"line":125,"column":58}},"line":125},"11":{"name":"(anonymous_11)","decl":{"start":{"line":141,"column":19},"end":{"line":141,"column":20}},"loc":{"start":{"line":141,"column":25},"end":{"line":141,"column":64}},"line":141}},"branchMap":{"0":{"loc":{"start":{"line":43,"column":6},"end":{"line":46,"column":7}},"type":"if","locations":[{"start":{"line":43,"column":6},"end":{"line":46,"column":7}},{"start":{},"end":{}}],"line":43},"1":{"loc":{"start":{"line":72,"column":7},"end":{"line":108,"column":7}},"type":"cond-expr","locations":[{"start":{"line":73,"column":8},"end":{"line":105,"column":18}},{"start":{"line":107,"column":8},"end":{"line":107,"column":35}}],"line":72},"2":{"loc":{"start":{"line":74,"column":11},"end":{"line":83,"column":11}},"type":"binary-expr","locations":[{"start":{"line":74,"column":11},"end":{"line":74,"column":19}},{"start":{"line":75,"column":12},"end":{"line":82,"column":14}}],"line":74},"3":{"loc":{"start":{"line":110,"column":7},"end":{"line":117,"column":7}},"type":"binary-expr","locations":[{"start":{"line":110,"column":7},"end":{"line":110,"column":23}},{"start":{"line":111,"column":8},"end":{"line":116,"column":15}}],"line":110},"4":{"loc":{"start":{"line":123,"column":12},"end":{"line":123,"column":61}},"type":"binary-expr","locations":[{"start":{"line":123,"column":12},"end":{"line":123,"column":36}},{"start":{"line":123,"column":40},"end":{"line":123,"column":61}}],"line":123},"5":{"loc":{"start":{"line":130,"column":14},"end":{"line":130,"column":67}},"type":"binary-expr","locations":[{"start":{"line":130,"column":14},"end":{"line":130,"column":38}},{"start":{"line":130,"column":42},"end":{"line":130,"column":67}}],"line":130},"6":{"loc":{"start":{"line":139,"column":12},"end":{"line":139,"column":64}},"type":"binary-expr","locations":[{"start":{"line":139,"column":12},"end":{"line":139,"column":39}},{"start":{"line":139,"column":43},"end":{"line":139,"column":64}}],"line":139},"7":{"loc":{"start":{"line":146,"column":14},"end":{"line":146,"column":70}},"type":"binary-expr","locations":[{"start":{"line":146,"column":14},"end":{"line":146,"column":41}},{"start":{"line":146,"column":45},"end":{"line":146,"column":70}}],"line":146}},"s":{"0":1,"1":6,"2":6,"3":6,"4":6,"5":6,"6":6,"7":6,"8":684,"9":684,"10":684,"11":6480,"12":6480,"13":684,"14":6,"15":342,"16":6,"17":3,"18":3,"19":3,"20":0,"21":0,"22":3,"23":3,"24":3,"25":6,"26":2,"27":2,"28":2,"29":6,"30":171,"31":0,"32":171,"33":1,"34":1,"35":1},"f":{"0":6,"1":684,"2":6480,"3":342,"4":3,"5":3,"6":2,"7":171,"8":0,"9":171,"10":1,"11":1},"b":{"0":[0,3],"1":[3,3],"2":[3,3],"3":[6,0],"4":[6,1],"5":[6,1],"6":[6,1],"7":[6,1]},"_coverageSchema":"1a1c01bbd47fc00a2c39e90264f33305004495a9","hash":"bf910212020541471b4c5a063fba74733eb0b768"}
,"/Users/mouhamedcoundoul/Downloads/School/3rd Year/Winter 2025/SOEN 390/SOEN-390-Mini-Capstone/components/polygonCoordinates.js": {"path":"/Users/mouhamedcoundoul/Downloads/School/3rd Year/Winter 2025/SOEN 390/SOEN-390-Mini-Capstone/components/polygonCoordinates.js","statementMap":{"0":{"start":{"line":1,"column":24},"end":{"line":827,"column":1}}},"fnMap":{},"branchMap":{},"s":{"0":1},"f":{},"b":{},"_coverageSchema":"1a1c01bbd47fc00a2c39e90264f33305004495a9","hash":"1f0872518bed895fea56beea2dab09df64c943d6"}
}
