{"/Users/mouhamedcoundoul/Downloads/School/3rd Year/Winter 2025/SOEN 390/SOEN-390-Mini-Capstone/components/CampusMap.js": {"path":"/Users/mouhamedcoundoul/Downloads/School/3rd Year/Winter 2025/SOEN 390/SOEN-390-Mini-Capstone/components/CampusMap.js","statementMap":{"0":{"start":{"line":7,"column":18},"end":{"line":157,"column":1}},"1":{"start":{"line":8,"column":34},"end":{"line":8,"column":48}},"2":{"start":{"line":9,"column":30},"end":{"line":9,"column":44}},"3":{"start":{"line":10,"column":46},"end":{"line":10,"column":60}},"4":{"start":{"line":11,"column":50},"end":{"line":11,"column":64}},"5":{"start":{"line":14,"column":21},"end":{"line":14,"column":68}},"6":{"start":{"line":15,"column":24},"end":{"line":15,"column":66}},"7":{"start":{"line":18,"column":27},"end":{"line":29,"column":3}},"8":{"start":{"line":19,"column":17},"end":{"line":19,"column":18}},"9":{"start":{"line":20,"column":15},"end":{"line":20,"column":16}},"10":{"start":{"line":21,"column":4},"end":{"line":24,"column":6}},"11":{"start":{"line":22,"column":6},"end":{"line":22,"column":30}},"12":{"start":{"line":23,"column":6},"end":{"line":23,"column":31}},"13":{"start":{"line":25,"column":4},"end":{"line":28,"column":5}},"14":{"start":{"line":32,"column":20},"end":{"line":38,"column":5}},"15":{"start":{"line":32,"column":54},"end":{"line":38,"column":3}},"16":{"start":{"line":40,"column":2},"end":{"line":57,"column":8}},"17":{"start":{"line":41,"column":5},"end":{"line":56,"column":8}},"18":{"start":{"line":42,"column":23},"end":{"line":42,"column":73}},"19":{"start":{"line":43,"column":6},"end":{"line":46,"column":7}},"20":{"start":{"line":44,"column":8},"end":{"line":44,"column":63}},"21":{"start":{"line":45,"column":8},"end":{"line":45,"column":14}},"22":{"start":{"line":48,"column":28},"end":{"line":48,"column":70}},"23":{"start":{"line":49,"column":6},"end":{"line":49,"column":41}},"24":{"start":{"line":50,"column":6},"end":{"line":55,"column":8}},"25":{"start":{"line":59,"column":25},"end":{"line":68,"column":3}},"26":{"start":{"line":60,"column":4},"end":{"line":65,"column":6}},"27":{"start":{"line":66,"column":4},"end":{"line":66,"column":33}},"28":{"start":{"line":67,"column":4},"end":{"line":67,"column":29}},"29":{"start":{"line":70,"column":2},"end":{"line":156,"column":3}},"30":{"start":{"line":86,"column":12},"end":{"line":95,"column":14}},"31":{"start":{"line":93,"column":29},"end":{"line":93,"column":58}},"32":{"start":{"line":99,"column":12},"end":{"line":105,"column":14}},"33":{"start":{"line":127,"column":25},"end":{"line":127,"column":58}},"34":{"start":{"line":143,"column":25},"end":{"line":143,"column":64}},"35":{"start":{"line":159,"column":15},"end":{"line":211,"column":2}}},"fnMap":{"0":{"name":"(anonymous_0)","decl":{"start":{"line":7,"column":18},"end":{"line":7,"column":19}},"loc":{"start":{"line":7,"column":24},"end":{"line":157,"column":1}},"line":7},"1":{"name":"(anonymous_1)","decl":{"start":{"line":18,"column":27},"end":{"line":18,"column":28}},"loc":{"start":{"line":18,"column":43},"end":{"line":29,"column":3}},"line":18},"2":{"name":"(anonymous_2)","decl":{"start":{"line":21,"column":23},"end":{"line":21,"column":24}},"loc":{"start":{"line":21,"column":34},"end":{"line":24,"column":5}},"line":21},"3":{"name":"(anonymous_3)","decl":{"start":{"line":32,"column":33},"end":{"line":32,"column":34}},"loc":{"start":{"line":32,"column":54},"end":{"line":38,"column":3}},"line":32},"4":{"name":"(anonymous_4)","decl":{"start":{"line":40,"column":12},"end":{"line":40,"column":13}},"loc":{"start":{"line":40,"column":18},"end":{"line":57,"column":3}},"line":40},"5":{"name":"(anonymous_5)","decl":{"start":{"line":41,"column":6},"end":{"line":41,"column":7}},"loc":{"start":{"line":41,"column":18},"end":{"line":56,"column":5}},"line":41},"6":{"name":"(anonymous_6)","decl":{"start":{"line":59,"column":25},"end":{"line":59,"column":26}},"loc":{"start":{"line":59,"column":55},"end":{"line":68,"column":3}},"line":59},"7":{"name":"(anonymous_7)","decl":{"start":{"line":85,"column":25},"end":{"line":85,"column":26}},"loc":{"start":{"line":86,"column":12},"end":{"line":95,"column":14}},"line":86},"8":{"name":"(anonymous_8)","decl":{"start":{"line":93,"column":23},"end":{"line":93,"column":24}},"loc":{"start":{"line":93,"column":29},"end":{"line":93,"column":58}},"line":93},"9":{"name":"(anonymous_9)","decl":{"start":{"line":98,"column":24},"end":{"line":98,"column":25}},"loc":{"start":{"line":99,"column":12},"end":{"line":105,"column":14}},"line":99},"10":{"name":"(anonymous_10)","decl":{"start":{"line":127,"column":19},"end":{"line":127,"column":20}},"loc":{"start":{"line":127,"column":25},"end":{"line":127,"column":58}},"line":127},"11":{"name":"(anonymous_11)","decl":{"start":{"line":143,"column":19},"end":{"line":143,"column":20}},"loc":{"start":{"line":143,"column":25},"end":{"line":143,"column":64}},"line":143}},"branchMap":{"0":{"loc":{"start":{"line":43,"column":6},"end":{"line":46,"column":7}},"type":"if","locations":[{"start":{"line":43,"column":6},"end":{"line":46,"column":7}},{"start":{},"end":{}}],"line":43},"1":{"loc":{"start":{"line":72,"column":7},"end":{"line":110,"column":7}},"type":"cond-expr","locations":[{"start":{"line":73,"column":8},"end":{"line":107,"column":18}},{"start":{"line":109,"column":8},"end":{"line":109,"column":35}}],"line":72},"2":{"loc":{"start":{"line":74,"column":11},"end":{"line":84,"column":11}},"type":"binary-expr","locations":[{"start":{"line":74,"column":11},"end":{"line":74,"column":19}},{"start":{"line":75,"column":12},"end":{"line":83,"column":14}}],"line":74},"3":{"loc":{"start":{"line":112,"column":7},"end":{"line":119,"column":7}},"type":"binary-expr","locations":[{"start":{"line":112,"column":7},"end":{"line":112,"column":23}},{"start":{"line":113,"column":8},"end":{"line":118,"column":15}}],"line":112},"4":{"loc":{"start":{"line":125,"column":12},"end":{"line":125,"column":61}},"type":"binary-expr","locations":[{"start":{"line":125,"column":12},"end":{"line":125,"column":36}},{"start":{"line":125,"column":40},"end":{"line":125,"column":61}}],"line":125},"5":{"loc":{"start":{"line":132,"column":14},"end":{"line":132,"column":67}},"type":"binary-expr","locations":[{"start":{"line":132,"column":14},"end":{"line":132,"column":38}},{"start":{"line":132,"column":42},"end":{"line":132,"column":67}}],"line":132},"6":{"loc":{"start":{"line":141,"column":12},"end":{"line":141,"column":64}},"type":"binary-expr","locations":[{"start":{"line":141,"column":12},"end":{"line":141,"column":39}},{"start":{"line":141,"column":43},"end":{"line":141,"column":64}}],"line":141},"7":{"loc":{"start":{"line":148,"column":14},"end":{"line":148,"column":70}},"type":"binary-expr","locations":[{"start":{"line":148,"column":14},"end":{"line":148,"column":41}},{"start":{"line":148,"column":45},"end":{"line":148,"column":70}}],"line":148}},"s":{"0":1,"1":181,"2":181,"3":181,"4":181,"5":181,"6":181,"7":181,"8":20634,"9":20634,"10":20634,"11":195480,"12":195480,"13":20634,"14":181,"15":10317,"16":181,"17":62,"18":62,"19":62,"20":0,"21":0,"22":62,"23":62,"24":62,"25":181,"26":2,"27":2,"28":2,"29":181,"30":6783,"31":57,"32":6783,"33":1,"34":1,"35":1},"f":{"0":181,"1":20634,"2":195480,"3":10317,"4":62,"5":62,"6":2,"7":6783,"8":57,"9":6783,"10":1,"11":1},"b":{"0":[0,62],"1":[119,62],"2":[119,119],"3":[181,57],"4":[181,1],"5":[181,1],"6":[181,1],"7":[181,1]},"_coverageSchema":"1a1c01bbd47fc00a2c39e90264f33305004495a9","hash":"5d4485b51b6ca02996ab5a49af7050ea0206a951"}
,"/Users/mouhamedcoundoul/Downloads/School/3rd Year/Winter 2025/SOEN 390/SOEN-390-Mini-Capstone/components/HomeScreen.js": {"path":"/Users/mouhamedcoundoul/Downloads/School/3rd Year/Winter 2025/SOEN 390/SOEN-390-Mini-Capstone/components/HomeScreen.js","statementMap":{"0":{"start":{"line":12,"column":2},"end":{"line":48,"column":3}},"1":{"start":{"line":18,"column":25},"end":{"line":18,"column":57}},"2":{"start":{"line":24,"column":25},"end":{"line":24,"column":58}},"3":{"start":{"line":30,"column":25},"end":{"line":30,"column":67}},"4":{"start":{"line":36,"column":25},"end":{"line":36,"column":64}},"5":{"start":{"line":42,"column":25},"end":{"line":42,"column":64}},"6":{"start":{"line":51,"column":15},"end":{"line":86,"column":2}}},"fnMap":{"0":{"name":"HomeScreen","decl":{"start":{"line":11,"column":24},"end":{"line":11,"column":34}},"loc":{"start":{"line":11,"column":51},"end":{"line":49,"column":1}},"line":11},"1":{"name":"(anonymous_1)","decl":{"start":{"line":18,"column":19},"end":{"line":18,"column":20}},"loc":{"start":{"line":18,"column":25},"end":{"line":18,"column":57}},"line":18},"2":{"name":"(anonymous_2)","decl":{"start":{"line":24,"column":19},"end":{"line":24,"column":20}},"loc":{"start":{"line":24,"column":25},"end":{"line":24,"column":58}},"line":24},"3":{"name":"(anonymous_3)","decl":{"start":{"line":30,"column":19},"end":{"line":30,"column":20}},"loc":{"start":{"line":30,"column":25},"end":{"line":30,"column":67}},"line":30},"4":{"name":"(anonymous_4)","decl":{"start":{"line":36,"column":19},"end":{"line":36,"column":20}},"loc":{"start":{"line":36,"column":25},"end":{"line":36,"column":64}},"line":36},"5":{"name":"(anonymous_5)","decl":{"start":{"line":42,"column":19},"end":{"line":42,"column":20}},"loc":{"start":{"line":42,"column":25},"end":{"line":42,"column":64}},"line":42}},"branchMap":{},"s":{"0":7,"1":1,"2":1,"3":1,"4":1,"5":1,"6":1},"f":{"0":7,"1":1,"2":1,"3":1,"4":1,"5":1},"b":{},"_coverageSchema":"1a1c01bbd47fc00a2c39e90264f33305004495a9","hash":"94796d9871e28a3949edf12dc6678ed7125c5410"}
,"/Users/mouhamedcoundoul/Downloads/School/3rd Year/Winter 2025/SOEN 390/SOEN-390-Mini-Capstone/components/polygonCoordinates.js": {"path":"/Users/mouhamedcoundoul/Downloads/School/3rd Year/Winter 2025/SOEN 390/SOEN-390-Mini-Capstone/components/polygonCoordinates.js","statementMap":{"0":{"start":{"line":1,"column":24},"end":{"line":827,"column":1}}},"fnMap":{},"branchMap":{},"s":{"0":1},"f":{},"b":{},"_coverageSchema":"1a1c01bbd47fc00a2c39e90264f33305004495a9","hash":"1f0872518bed895fea56beea2dab09df64c943d6"}
}
