TN:
SF:components/CampusMap.js
FN:7,(anonymous_0)
FN:18,(anonymous_1)
FN:21,(anonymous_2)
FN:32,(anonymous_3)
FN:40,(anonymous_4)
FN:41,(anonymous_5)
FN:59,(anonymous_6)
FN:85,(anonymous_7)
FN:93,(anonymous_8)
FN:98,(anonymous_9)
FN:127,(anonymous_10)
FN:143,(anonymous_11)
FNF:12
FNH:12
FNDA:181,(anonymous_0)
FNDA:20634,(anonymous_1)
FNDA:195480,(anonymous_2)
FNDA:10317,(anonymous_3)
FNDA:62,(anonymous_4)
FNDA:62,(anonymous_5)
FNDA:2,(anonymous_6)
FNDA:6783,(anonymous_7)
FNDA:57,(anonymous_8)
FNDA:6783,(anonymous_9)
FNDA:1,(anonymous_10)
FNDA:1,(anonymous_11)
DA:7,1
DA:8,181
DA:9,181
DA:10,181
DA:11,181
DA:14,181
DA:15,181
DA:18,181
DA:19,20634
DA:20,20634
DA:21,20634
DA:22,195480
DA:23,195480
DA:25,20634
DA:32,10317
DA:40,181
DA:41,62
DA:42,62
DA:43,62
DA:44,0
DA:45,0
DA:48,62
DA:49,62
DA:50,62
DA:59,181
DA:60,2
DA:66,2
DA:67,2
DA:70,181
DA:86,6783
DA:93,57
DA:99,6783
DA:127,1
DA:143,1
DA:159,1
LF:35
LH:33
BRDA:43,0,0,0
BRDA:43,0,1,62
BRDA:72,1,0,119
BRDA:72,1,1,62
BRDA:74,2,0,119
BRDA:74,2,1,119
BRDA:112,3,0,181
BRDA:112,3,1,57
BRDA:125,4,0,181
BRDA:125,4,1,1
BRDA:132,5,0,181
BRDA:132,5,1,1
BRDA:141,6,0,181
BRDA:141,6,1,1
BRDA:148,7,0,181
BRDA:148,7,1,1
BRF:16
BRH:15
end_of_record
TN:
SF:components/polygonCoordinates.js
FNF:0
FNH:0
DA:1,1
LF:1
LH:1
BRF:0
BRH:0
end_of_record
