TN:
SF:components/CampusMap.js
FN:7,(anonymous_0)
FN:18,(anonymous_1)
FN:21,(anonymous_2)
FN:32,(anonymous_3)
FN:40,(anonymous_4)
FN:41,(anonymous_5)
FN:59,(anonymous_6)
FN:84,(anonymous_7)
FN:92,(anonymous_8)
FN:96,(anonymous_9)
FN:125,(anonymous_10)
FN:141,(anonymous_11)
FNF:12
FNH:11
FNDA:6,(anonymous_0)
FNDA:684,(anonymous_1)
FNDA:6480,(anonymous_2)
FNDA:342,(anonymous_3)
FNDA:3,(anonymous_4)
FNDA:3,(anonymous_5)
FNDA:2,(anonymous_6)
FNDA:171,(anonymous_7)
FNDA:0,(anonymous_8)
FNDA:171,(anonymous_9)
FNDA:1,(anonymous_10)
FNDA:1,(anonymous_11)
DA:7,1
DA:8,6
DA:9,6
DA:10,6
DA:11,6
DA:14,6
DA:15,6
DA:18,6
DA:19,684
DA:20,684
DA:21,684
DA:22,6480
DA:23,6480
DA:25,684
DA:32,342
DA:40,6
DA:41,3
DA:42,3
DA:43,3
DA:44,0
DA:45,0
DA:48,3
DA:49,3
DA:50,3
DA:59,6
DA:60,2
DA:66,2
DA:67,2
DA:70,6
DA:85,171
DA:92,0
DA:97,171
DA:125,1
DA:141,1
DA:157,1
LF:35
LH:32
BRDA:43,0,0,0
BRDA:43,0,1,3
BRDA:72,1,0,3
BRDA:72,1,1,3
BRDA:74,2,0,3
BRDA:74,2,1,3
BRDA:110,3,0,6
BRDA:110,3,1,0
BRDA:123,4,0,6
BRDA:123,4,1,1
BRDA:130,5,0,6
BRDA:130,5,1,1
BRDA:139,6,0,6
BRDA:139,6,1,1
BRDA:146,7,0,6
BRDA:146,7,1,1
BRF:16
BRH:14
end_of_record
TN:
SF:components/polygonCoordinates.js
FNF:0
FNH:0
DA:1,1
LF:1
LH:1
BRF:0
BRH:0
end_of_record
